<?xml version="1.0" encoding="UTF-8"?>
<robot generator="Robot 3.2.2 (Python 3.8.5 on darwin)" generated="20210108 17:17:39.899" rpa="false">
<suite id="s1" name="Suites">
<suite id="s1-s1" name="RegisterationTest" source="/Users/anrisawada/20projects/automation-robot/POM_Model/TestCases/RegisterationTest.robot">
<test id="s1-s1-t1" name="Registeration Test">
<kw name="Open My Browser" library="RegistrationKeywords">
<arguments>
<arg>${SiteUrl}</arg>
<arg>${Browser}</arg>
</arguments>
<kw name="Open Browser" library="SeleniumLibrary">
<doc>Opens a new browser instance to the optional ``url``.</doc>
<arguments>
<arg>${SiteUrl}</arg>
<arg>${Browser}</arg>
</arguments>
<msg timestamp="20210108 17:17:40.653" level="INFO">Opening browser 'chrome' to base url 'http://demo.guru99.com/test/newtours/'.</msg>
<status status="PASS" starttime="20210108 17:17:40.651" endtime="20210108 17:17:53.660"></status>
</kw>
<kw name="Maximize Browser Window" library="SeleniumLibrary">
<doc>Maximizes current browser window.</doc>
<status status="PASS" starttime="20210108 17:17:53.660" endtime="20210108 17:17:54.133"></status>
</kw>
<status status="PASS" starttime="20210108 17:17:40.650" endtime="20210108 17:17:54.134"></status>
</kw>
<kw name="Click Register Link" library="RegistrationKeywords">
<kw name="Click Link" library="SeleniumLibrary">
<doc>Clicks a link identified by ``locator``.</doc>
<arguments>
<arg>${link_Reg}</arg>
</arguments>
<msg timestamp="20210108 17:17:54.135" level="INFO">Clicking link 'link:REGISTER'.</msg>
<status status="PASS" starttime="20210108 17:17:54.134" endtime="20210108 17:17:56.573"></status>
</kw>
<status status="PASS" starttime="20210108 17:17:54.134" endtime="20210108 17:17:56.573"></status>
</kw>
<kw name="Enter FirstName" library="RegistrationKeywords">
<arguments>
<arg>John</arg>
</arguments>
<kw name="Input Text" library="SeleniumLibrary">
<doc>Types the given ``text`` into the text field identified by ``locator``.</doc>
<arguments>
<arg>${txt_firstName}</arg>
<arg>${FirstName}</arg>
</arguments>
<msg timestamp="20210108 17:17:56.574" level="INFO">Typing text 'John' into text field 'name:firstName'.</msg>
<status status="PASS" starttime="20210108 17:17:56.573" endtime="20210108 17:17:56.804"></status>
</kw>
<status status="PASS" starttime="20210108 17:17:56.573" endtime="20210108 17:17:56.804"></status>
</kw>
<kw name="Enter LastName" library="RegistrationKeywords">
<arguments>
<arg>Doe</arg>
</arguments>
<kw name="Input Text" library="SeleniumLibrary">
<doc>Types the given ``text`` into the text field identified by ``locator``.</doc>
<arguments>
<arg>${txt_lastName}</arg>
<arg>${LastName}</arg>
</arguments>
<msg timestamp="20210108 17:17:56.805" level="INFO">Typing text 'Doe' into text field 'name:lastName'.</msg>
<status status="PASS" starttime="20210108 17:17:56.804" endtime="20210108 17:17:57.023"></status>
</kw>
<status status="PASS" starttime="20210108 17:17:56.804" endtime="20210108 17:17:57.024"></status>
</kw>
<kw name="Enter Phone" library="RegistrationKeywords">
<arguments>
<arg>222-2333-4444</arg>
</arguments>
<kw name="Input Text" library="SeleniumLibrary">
<doc>Types the given ``text`` into the text field identified by ``locator``.</doc>
<arguments>
<arg>${txt_phone}</arg>
<arg>${phone}</arg>
</arguments>
<msg timestamp="20210108 17:17:57.025" level="INFO">Typing text '222-2333-4444' into text field 'name:phone'.</msg>
<status status="PASS" starttime="20210108 17:17:57.024" endtime="20210108 17:17:57.373"></status>
</kw>
<status status="PASS" starttime="20210108 17:17:57.024" endtime="20210108 17:17:57.373"></status>
</kw>
<kw name="Enter Email" library="RegistrationKeywords">
<arguments>
<arg>john.doe@email.com</arg>
</arguments>
<kw name="Input Text" library="SeleniumLibrary">
<doc>Types the given ``text`` into the text field identified by ``locator``.</doc>
<arguments>
<arg>${txt_email}</arg>
<arg>${email}</arg>
</arguments>
<msg timestamp="20210108 17:17:57.374" level="INFO">Typing text 'john.doe@email.com' into text field 'name:userName'.</msg>
<status status="PASS" starttime="20210108 17:17:57.373" endtime="20210108 17:17:57.660"></status>
</kw>
<status status="PASS" starttime="20210108 17:17:57.373" endtime="20210108 17:17:57.661"></status>
</kw>
<kw name="Enter Address" library="RegistrationKeywords">
<arguments>
<arg>1122</arg>
</arguments>
<kw name="Input Text" library="SeleniumLibrary">
<doc>Types the given ``text`` into the text field identified by ``locator``.</doc>
<arguments>
<arg>${txt_add1}</arg>
<arg>${address}</arg>
</arguments>
<msg timestamp="20210108 17:17:57.662" level="INFO">Typing text '1122' into text field 'name:address1'.</msg>
<status status="PASS" starttime="20210108 17:17:57.661" endtime="20210108 17:17:57.754"></status>
</kw>
<status status="PASS" starttime="20210108 17:17:57.661" endtime="20210108 17:17:57.755"></status>
</kw>
<kw name="Enter City" library="RegistrationKeywords">
<arguments>
<arg>BC</arg>
</arguments>
<kw name="Input Text" library="SeleniumLibrary">
<doc>Types the given ``text`` into the text field identified by ``locator``.</doc>
<arguments>
<arg>${txt_city}</arg>
<arg>${city}</arg>
</arguments>
<msg timestamp="20210108 17:17:57.757" level="INFO">Typing text 'BC' into text field 'name:city'.</msg>
<status status="PASS" starttime="20210108 17:17:57.755" endtime="20210108 17:17:57.885"></status>
</kw>
<status status="PASS" starttime="20210108 17:17:57.755" endtime="20210108 17:17:57.886"></status>
</kw>
<kw name="Enter State" library="RegistrationKeywords">
<arguments>
<arg>CUBA</arg>
</arguments>
<kw name="Input Text" library="SeleniumLibrary">
<doc>Types the given ``text`` into the text field identified by ``locator``.</doc>
<arguments>
<arg>${txt_state}</arg>
<arg>${state}</arg>
</arguments>
<msg timestamp="20210108 17:17:57.887" level="INFO">Typing text 'CUBA' into text field 'name:state'.</msg>
<status status="PASS" starttime="20210108 17:17:57.886" endtime="20210108 17:17:57.978"></status>
</kw>
<status status="PASS" starttime="20210108 17:17:57.886" endtime="20210108 17:17:57.979"></status>
</kw>
<kw name="Enter Postal Code" library="RegistrationKeywords">
<arguments>
<arg>77777</arg>
</arguments>
<kw name="Input Text" library="SeleniumLibrary">
<doc>Types the given ``text`` into the text field identified by ``locator``.</doc>
<arguments>
<arg>${txt_postCode}</arg>
<arg>${postalCode}</arg>
</arguments>
<msg timestamp="20210108 17:17:57.979" level="INFO">Typing text '77777' into text field 'name:postalCode'.</msg>
<status status="PASS" starttime="20210108 17:17:57.979" endtime="20210108 17:17:58.054"></status>
</kw>
<status status="PASS" starttime="20210108 17:17:57.979" endtime="20210108 17:17:58.054"></status>
</kw>
<kw name="Select Country" library="RegistrationKeywords">
<arguments>
<arg>CUBA</arg>
</arguments>
<kw name="Select From List By Label" library="SeleniumLibrary">
<doc>Selects options from selection list ``locator`` by ``labels``.</doc>
<arguments>
<arg>${drp_country}</arg>
<arg>${country}</arg>
</arguments>
<msg timestamp="20210108 17:17:58.055" level="INFO">Selecting options from selection list 'name:country' by label CUBA.</msg>
<status status="PASS" starttime="20210108 17:17:58.055" endtime="20210108 17:17:58.124"></status>
</kw>
<status status="PASS" starttime="20210108 17:17:58.054" endtime="20210108 17:17:58.124"></status>
</kw>
<kw name="Enter UserName" library="RegistrationKeywords">
<arguments>
<arg>xyz</arg>
</arguments>
<kw name="Input Text" library="SeleniumLibrary">
<doc>Types the given ``text`` into the text field identified by ``locator``.</doc>
<arguments>
<arg>${txt_userName}</arg>
<arg>${username}</arg>
</arguments>
<msg timestamp="20210108 17:17:58.125" level="INFO">Typing text 'xyz' into text field 'name:email'.</msg>
<status status="PASS" starttime="20210108 17:17:58.125" endtime="20210108 17:17:58.204"></status>
</kw>
<status status="PASS" starttime="20210108 17:17:58.124" endtime="20210108 17:17:58.204"></status>
</kw>
<kw name="Enter Password" library="RegistrationKeywords">
<arguments>
<arg>password1</arg>
</arguments>
<kw name="Input Text" library="SeleniumLibrary">
<doc>Types the given ``text`` into the text field identified by ``locator``.</doc>
<arguments>
<arg>${txt_password}</arg>
<arg>${password}</arg>
</arguments>
<msg timestamp="20210108 17:17:58.206" level="INFO">Typing text 'password1' into text field 'name:password'.</msg>
<status status="PASS" starttime="20210108 17:17:58.205" endtime="20210108 17:17:58.313"></status>
</kw>
<status status="PASS" starttime="20210108 17:17:58.205" endtime="20210108 17:17:58.313"></status>
</kw>
<kw name="Enter Confirmed Password" library="RegistrationKeywords">
<arguments>
<arg>password1</arg>
</arguments>
<kw name="Input Text" library="SeleniumLibrary">
<doc>Types the given ``text`` into the text field identified by ``locator``.</doc>
<arguments>
<arg>${txt_confirmedPassword}</arg>
<arg>${confirmedPassword}</arg>
</arguments>
<msg timestamp="20210108 17:17:58.314" level="INFO">Typing text 'password1' into text field 'name:confirmPassword'.</msg>
<status status="PASS" starttime="20210108 17:17:58.314" endtime="20210108 17:17:58.402"></status>
</kw>
<status status="PASS" starttime="20210108 17:17:58.314" endtime="20210108 17:17:58.402"></status>
</kw>
<kw name="Click Submit Button" library="RegistrationKeywords">
<kw name="Click Button" library="SeleniumLibrary">
<doc>Clicks the button identified by ``locator``.</doc>
<arguments>
<arg>${btn_submit}</arg>
</arguments>
<msg timestamp="20210108 17:17:58.403" level="INFO">Clicking button 'xpath://input[@name='submit']'.</msg>
<status status="PASS" starttime="20210108 17:17:58.402" endtime="20210108 17:17:59.673"></status>
</kw>
<status status="PASS" starttime="20210108 17:17:58.402" endtime="20210108 17:17:59.673"></status>
</kw>
<kw name="Verify Successful Registration" library="RegistrationKeywords">
<kw name="Page Should Contain" library="SeleniumLibrary">
<doc>Verifies that current page contains ``text``.</doc>
<arguments>
<arg>Thank you for registering.</arg>
</arguments>
<msg timestamp="20210108 17:17:59.692" level="INFO">Current page contains text 'Thank you for registering.'.</msg>
<status status="PASS" starttime="20210108 17:17:59.674" endtime="20210108 17:17:59.693"></status>
</kw>
<status status="PASS" starttime="20210108 17:17:59.673" endtime="20210108 17:17:59.693"></status>
</kw>
<kw name="Close My Browsers" library="RegistrationKeywords">
<kw name="Close All Browsers" library="SeleniumLibrary">
<doc>Closes all open browsers and resets the browser cache.</doc>
<status status="PASS" starttime="20210108 17:17:59.694" endtime="20210108 17:18:00.160"></status>
</kw>
<status status="PASS" starttime="20210108 17:17:59.693" endtime="20210108 17:18:00.160"></status>
</kw>
<status status="PASS" starttime="20210108 17:17:40.649" endtime="20210108 17:18:00.161" critical="yes"></status>
</test>
<status status="PASS" starttime="20210108 17:17:39.995" endtime="20210108 17:18:00.162"></status>
</suite>
<status status="PASS" starttime="20210108 17:17:39.901" endtime="20210108 17:18:00.165"></status>
</suite>
<statistics>
<total>
<stat pass="1" fail="0">Critical Tests</stat>
<stat pass="1" fail="0">All Tests</stat>
</total>
<tag>
</tag>
<suite>
<stat pass="1" fail="0" id="s1" name="Suites">Suites</stat>
<stat pass="1" fail="0" id="s1-s1" name="RegisterationTest">Suites.RegisterationTest</stat>
</suite>
</statistics>
<errors>
</errors>
</robot>
