<?xml version="1.0" encoding="UTF-8"?>
<robot generator="Robot 3.2.2 (Python 3.8.5 on darwin)" generated="20210105 10:50:30.064" rpa="false">
<suite id="s1" name="RegisterationTest" source="/Users/anrisawada/20projects/automation-robot/POM_Model/TestCases/RegisterationTest.robot">
<test id="s1-t1" name="Registeration Test">
<kw name="Open My Browser" library="RegistrationKeywords">
<arguments>
<arg>${SiteUrl}</arg>
<arg>${Browser}</arg>
</arguments>
<kw name="Open Browser" library="SeleniumLibrary">
<doc>Opens a new browser instance to the optional ``url``.</doc>
<arguments>
<arg>${SiteUrl}</arg>
<arg>${Browser}</arg>
</arguments>
<msg timestamp="20210105 10:50:30.255" level="INFO">Opening browser 'chrome' to base url 'http://demo.guru99.com/test/newtours/'.</msg>
<status status="PASS" starttime="20210105 10:50:30.254" endtime="20210105 10:50:34.420"></status>
</kw>
<kw name="Maximize Browser Window" library="SeleniumLibrary">
<doc>Maximizes current browser window.</doc>
<status status="PASS" starttime="20210105 10:50:34.420" endtime="20210105 10:50:34.726"></status>
</kw>
<status status="PASS" starttime="20210105 10:50:30.254" endtime="20210105 10:50:34.727"></status>
</kw>
<kw name="Click Register Link" library="RegistrationKeywords">
<kw name="Click Link" library="SeleniumLibrary">
<doc>Clicks a link identified by ``locator``.</doc>
<arguments>
<arg>${link_Reg}</arg>
</arguments>
<msg timestamp="20210105 10:50:34.728" level="INFO">Clicking link 'link:REGISTER'.</msg>
<status status="PASS" starttime="20210105 10:50:34.728" endtime="20210105 10:50:35.774"></status>
</kw>
<status status="PASS" starttime="20210105 10:50:34.727" endtime="20210105 10:50:35.774"></status>
</kw>
<kw name="Enter FirstName" library="RegistrationKeywords">
<arguments>
<arg>John</arg>
</arguments>
<kw name="Input Text" library="SeleniumLibrary">
<doc>Types the given ``text`` into the text field identified by ``locator``.</doc>
<arguments>
<arg>${txt_firstName}</arg>
<arg>${FirstName}</arg>
</arguments>
<msg timestamp="20210105 10:50:35.776" level="INFO">Typing text 'John' into text field 'name:firstName'.</msg>
<status status="PASS" starttime="20210105 10:50:35.775" endtime="20210105 10:50:36.107"></status>
</kw>
<status status="PASS" starttime="20210105 10:50:35.774" endtime="20210105 10:50:36.107"></status>
</kw>
<kw name="Enter LastName" library="RegistrationKeywords">
<arguments>
<arg>Doe</arg>
</arguments>
<kw name="Input Text" library="SeleniumLibrary">
<doc>Types the given ``text`` into the text field identified by ``locator``.</doc>
<arguments>
<arg>${txt_lastName}</arg>
<arg>${LastName}</arg>
</arguments>
<msg timestamp="20210105 10:50:36.108" level="INFO">Typing text 'Doe' into text field 'name:lastName'.</msg>
<status status="PASS" starttime="20210105 10:50:36.108" endtime="20210105 10:50:36.218"></status>
</kw>
<status status="PASS" starttime="20210105 10:50:36.107" endtime="20210105 10:50:36.218"></status>
</kw>
<kw name="Enter Phone" library="RegistrationKeywords">
<arguments>
<arg>222-2333-4444</arg>
</arguments>
<kw name="Input Text" library="SeleniumLibrary">
<doc>Types the given ``text`` into the text field identified by ``locator``.</doc>
<arguments>
<arg>${txt_phone}</arg>
<arg>${phone}</arg>
</arguments>
<msg timestamp="20210105 10:50:36.219" level="INFO">Typing text '222-2333-4444' into text field 'name:phone'.</msg>
<status status="PASS" starttime="20210105 10:50:36.219" endtime="20210105 10:50:36.431"></status>
</kw>
<status status="PASS" starttime="20210105 10:50:36.218" endtime="20210105 10:50:36.431"></status>
</kw>
<kw name="Enter Email" library="RegistrationKeywords">
<arguments>
<arg>john.doe@email.com</arg>
</arguments>
<kw name="Input Text" library="SeleniumLibrary">
<doc>Types the given ``text`` into the text field identified by ``locator``.</doc>
<arguments>
<arg>${txt_email}</arg>
<arg>${email}</arg>
</arguments>
<msg timestamp="20210105 10:50:36.432" level="INFO">Typing text 'john.doe@email.com' into text field 'name:userName'.</msg>
<status status="PASS" starttime="20210105 10:50:36.432" endtime="20210105 10:50:36.561"></status>
</kw>
<status status="PASS" starttime="20210105 10:50:36.432" endtime="20210105 10:50:36.561"></status>
</kw>
<kw name="Enter Address" library="RegistrationKeywords">
<arguments>
<arg>1122</arg>
</arguments>
<kw name="Input Text" library="SeleniumLibrary">
<doc>Types the given ``text`` into the text field identified by ``locator``.</doc>
<arguments>
<arg>${txt_add1}</arg>
<arg>${address}</arg>
</arguments>
<msg timestamp="20210105 10:50:36.563" level="INFO">Typing text '1122' into text field 'name:address1'.</msg>
<status status="PASS" starttime="20210105 10:50:36.562" endtime="20210105 10:50:36.647"></status>
</kw>
<status status="PASS" starttime="20210105 10:50:36.562" endtime="20210105 10:50:36.648"></status>
</kw>
<kw name="Enter City" library="RegistrationKeywords">
<arguments>
<arg>BC</arg>
</arguments>
<kw name="Input Text" library="SeleniumLibrary">
<doc>Types the given ``text`` into the text field identified by ``locator``.</doc>
<arguments>
<arg>${txt_city}</arg>
<arg>${city}</arg>
</arguments>
<msg timestamp="20210105 10:50:36.649" level="INFO">Typing text 'BC' into text field 'name:city'.</msg>
<status status="PASS" starttime="20210105 10:50:36.648" endtime="20210105 10:50:36.747"></status>
</kw>
<status status="PASS" starttime="20210105 10:50:36.648" endtime="20210105 10:50:36.748"></status>
</kw>
<kw name="Enter State" library="RegistrationKeywords">
<arguments>
<arg>CUBA</arg>
</arguments>
<kw name="Input Text" library="SeleniumLibrary">
<doc>Types the given ``text`` into the text field identified by ``locator``.</doc>
<arguments>
<arg>${txt_state}</arg>
<arg>${state}</arg>
</arguments>
<msg timestamp="20210105 10:50:36.749" level="INFO">Typing text 'CUBA' into text field 'name:state'.</msg>
<status status="PASS" starttime="20210105 10:50:36.749" endtime="20210105 10:50:36.835"></status>
</kw>
<status status="PASS" starttime="20210105 10:50:36.748" endtime="20210105 10:50:36.835"></status>
</kw>
<kw name="Enter Postal Code" library="RegistrationKeywords">
<arguments>
<arg>77777</arg>
</arguments>
<kw name="Input Text" library="SeleniumLibrary">
<doc>Types the given ``text`` into the text field identified by ``locator``.</doc>
<arguments>
<arg>${txt_postCode}</arg>
<arg>${postalCode}</arg>
</arguments>
<msg timestamp="20210105 10:50:36.836" level="INFO">Typing text '77777' into text field 'name:postalCode'.</msg>
<status status="PASS" starttime="20210105 10:50:36.836" endtime="20210105 10:50:36.920"></status>
</kw>
<status status="PASS" starttime="20210105 10:50:36.835" endtime="20210105 10:50:36.920"></status>
</kw>
<kw name="Select Country" library="RegistrationKeywords">
<arguments>
<arg>CUBA</arg>
</arguments>
<kw name="Select From List By Label" library="SeleniumLibrary">
<doc>Selects options from selection list ``locator`` by ``labels``.</doc>
<arguments>
<arg>${drp_country}</arg>
<arg>${country}</arg>
</arguments>
<msg timestamp="20210105 10:50:36.921" level="INFO">Selecting options from selection list 'name:country' by label CUBA.</msg>
<status status="PASS" starttime="20210105 10:50:36.921" endtime="20210105 10:50:36.988"></status>
</kw>
<status status="PASS" starttime="20210105 10:50:36.920" endtime="20210105 10:50:36.988"></status>
</kw>
<kw name="Enter UserName" library="RegistrationKeywords">
<arguments>
<arg>xyz</arg>
</arguments>
<kw name="Input Text" library="SeleniumLibrary">
<doc>Types the given ``text`` into the text field identified by ``locator``.</doc>
<arguments>
<arg>${txt_userName}</arg>
<arg>${username}</arg>
</arguments>
<msg timestamp="20210105 10:50:36.989" level="INFO">Typing text 'xyz' into text field 'name:email'.</msg>
<status status="PASS" starttime="20210105 10:50:36.989" endtime="20210105 10:50:37.159"></status>
</kw>
<status status="PASS" starttime="20210105 10:50:36.988" endtime="20210105 10:50:37.159"></status>
</kw>
<kw name="Enter Password" library="RegistrationKeywords">
<arguments>
<arg>password1</arg>
</arguments>
<kw name="Input Text" library="SeleniumLibrary">
<doc>Types the given ``text`` into the text field identified by ``locator``.</doc>
<arguments>
<arg>${txt_password}</arg>
<arg>${password}</arg>
</arguments>
<msg timestamp="20210105 10:50:37.160" level="INFO">Typing text 'password1' into text field 'name:password'.</msg>
<status status="PASS" starttime="20210105 10:50:37.160" endtime="20210105 10:50:37.256"></status>
</kw>
<status status="PASS" starttime="20210105 10:50:37.159" endtime="20210105 10:50:37.256"></status>
</kw>
<kw name="Enter Confirmed Password" library="RegistrationKeywords">
<arguments>
<arg>password1</arg>
</arguments>
<kw name="Input Text" library="SeleniumLibrary">
<doc>Types the given ``text`` into the text field identified by ``locator``.</doc>
<arguments>
<arg>${txt_confirmedPassword}</arg>
<arg>${confirmedPassword}</arg>
</arguments>
<msg timestamp="20210105 10:50:37.257" level="INFO">Typing text 'password1' into text field 'name:confirmPassword'.</msg>
<status status="PASS" starttime="20210105 10:50:37.257" endtime="20210105 10:50:37.338"></status>
</kw>
<status status="PASS" starttime="20210105 10:50:37.256" endtime="20210105 10:50:37.339"></status>
</kw>
<kw name="Click Submit Button" library="RegistrationKeywords">
<kw name="Click Button" library="SeleniumLibrary">
<doc>Clicks the button identified by ``locator``.</doc>
<arguments>
<arg>${btn_submit}</arg>
</arguments>
<msg timestamp="20210105 10:50:37.339" level="INFO">Clicking button 'xpath://input[@name='submit']'.</msg>
<status status="PASS" starttime="20210105 10:50:37.339" endtime="20210105 10:50:38.711"></status>
</kw>
<status status="PASS" starttime="20210105 10:50:37.339" endtime="20210105 10:50:38.712"></status>
</kw>
<kw name="Verify Successful Registration" library="RegistrationKeywords">
<kw name="Page Should Contain" library="SeleniumLibrary">
<doc>Verifies that current page contains ``text``.</doc>
<arguments>
<arg>Thank you for registering.</arg>
</arguments>
<msg timestamp="20210105 10:50:38.732" level="INFO">Current page contains text 'Thank you for registering.'.</msg>
<status status="PASS" starttime="20210105 10:50:38.713" endtime="20210105 10:50:38.733"></status>
</kw>
<status status="PASS" starttime="20210105 10:50:38.712" endtime="20210105 10:50:38.733"></status>
</kw>
<kw name="Close My Browsers" library="RegistrationKeywords">
<kw name="Close All Browsers" library="SeleniumLibrary">
<doc>Closes all open browsers and resets the browser cache.</doc>
<status status="PASS" starttime="20210105 10:50:38.734" endtime="20210105 10:50:39.065"></status>
</kw>
<status status="PASS" starttime="20210105 10:50:38.733" endtime="20210105 10:50:39.065"></status>
</kw>
<status status="PASS" starttime="20210105 10:50:30.253" endtime="20210105 10:50:39.067" critical="yes"></status>
</test>
<status status="PASS" starttime="20210105 10:50:30.066" endtime="20210105 10:50:39.068"></status>
</suite>
<statistics>
<total>
<stat pass="1" fail="0">Critical Tests</stat>
<stat pass="1" fail="0">All Tests</stat>
</total>
<tag>
</tag>
<suite>
<stat pass="1" fail="0" id="s1" name="RegisterationTest">RegisterationTest</stat>
</suite>
</statistics>
<errors>
</errors>
</robot>
