<?xml version="1.0" encoding="UTF-8"?>
<robot generator="Robot 3.2.2 (Python 3.8.5 on darwin)" generated="20210110 12:59:32.798" rpa="false">
<suite id="s1" name="LoginTest &amp; RegisterationTest">
<suite id="s1-s1" name="LoginTest" source="/Users/anrisawada/20projects/automation-robot/POM_Model/TestCases/LoginTest.robot">
<test id="s1-s1-t1" name="Login Test">
<kw name="Open My Browser" library="LoginKeywords">
<arguments>
<arg>${SiteUrl}</arg>
<arg>${Browser}</arg>
</arguments>
<kw name="Open Browser" library="SeleniumLibrary">
<doc>Opens a new browser instance to the optional ``url``.</doc>
<arguments>
<arg>${SiteUrl}</arg>
<arg>${Browser}</arg>
</arguments>
<msg timestamp="20210110 12:59:33.201" level="INFO">Opening browser 'headlessfirefox' to base url 'http://demo.guru99.com/test/newtours/'.</msg>
<msg timestamp="20210110 12:59:33.204" level="INFO">Firefox driver log is always forced to to: /Users/anrisawada/20projects/automation-robot/POM_Model/geckodriver-2.log</msg>
<status status="PASS" starttime="20210110 12:59:33.201" endtime="20210110 12:59:39.435"></status>
</kw>
<kw name="Maximize Browser Window" library="SeleniumLibrary">
<doc>Maximizes current browser window.</doc>
<status status="PASS" starttime="20210110 12:59:39.435" endtime="20210110 12:59:39.443"></status>
</kw>
<status status="PASS" starttime="20210110 12:59:33.200" endtime="20210110 12:59:39.444"></status>
</kw>
<kw name="Enter UserName" library="LoginKeywords">
<arguments>
<arg>${user}</arg>
</arguments>
<kw name="Input Text" library="SeleniumLibrary">
<doc>Types the given ``text`` into the text field identified by ``locator``.</doc>
<arguments>
<arg>${txt_loginUserName}</arg>
<arg>${username}</arg>
</arguments>
<msg timestamp="20210110 12:59:39.445" level="INFO">Typing text 'tutorial' into text field 'name:userName'.</msg>
<status status="PASS" starttime="20210110 12:59:39.445" endtime="20210110 12:59:39.539"></status>
</kw>
<status status="PASS" starttime="20210110 12:59:39.444" endtime="20210110 12:59:39.539"></status>
</kw>
<kw name="Enter Password" library="LoginKeywords">
<arguments>
<arg>${pwd}</arg>
</arguments>
<kw name="Input Text" library="SeleniumLibrary">
<doc>Types the given ``text`` into the text field identified by ``locator``.</doc>
<arguments>
<arg>${txt_loginpassword}</arg>
<arg>${password}</arg>
</arguments>
<msg timestamp="20210110 12:59:39.542" level="INFO">Typing text 'tutorial' into text field 'name:password'.</msg>
<status status="PASS" starttime="20210110 12:59:39.540" endtime="20210110 12:59:39.589"></status>
</kw>
<status status="PASS" starttime="20210110 12:59:39.540" endtime="20210110 12:59:39.589"></status>
</kw>
<kw name="Click SignIn" library="LoginKeywords">
<kw name="Click Button" library="SeleniumLibrary">
<doc>Clicks the button identified by ``locator``.</doc>
<arguments>
<arg>${btn_signIn}</arg>
</arguments>
<msg timestamp="20210110 12:59:39.590" level="INFO">Clicking button 'xpath://input[@name='submit']'.</msg>
<status status="PASS" starttime="20210110 12:59:39.590" endtime="20210110 12:59:40.777"></status>
</kw>
<status status="PASS" starttime="20210110 12:59:39.589" endtime="20210110 12:59:40.778"></status>
</kw>
<kw name="Sleep" library="BuiltIn">
<doc>Pauses the test executed for the given time.</doc>
<arguments>
<arg>2s</arg>
</arguments>
<msg timestamp="20210110 12:59:42.779" level="INFO">Slept 2 seconds</msg>
<status status="PASS" starttime="20210110 12:59:40.778" endtime="20210110 12:59:42.779"></status>
</kw>
<kw name="Verify Successful Login" library="LoginKeywords">
<kw name="Title Should Be" library="SeleniumLibrary">
<doc>Verifies that the current page title equals ``title``.</doc>
<arguments>
<arg>Login: Mercury Tours</arg>
</arguments>
<msg timestamp="20210110 12:59:42.783" level="INFO">Page title is 'Login: Mercury Tours'.</msg>
<status status="PASS" starttime="20210110 12:59:42.780" endtime="20210110 12:59:42.783"></status>
</kw>
<status status="PASS" starttime="20210110 12:59:42.779" endtime="20210110 12:59:42.783"></status>
</kw>
<kw name="Close My Browsers" library="LoginKeywords">
<kw name="Close All Browsers" library="SeleniumLibrary">
<doc>Closes all open browsers and resets the browser cache.</doc>
<status status="PASS" starttime="20210110 12:59:42.784" endtime="20210110 12:59:43.297"></status>
</kw>
<status status="PASS" starttime="20210110 12:59:42.783" endtime="20210110 12:59:43.297"></status>
</kw>
<status status="PASS" starttime="20210110 12:59:33.199" endtime="20210110 12:59:43.298" critical="yes"></status>
</test>
<status status="PASS" starttime="20210110 12:59:32.844" endtime="20210110 12:59:43.300"></status>
</suite>
<suite id="s1-s2" name="RegisterationTest" source="/Users/anrisawada/20projects/automation-robot/POM_Model/TestCases/RegisterationTest.robot">
<test id="s1-s2-t1" name="Registeration Test">
<kw name="Open My Browser" library="RegistrationKeywords">
<arguments>
<arg>${SiteUrl}</arg>
<arg>${Browser}</arg>
</arguments>
<kw name="Open Browser" library="SeleniumLibrary">
<doc>Opens a new browser instance to the optional ``url``.</doc>
<arguments>
<arg>${SiteUrl}</arg>
<arg>${Browser}</arg>
</arguments>
<msg timestamp="20210110 12:59:43.324" level="INFO">Opening browser 'headlesschrome' to base url 'http://demo.guru99.com/test/newtours/'.</msg>
<status status="PASS" starttime="20210110 12:59:43.323" endtime="20210110 12:59:46.136"></status>
</kw>
<kw name="Maximize Browser Window" library="SeleniumLibrary">
<doc>Maximizes current browser window.</doc>
<status status="PASS" starttime="20210110 12:59:46.136" endtime="20210110 12:59:46.242"></status>
</kw>
<status status="PASS" starttime="20210110 12:59:43.322" endtime="20210110 12:59:46.242"></status>
</kw>
<kw name="Click Register Link" library="RegistrationKeywords">
<kw name="Click Link" library="SeleniumLibrary">
<doc>Clicks a link identified by ``locator``.</doc>
<arguments>
<arg>${link_Reg}</arg>
</arguments>
<msg timestamp="20210110 12:59:46.243" level="INFO">Clicking link 'link:REGISTER'.</msg>
<status status="PASS" starttime="20210110 12:59:46.243" endtime="20210110 12:59:47.267"></status>
</kw>
<status status="PASS" starttime="20210110 12:59:46.242" endtime="20210110 12:59:47.267"></status>
</kw>
<kw name="Enter FirstName" library="RegistrationKeywords">
<arguments>
<arg>John</arg>
</arguments>
<kw name="Input Text" library="SeleniumLibrary">
<doc>Types the given ``text`` into the text field identified by ``locator``.</doc>
<arguments>
<arg>${txt_firstName}</arg>
<arg>${FirstName}</arg>
</arguments>
<msg timestamp="20210110 12:59:47.268" level="INFO">Typing text 'John' into text field 'name:firstName'.</msg>
<status status="PASS" starttime="20210110 12:59:47.268" endtime="20210110 12:59:47.551"></status>
</kw>
<status status="PASS" starttime="20210110 12:59:47.268" endtime="20210110 12:59:47.551"></status>
</kw>
<kw name="Enter LastName" library="RegistrationKeywords">
<arguments>
<arg>Doe</arg>
</arguments>
<kw name="Input Text" library="SeleniumLibrary">
<doc>Types the given ``text`` into the text field identified by ``locator``.</doc>
<arguments>
<arg>${txt_lastName}</arg>
<arg>${LastName}</arg>
</arguments>
<msg timestamp="20210110 12:59:47.552" level="INFO">Typing text 'Doe' into text field 'name:lastName'.</msg>
<status status="PASS" starttime="20210110 12:59:47.551" endtime="20210110 12:59:47.640"></status>
</kw>
<status status="PASS" starttime="20210110 12:59:47.551" endtime="20210110 12:59:47.640"></status>
</kw>
<kw name="Enter Phone" library="RegistrationKeywords">
<arguments>
<arg>222-2333-4444</arg>
</arguments>
<kw name="Input Text" library="SeleniumLibrary">
<doc>Types the given ``text`` into the text field identified by ``locator``.</doc>
<arguments>
<arg>${txt_phone}</arg>
<arg>${phone}</arg>
</arguments>
<msg timestamp="20210110 12:59:47.641" level="INFO">Typing text '222-2333-4444' into text field 'name:phone'.</msg>
<status status="PASS" starttime="20210110 12:59:47.641" endtime="20210110 12:59:47.715"></status>
</kw>
<status status="PASS" starttime="20210110 12:59:47.640" endtime="20210110 12:59:47.715"></status>
</kw>
<kw name="Enter Email" library="RegistrationKeywords">
<arguments>
<arg>john.doe@email.com</arg>
</arguments>
<kw name="Input Text" library="SeleniumLibrary">
<doc>Types the given ``text`` into the text field identified by ``locator``.</doc>
<arguments>
<arg>${txt_email}</arg>
<arg>${email}</arg>
</arguments>
<msg timestamp="20210110 12:59:47.716" level="INFO">Typing text 'john.doe@email.com' into text field 'name:userName'.</msg>
<status status="PASS" starttime="20210110 12:59:47.715" endtime="20210110 12:59:47.798"></status>
</kw>
<status status="PASS" starttime="20210110 12:59:47.715" endtime="20210110 12:59:47.799"></status>
</kw>
<kw name="Enter Address" library="RegistrationKeywords">
<arguments>
<arg>1122</arg>
</arguments>
<kw name="Input Text" library="SeleniumLibrary">
<doc>Types the given ``text`` into the text field identified by ``locator``.</doc>
<arguments>
<arg>${txt_add1}</arg>
<arg>${address}</arg>
</arguments>
<msg timestamp="20210110 12:59:47.799" level="INFO">Typing text '1122' into text field 'name:address1'.</msg>
<status status="PASS" starttime="20210110 12:59:47.799" endtime="20210110 12:59:47.875"></status>
</kw>
<status status="PASS" starttime="20210110 12:59:47.799" endtime="20210110 12:59:47.875"></status>
</kw>
<kw name="Enter City" library="RegistrationKeywords">
<arguments>
<arg>BC</arg>
</arguments>
<kw name="Input Text" library="SeleniumLibrary">
<doc>Types the given ``text`` into the text field identified by ``locator``.</doc>
<arguments>
<arg>${txt_city}</arg>
<arg>${city}</arg>
</arguments>
<msg timestamp="20210110 12:59:47.876" level="INFO">Typing text 'BC' into text field 'name:city'.</msg>
<status status="PASS" starttime="20210110 12:59:47.876" endtime="20210110 12:59:47.963"></status>
</kw>
<status status="PASS" starttime="20210110 12:59:47.875" endtime="20210110 12:59:47.963"></status>
</kw>
<kw name="Enter State" library="RegistrationKeywords">
<arguments>
<arg>CUBA</arg>
</arguments>
<kw name="Input Text" library="SeleniumLibrary">
<doc>Types the given ``text`` into the text field identified by ``locator``.</doc>
<arguments>
<arg>${txt_state}</arg>
<arg>${state}</arg>
</arguments>
<msg timestamp="20210110 12:59:47.964" level="INFO">Typing text 'CUBA' into text field 'name:state'.</msg>
<status status="PASS" starttime="20210110 12:59:47.964" endtime="20210110 12:59:48.035"></status>
</kw>
<status status="PASS" starttime="20210110 12:59:47.963" endtime="20210110 12:59:48.036"></status>
</kw>
<kw name="Enter Postal Code" library="RegistrationKeywords">
<arguments>
<arg>77777</arg>
</arguments>
<kw name="Input Text" library="SeleniumLibrary">
<doc>Types the given ``text`` into the text field identified by ``locator``.</doc>
<arguments>
<arg>${txt_postCode}</arg>
<arg>${postalCode}</arg>
</arguments>
<msg timestamp="20210110 12:59:48.037" level="INFO">Typing text '77777' into text field 'name:postalCode'.</msg>
<status status="PASS" starttime="20210110 12:59:48.036" endtime="20210110 12:59:48.109"></status>
</kw>
<status status="PASS" starttime="20210110 12:59:48.036" endtime="20210110 12:59:48.109"></status>
</kw>
<kw name="Select Country" library="RegistrationKeywords">
<arguments>
<arg>CUBA</arg>
</arguments>
<kw name="Select From List By Label" library="SeleniumLibrary">
<doc>Selects options from selection list ``locator`` by ``labels``.</doc>
<arguments>
<arg>${drp_country}</arg>
<arg>${country}</arg>
</arguments>
<msg timestamp="20210110 12:59:48.110" level="INFO">Selecting options from selection list 'name:country' by label CUBA.</msg>
<status status="PASS" starttime="20210110 12:59:48.110" endtime="20210110 12:59:48.170"></status>
</kw>
<status status="PASS" starttime="20210110 12:59:48.109" endtime="20210110 12:59:48.170"></status>
</kw>
<kw name="Enter UserName" library="RegistrationKeywords">
<arguments>
<arg>xyz</arg>
</arguments>
<kw name="Input Text" library="SeleniumLibrary">
<doc>Types the given ``text`` into the text field identified by ``locator``.</doc>
<arguments>
<arg>${txt_userName}</arg>
<arg>${username}</arg>
</arguments>
<msg timestamp="20210110 12:59:48.171" level="INFO">Typing text 'xyz' into text field 'name:email'.</msg>
<status status="PASS" starttime="20210110 12:59:48.171" endtime="20210110 12:59:48.233"></status>
</kw>
<status status="PASS" starttime="20210110 12:59:48.171" endtime="20210110 12:59:48.233"></status>
</kw>
<kw name="Enter Password" library="RegistrationKeywords">
<arguments>
<arg>password1</arg>
</arguments>
<kw name="Input Text" library="SeleniumLibrary">
<doc>Types the given ``text`` into the text field identified by ``locator``.</doc>
<arguments>
<arg>${txt_password}</arg>
<arg>${password}</arg>
</arguments>
<msg timestamp="20210110 12:59:48.234" level="INFO">Typing text 'password1' into text field 'name:password'.</msg>
<status status="PASS" starttime="20210110 12:59:48.234" endtime="20210110 12:59:48.315"></status>
</kw>
<status status="PASS" starttime="20210110 12:59:48.233" endtime="20210110 12:59:48.315"></status>
</kw>
<kw name="Enter Confirmed Password" library="RegistrationKeywords">
<arguments>
<arg>password1</arg>
</arguments>
<kw name="Input Text" library="SeleniumLibrary">
<doc>Types the given ``text`` into the text field identified by ``locator``.</doc>
<arguments>
<arg>${txt_confirmedPassword}</arg>
<arg>${confirmedPassword}</arg>
</arguments>
<msg timestamp="20210110 12:59:48.316" level="INFO">Typing text 'password1' into text field 'name:confirmPassword'.</msg>
<status status="PASS" starttime="20210110 12:59:48.315" endtime="20210110 12:59:48.384"></status>
</kw>
<status status="PASS" starttime="20210110 12:59:48.315" endtime="20210110 12:59:48.384"></status>
</kw>
<kw name="Click Submit Button" library="RegistrationKeywords">
<kw name="Click Button" library="SeleniumLibrary">
<doc>Clicks the button identified by ``locator``.</doc>
<arguments>
<arg>${btn_submit}</arg>
</arguments>
<msg timestamp="20210110 12:59:48.385" level="INFO">Clicking button 'xpath://input[@name='submit']'.</msg>
<status status="PASS" starttime="20210110 12:59:48.385" endtime="20210110 12:59:49.590"></status>
</kw>
<status status="PASS" starttime="20210110 12:59:48.385" endtime="20210110 12:59:49.590"></status>
</kw>
<kw name="Verify Successful Registration" library="RegistrationKeywords">
<kw name="Page Should Contain" library="SeleniumLibrary">
<doc>Verifies that current page contains ``text``.</doc>
<arguments>
<arg>Thank you for registering.</arg>
</arguments>
<msg timestamp="20210110 12:59:49.674" level="INFO">Current page contains text 'Thank you for registering.'.</msg>
<status status="PASS" starttime="20210110 12:59:49.591" endtime="20210110 12:59:49.674"></status>
</kw>
<status status="PASS" starttime="20210110 12:59:49.591" endtime="20210110 12:59:49.674"></status>
</kw>
<kw name="Close My Browsers" library="RegistrationKeywords">
<kw name="Close All Browsers" library="SeleniumLibrary">
<doc>Closes all open browsers and resets the browser cache.</doc>
<status status="PASS" starttime="20210110 12:59:49.675" endtime="20210110 12:59:49.750"></status>
</kw>
<status status="PASS" starttime="20210110 12:59:49.675" endtime="20210110 12:59:49.751"></status>
</kw>
<status status="PASS" starttime="20210110 12:59:43.322" endtime="20210110 12:59:49.751" critical="yes"></status>
</test>
<status status="PASS" starttime="20210110 12:59:43.303" endtime="20210110 12:59:49.752"></status>
</suite>
<status status="PASS" starttime="20210110 12:59:32.811" endtime="20210110 12:59:49.754"></status>
</suite>
<statistics>
<total>
<stat pass="2" fail="0">Critical Tests</stat>
<stat pass="2" fail="0">All Tests</stat>
</total>
<tag>
</tag>
<suite>
<stat pass="2" fail="0" id="s1" name="LoginTest &amp; RegisterationTest">LoginTest &amp; RegisterationTest</stat>
<stat pass="1" fail="0" id="s1-s1" name="LoginTest">LoginTest &amp; RegisterationTest.LoginTest</stat>
<stat pass="1" fail="0" id="s1-s2" name="RegisterationTest">LoginTest &amp; RegisterationTest.RegisterationTest</stat>
</suite>
</statistics>
<errors>
</errors>
</robot>
