<?xml version="1.0" encoding="UTF-8"?>
<robot generator="Robot 3.2.2 (Python 3.8.5 on darwin)" generated="20210111 19:19:14.359" rpa="false">
<suite id="s1" name="LoginTest &amp; RegisterationTest">
<suite id="s1-s1" name="LoginTest" source="/Users/anrisawada/20projects/automation-robot/POM_Model/TestCases/LoginTest.robot">
<test id="s1-s1-t1" name="Login Test">
<kw name="Open My Browser" library="LoginKeywords">
<arguments>
<arg>${SiteUrl}</arg>
<arg>${Browser}</arg>
</arguments>
<kw name="Open Browser" library="SeleniumLibrary">
<doc>Opens a new browser instance to the optional ``url``.</doc>
<arguments>
<arg>${SiteUrl}</arg>
<arg>${Browser}</arg>
</arguments>
<msg timestamp="20210111 19:19:14.772" level="INFO">Opening browser 'headlessfirefox' to base url 'http://demo.guru99.com/test/newtours/'.</msg>
<msg timestamp="20210111 19:19:14.773" level="INFO">Firefox driver log is always forced to to: /Users/anrisawada/20projects/automation-robot/POM_Model/geckodriver-3.log</msg>
<status status="PASS" starttime="20210111 19:19:14.771" endtime="20210111 19:19:25.389"></status>
</kw>
<kw name="Maximize Browser Window" library="SeleniumLibrary">
<doc>Maximizes current browser window.</doc>
<status status="PASS" starttime="20210111 19:19:25.390" endtime="20210111 19:19:25.398"></status>
</kw>
<status status="PASS" starttime="20210111 19:19:14.770" endtime="20210111 19:19:25.398"></status>
</kw>
<kw name="Enter UserName" library="LoginKeywords">
<arguments>
<arg>${user}</arg>
</arguments>
<kw name="Input Text" library="SeleniumLibrary">
<doc>Types the given ``text`` into the text field identified by ``locator``.</doc>
<arguments>
<arg>${txt_loginUserName}</arg>
<arg>${username}</arg>
</arguments>
<msg timestamp="20210111 19:19:25.400" level="INFO">Typing text 'tutorial' into text field 'name:userName'.</msg>
<status status="PASS" starttime="20210111 19:19:25.400" endtime="20210111 19:19:25.539"></status>
</kw>
<status status="PASS" starttime="20210111 19:19:25.399" endtime="20210111 19:19:25.540"></status>
</kw>
<kw name="Enter Password" library="LoginKeywords">
<arguments>
<arg>${pwd}</arg>
</arguments>
<kw name="Input Text" library="SeleniumLibrary">
<doc>Types the given ``text`` into the text field identified by ``locator``.</doc>
<arguments>
<arg>${txt_loginpassword}</arg>
<arg>${password}</arg>
</arguments>
<msg timestamp="20210111 19:19:25.541" level="INFO">Typing text 'tutorial' into text field 'name:password'.</msg>
<status status="PASS" starttime="20210111 19:19:25.541" endtime="20210111 19:19:25.599"></status>
</kw>
<status status="PASS" starttime="20210111 19:19:25.540" endtime="20210111 19:19:25.599"></status>
</kw>
<kw name="Click SignIn" library="LoginKeywords">
<kw name="Click Button" library="SeleniumLibrary">
<doc>Clicks the button identified by ``locator``.</doc>
<arguments>
<arg>${btn_signIn}</arg>
</arguments>
<msg timestamp="20210111 19:19:25.600" level="INFO">Clicking button 'xpath://input[@name='submit']'.</msg>
<status status="PASS" starttime="20210111 19:19:25.600" endtime="20210111 19:19:27.228"></status>
</kw>
<status status="PASS" starttime="20210111 19:19:25.600" endtime="20210111 19:19:27.229"></status>
</kw>
<kw name="Sleep" library="BuiltIn">
<doc>Pauses the test executed for the given time.</doc>
<arguments>
<arg>2s</arg>
</arguments>
<msg timestamp="20210111 19:19:29.230" level="INFO">Slept 2 seconds</msg>
<status status="PASS" starttime="20210111 19:19:27.229" endtime="20210111 19:19:29.230"></status>
</kw>
<kw name="Verify Successful Login" library="LoginKeywords">
<kw name="Title Should Be" library="SeleniumLibrary">
<doc>Verifies that the current page title equals ``title``.</doc>
<arguments>
<arg>Login: Mercury Tours</arg>
</arguments>
<msg timestamp="20210111 19:19:29.238" level="INFO">Page title is 'Login: Mercury Tours'.</msg>
<status status="PASS" starttime="20210111 19:19:29.231" endtime="20210111 19:19:29.239"></status>
</kw>
<status status="PASS" starttime="20210111 19:19:29.230" endtime="20210111 19:19:29.239"></status>
</kw>
<kw name="Close My Browsers" library="LoginKeywords">
<kw name="Close All Browsers" library="SeleniumLibrary">
<doc>Closes all open browsers and resets the browser cache.</doc>
<status status="PASS" starttime="20210111 19:19:29.240" endtime="20210111 19:19:29.991"></status>
</kw>
<status status="PASS" starttime="20210111 19:19:29.239" endtime="20210111 19:19:29.992"></status>
</kw>
<status status="PASS" starttime="20210111 19:19:14.769" endtime="20210111 19:19:29.992" critical="yes"></status>
</test>
<status status="PASS" starttime="20210111 19:19:14.407" endtime="20210111 19:19:29.995"></status>
</suite>
<suite id="s1-s2" name="RegisterationTest" source="/Users/anrisawada/20projects/automation-robot/POM_Model/TestCases/RegisterationTest.robot">
<test id="s1-s2-t1" name="Registeration Test">
<kw name="Open My Browser" library="RegistrationKeywords">
<arguments>
<arg>${SiteUrl}</arg>
<arg>${Browser}</arg>
</arguments>
<kw name="Open Browser" library="SeleniumLibrary">
<doc>Opens a new browser instance to the optional ``url``.</doc>
<arguments>
<arg>${SiteUrl}</arg>
<arg>${Browser}</arg>
</arguments>
<msg timestamp="20210111 19:19:30.018" level="INFO">Opening browser 'headlesschrome' to base url 'http://demo.guru99.com/test/newtours/'.</msg>
<status status="PASS" starttime="20210111 19:19:30.018" endtime="20210111 19:19:33.690"></status>
</kw>
<kw name="Maximize Browser Window" library="SeleniumLibrary">
<doc>Maximizes current browser window.</doc>
<status status="PASS" starttime="20210111 19:19:33.690" endtime="20210111 19:19:33.825"></status>
</kw>
<status status="PASS" starttime="20210111 19:19:30.017" endtime="20210111 19:19:33.825"></status>
</kw>
<kw name="Click Register Link" library="RegistrationKeywords">
<kw name="Click Link" library="SeleniumLibrary">
<doc>Clicks a link identified by ``locator``.</doc>
<arguments>
<arg>${link_Reg}</arg>
</arguments>
<msg timestamp="20210111 19:19:33.826" level="INFO">Clicking link 'link:REGISTER'.</msg>
<status status="PASS" starttime="20210111 19:19:33.826" endtime="20210111 19:19:34.965"></status>
</kw>
<status status="PASS" starttime="20210111 19:19:33.825" endtime="20210111 19:19:34.965"></status>
</kw>
<kw name="Enter FirstName" library="RegistrationKeywords">
<arguments>
<arg>John</arg>
</arguments>
<kw name="Input Text" library="SeleniumLibrary">
<doc>Types the given ``text`` into the text field identified by ``locator``.</doc>
<arguments>
<arg>${txt_firstName}</arg>
<arg>${FirstName}</arg>
</arguments>
<msg timestamp="20210111 19:19:34.966" level="INFO">Typing text 'John' into text field 'name:firstName'.</msg>
<status status="PASS" starttime="20210111 19:19:34.966" endtime="20210111 19:19:35.275"></status>
</kw>
<status status="PASS" starttime="20210111 19:19:34.966" endtime="20210111 19:19:35.275"></status>
</kw>
<kw name="Enter LastName" library="RegistrationKeywords">
<arguments>
<arg>Doe</arg>
</arguments>
<kw name="Input Text" library="SeleniumLibrary">
<doc>Types the given ``text`` into the text field identified by ``locator``.</doc>
<arguments>
<arg>${txt_lastName}</arg>
<arg>${LastName}</arg>
</arguments>
<msg timestamp="20210111 19:19:35.276" level="INFO">Typing text 'Doe' into text field 'name:lastName'.</msg>
<status status="PASS" starttime="20210111 19:19:35.276" endtime="20210111 19:19:35.440"></status>
</kw>
<status status="PASS" starttime="20210111 19:19:35.275" endtime="20210111 19:19:35.440"></status>
</kw>
<kw name="Enter Phone" library="RegistrationKeywords">
<arguments>
<arg>222-2333-4444</arg>
</arguments>
<kw name="Input Text" library="SeleniumLibrary">
<doc>Types the given ``text`` into the text field identified by ``locator``.</doc>
<arguments>
<arg>${txt_phone}</arg>
<arg>${phone}</arg>
</arguments>
<msg timestamp="20210111 19:19:35.441" level="INFO">Typing text '222-2333-4444' into text field 'name:phone'.</msg>
<status status="PASS" starttime="20210111 19:19:35.440" endtime="20210111 19:19:35.525"></status>
</kw>
<status status="PASS" starttime="20210111 19:19:35.440" endtime="20210111 19:19:35.526"></status>
</kw>
<kw name="Enter Email" library="RegistrationKeywords">
<arguments>
<arg>john.doe@email.com</arg>
</arguments>
<kw name="Input Text" library="SeleniumLibrary">
<doc>Types the given ``text`` into the text field identified by ``locator``.</doc>
<arguments>
<arg>${txt_email}</arg>
<arg>${email}</arg>
</arguments>
<msg timestamp="20210111 19:19:35.526" level="INFO">Typing text 'john.doe@email.com' into text field 'name:userName'.</msg>
<status status="PASS" starttime="20210111 19:19:35.526" endtime="20210111 19:19:35.618"></status>
</kw>
<status status="PASS" starttime="20210111 19:19:35.526" endtime="20210111 19:19:35.618"></status>
</kw>
<kw name="Enter Address" library="RegistrationKeywords">
<arguments>
<arg>1122</arg>
</arguments>
<kw name="Input Text" library="SeleniumLibrary">
<doc>Types the given ``text`` into the text field identified by ``locator``.</doc>
<arguments>
<arg>${txt_add1}</arg>
<arg>${address}</arg>
</arguments>
<msg timestamp="20210111 19:19:35.619" level="INFO">Typing text '1122' into text field 'name:address1'.</msg>
<status status="PASS" starttime="20210111 19:19:35.619" endtime="20210111 19:19:35.680"></status>
</kw>
<status status="PASS" starttime="20210111 19:19:35.618" endtime="20210111 19:19:35.681"></status>
</kw>
<kw name="Enter City" library="RegistrationKeywords">
<arguments>
<arg>BC</arg>
</arguments>
<kw name="Input Text" library="SeleniumLibrary">
<doc>Types the given ``text`` into the text field identified by ``locator``.</doc>
<arguments>
<arg>${txt_city}</arg>
<arg>${city}</arg>
</arguments>
<msg timestamp="20210111 19:19:35.681" level="INFO">Typing text 'BC' into text field 'name:city'.</msg>
<status status="PASS" starttime="20210111 19:19:35.681" endtime="20210111 19:19:35.740"></status>
</kw>
<status status="PASS" starttime="20210111 19:19:35.681" endtime="20210111 19:19:35.740"></status>
</kw>
<kw name="Enter State" library="RegistrationKeywords">
<arguments>
<arg>CUBA</arg>
</arguments>
<kw name="Input Text" library="SeleniumLibrary">
<doc>Types the given ``text`` into the text field identified by ``locator``.</doc>
<arguments>
<arg>${txt_state}</arg>
<arg>${state}</arg>
</arguments>
<msg timestamp="20210111 19:19:35.741" level="INFO">Typing text 'CUBA' into text field 'name:state'.</msg>
<status status="PASS" starttime="20210111 19:19:35.741" endtime="20210111 19:19:36.095"></status>
</kw>
<status status="PASS" starttime="20210111 19:19:35.741" endtime="20210111 19:19:36.095"></status>
</kw>
<kw name="Enter Postal Code" library="RegistrationKeywords">
<arguments>
<arg>77777</arg>
</arguments>
<kw name="Input Text" library="SeleniumLibrary">
<doc>Types the given ``text`` into the text field identified by ``locator``.</doc>
<arguments>
<arg>${txt_postCode}</arg>
<arg>${postalCode}</arg>
</arguments>
<msg timestamp="20210111 19:19:36.096" level="INFO">Typing text '77777' into text field 'name:postalCode'.</msg>
<status status="PASS" starttime="20210111 19:19:36.096" endtime="20210111 19:19:36.264"></status>
</kw>
<status status="PASS" starttime="20210111 19:19:36.095" endtime="20210111 19:19:36.264"></status>
</kw>
<kw name="Select Country" library="RegistrationKeywords">
<arguments>
<arg>CUBA</arg>
</arguments>
<kw name="Select From List By Label" library="SeleniumLibrary">
<doc>Selects options from selection list ``locator`` by ``labels``.</doc>
<arguments>
<arg>${drp_country}</arg>
<arg>${country}</arg>
</arguments>
<msg timestamp="20210111 19:19:36.265" level="INFO">Selecting options from selection list 'name:country' by label CUBA.</msg>
<status status="PASS" starttime="20210111 19:19:36.265" endtime="20210111 19:19:36.346"></status>
</kw>
<status status="PASS" starttime="20210111 19:19:36.265" endtime="20210111 19:19:36.346"></status>
</kw>
<kw name="Enter UserName" library="RegistrationKeywords">
<arguments>
<arg>xyz</arg>
</arguments>
<kw name="Input Text" library="SeleniumLibrary">
<doc>Types the given ``text`` into the text field identified by ``locator``.</doc>
<arguments>
<arg>${txt_userName}</arg>
<arg>${username}</arg>
</arguments>
<msg timestamp="20210111 19:19:36.347" level="INFO">Typing text 'xyz' into text field 'name:email'.</msg>
<status status="PASS" starttime="20210111 19:19:36.347" endtime="20210111 19:19:36.463"></status>
</kw>
<status status="PASS" starttime="20210111 19:19:36.346" endtime="20210111 19:19:36.463"></status>
</kw>
<kw name="Enter Password" library="RegistrationKeywords">
<arguments>
<arg>password1</arg>
</arguments>
<kw name="Input Text" library="SeleniumLibrary">
<doc>Types the given ``text`` into the text field identified by ``locator``.</doc>
<arguments>
<arg>${txt_password}</arg>
<arg>${password}</arg>
</arguments>
<msg timestamp="20210111 19:19:36.464" level="INFO">Typing text 'password1' into text field 'name:password'.</msg>
<status status="PASS" starttime="20210111 19:19:36.463" endtime="20210111 19:19:36.545"></status>
</kw>
<status status="PASS" starttime="20210111 19:19:36.463" endtime="20210111 19:19:36.546"></status>
</kw>
<kw name="Enter Confirmed Password" library="RegistrationKeywords">
<arguments>
<arg>password1</arg>
</arguments>
<kw name="Input Text" library="SeleniumLibrary">
<doc>Types the given ``text`` into the text field identified by ``locator``.</doc>
<arguments>
<arg>${txt_confirmedPassword}</arg>
<arg>${confirmedPassword}</arg>
</arguments>
<msg timestamp="20210111 19:19:36.547" level="INFO">Typing text 'password1' into text field 'name:confirmPassword'.</msg>
<status status="PASS" starttime="20210111 19:19:36.546" endtime="20210111 19:19:36.638"></status>
</kw>
<status status="PASS" starttime="20210111 19:19:36.546" endtime="20210111 19:19:36.638"></status>
</kw>
<kw name="Click Submit Button" library="RegistrationKeywords">
<kw name="Click Button" library="SeleniumLibrary">
<doc>Clicks the button identified by ``locator``.</doc>
<arguments>
<arg>${btn_submit}</arg>
</arguments>
<msg timestamp="20210111 19:19:36.639" level="INFO">Clicking button 'xpath://input[@name='submit']'.</msg>
<status status="PASS" starttime="20210111 19:19:36.639" endtime="20210111 19:19:37.992"></status>
</kw>
<status status="PASS" starttime="20210111 19:19:36.638" endtime="20210111 19:19:37.992"></status>
</kw>
<kw name="Verify Successful Registration" library="RegistrationKeywords">
<kw name="Page Should Contain" library="SeleniumLibrary">
<doc>Verifies that current page contains ``text``.</doc>
<arguments>
<arg>Thank you for registering.</arg>
</arguments>
<msg timestamp="20210111 19:19:38.114" level="INFO">Current page contains text 'Thank you for registering.'.</msg>
<status status="PASS" starttime="20210111 19:19:37.993" endtime="20210111 19:19:38.114"></status>
</kw>
<status status="PASS" starttime="20210111 19:19:37.992" endtime="20210111 19:19:38.115"></status>
</kw>
<kw name="Close My Browsers" library="RegistrationKeywords">
<kw name="Close All Browsers" library="SeleniumLibrary">
<doc>Closes all open browsers and resets the browser cache.</doc>
<status status="PASS" starttime="20210111 19:19:38.115" endtime="20210111 19:19:38.195"></status>
</kw>
<status status="PASS" starttime="20210111 19:19:38.115" endtime="20210111 19:19:38.195"></status>
</kw>
<status status="PASS" starttime="20210111 19:19:30.017" endtime="20210111 19:19:38.196" critical="yes"></status>
</test>
<status status="PASS" starttime="20210111 19:19:29.998" endtime="20210111 19:19:38.198"></status>
</suite>
<status status="PASS" starttime="20210111 19:19:14.373" endtime="20210111 19:19:38.199"></status>
</suite>
<statistics>
<total>
<stat pass="2" fail="0">Critical Tests</stat>
<stat pass="2" fail="0">All Tests</stat>
</total>
<tag>
</tag>
<suite>
<stat pass="2" fail="0" id="s1" name="LoginTest &amp; RegisterationTest">LoginTest &amp; RegisterationTest</stat>
<stat pass="1" fail="0" id="s1-s1" name="LoginTest">LoginTest &amp; RegisterationTest.LoginTest</stat>
<stat pass="1" fail="0" id="s1-s2" name="RegisterationTest">LoginTest &amp; RegisterationTest.RegisterationTest</stat>
</suite>
</statistics>
<errors>
</errors>
</robot>
