<?xml version="1.0" encoding="UTF-8"?>
<robot generator="Robot 3.2.2 (Python 3.8.5 on darwin)" generated="20210109 12:58:45.089" rpa="false">
<suite id="s1" name="Suites">
<suite id="s1-s1" name="LoginTest" source="/Users/anrisawada/20projects/automation-robot/POM_Model/TestCases/LoginTest.robot">
<test id="s1-s1-t1" name="Login Test">
<kw name="Open My Browser" library="LoginKeywords">
<arguments>
<arg>${SiteUrl}</arg>
<arg>${Browser}</arg>
</arguments>
<kw name="Open Browser" library="SeleniumLibrary">
<doc>Opens a new browser instance to the optional ``url``.</doc>
<arguments>
<arg>${SiteUrl}</arg>
<arg>${Browser}</arg>
</arguments>
<msg timestamp="20210109 12:58:45.469" level="INFO">Opening browser 'chrome' to base url 'http://demo.guru99.com/test/newtours/'.</msg>
<status status="PASS" starttime="20210109 12:58:45.468" endtime="20210109 12:58:57.965"></status>
</kw>
<kw name="Maximize Browser Window" library="SeleniumLibrary">
<doc>Maximizes current browser window.</doc>
<status status="PASS" starttime="20210109 12:58:57.965" endtime="20210109 12:58:58.233"></status>
</kw>
<status status="PASS" starttime="20210109 12:58:45.467" endtime="20210109 12:58:58.234"></status>
</kw>
<kw name="Enter UserName" library="LoginKeywords">
<arguments>
<arg>${user}</arg>
</arguments>
<kw name="Input Text" library="SeleniumLibrary">
<doc>Types the given ``text`` into the text field identified by ``locator``.</doc>
<arguments>
<arg>${txt_loginUserName}</arg>
<arg>${username}</arg>
</arguments>
<msg timestamp="20210109 12:58:58.236" level="INFO">Typing text 'tutorial' into text field 'name:userName'.</msg>
<status status="PASS" starttime="20210109 12:58:58.235" endtime="20210109 12:58:58.713"></status>
</kw>
<status status="PASS" starttime="20210109 12:58:58.234" endtime="20210109 12:58:58.713"></status>
</kw>
<kw name="Enter Password" library="LoginKeywords">
<arguments>
<arg>${pwd}</arg>
</arguments>
<kw name="Input Text" library="SeleniumLibrary">
<doc>Types the given ``text`` into the text field identified by ``locator``.</doc>
<arguments>
<arg>${txt_loginpassword}</arg>
<arg>${password}</arg>
</arguments>
<msg timestamp="20210109 12:58:58.715" level="INFO">Typing text 'tutorial' into text field 'name:password'.</msg>
<status status="PASS" starttime="20210109 12:58:58.715" endtime="20210109 12:58:59.098"></status>
</kw>
<status status="PASS" starttime="20210109 12:58:58.714" endtime="20210109 12:58:59.098"></status>
</kw>
<kw name="Click SignIn" library="LoginKeywords">
<kw name="Click Button" library="SeleniumLibrary">
<doc>Clicks the button identified by ``locator``.</doc>
<arguments>
<arg>${btn_signIn}</arg>
</arguments>
<msg timestamp="20210109 12:58:59.099" level="INFO">Clicking button 'xpath://input[@name='submit']'.</msg>
<status status="PASS" starttime="20210109 12:58:59.099" endtime="20210109 12:59:01.040"></status>
</kw>
<status status="PASS" starttime="20210109 12:58:59.098" endtime="20210109 12:59:01.041"></status>
</kw>
<kw name="Sleep" library="BuiltIn">
<doc>Pauses the test executed for the given time.</doc>
<arguments>
<arg>2s</arg>
</arguments>
<msg timestamp="20210109 12:59:03.042" level="INFO">Slept 2 seconds</msg>
<status status="PASS" starttime="20210109 12:59:01.041" endtime="20210109 12:59:03.042"></status>
</kw>
<kw name="Verify Successful Login" library="LoginKeywords">
<kw name="Title Should Be" library="SeleniumLibrary">
<doc>Verifies that the current page title equals ``title``.</doc>
<arguments>
<arg>Login: Mercury Tours</arg>
</arguments>
<msg timestamp="20210109 12:59:03.051" level="INFO">Page title is 'Login: Mercury Tours'.</msg>
<status status="PASS" starttime="20210109 12:59:03.043" endtime="20210109 12:59:03.051"></status>
</kw>
<status status="PASS" starttime="20210109 12:59:03.042" endtime="20210109 12:59:03.052"></status>
</kw>
<kw name="Close My Browsers" library="LoginKeywords">
<kw name="Close All Browsers" library="SeleniumLibrary">
<doc>Closes all open browsers and resets the browser cache.</doc>
<status status="PASS" starttime="20210109 12:59:03.052" endtime="20210109 12:59:03.379"></status>
</kw>
<status status="PASS" starttime="20210109 12:59:03.052" endtime="20210109 12:59:03.379"></status>
</kw>
<status status="PASS" starttime="20210109 12:58:45.466" endtime="20210109 12:59:03.379" critical="yes"></status>
</test>
<status status="PASS" starttime="20210109 12:58:45.127" endtime="20210109 12:59:03.382"></status>
</suite>
<status status="PASS" starttime="20210109 12:58:45.098" endtime="20210109 12:59:03.385"></status>
</suite>
<statistics>
<total>
<stat pass="1" fail="0">Critical Tests</stat>
<stat pass="1" fail="0">All Tests</stat>
</total>
<tag>
</tag>
<suite>
<stat pass="1" fail="0" id="s1" name="Suites">Suites</stat>
<stat pass="1" fail="0" id="s1-s1" name="LoginTest">Suites.LoginTest</stat>
</suite>
</statistics>
<errors>
</errors>
</robot>
