<?xml version="1.0" encoding="UTF-8"?>
<robot generator="Robot 3.2.2 (Python 3.8.5 on darwin)" generated="20201211 13:12:49.737" rpa="false">
<suite id="s1" name="ImplicitWaitTest" source="/Users/anrisawada/20projects/automation-robot/TestCases/ImplicitWaitTest.robot">
<test id="s1-t1" name="Register Test">
<kw name="Open Browser" library="SeleniumLibrary">
<doc>Opens a new browser instance to the optional ``url``.</doc>
<arguments>
<arg>http://demowebshop.tricentis.com/register</arg>
<arg>chrome</arg>
</arguments>
<msg timestamp="20201211 13:12:50.054" level="INFO">Opening browser 'chrome' to base url 'http://demowebshop.tricentis.com/register'.</msg>
<status status="PASS" starttime="20201211 13:12:50.054" endtime="20201211 13:12:54.373"></status>
</kw>
<kw name="Maximize Browser Window" library="SeleniumLibrary">
<doc>Maximizes current browser window.</doc>
<status status="PASS" starttime="20201211 13:12:54.373" endtime="20201211 13:12:54.562"></status>
</kw>
<kw name="Get Selenium Implicit Wait" library="SeleniumLibrary">
<doc>Gets the implicit wait value used by Selenium.</doc>
<assign>
<var>${implicittime}</var>
</assign>
<msg timestamp="20201211 13:12:54.563" level="INFO">${implicittime} = 0 seconds</msg>
<status status="PASS" starttime="20201211 13:12:54.562" endtime="20201211 13:12:54.564"></status>
</kw>
<kw name="Log To Console" library="BuiltIn">
<doc>Logs the given message to the console.</doc>
<arguments>
<arg>${implicittime}</arg>
</arguments>
<status status="PASS" starttime="20201211 13:12:54.564" endtime="20201211 13:12:54.564"></status>
</kw>
<kw name="Set Selenium Implicit Wait" library="SeleniumLibrary">
<doc>Sets the implicit wait value used by Selenium.</doc>
<arguments>
<arg>10s</arg>
</arguments>
<status status="PASS" starttime="20201211 13:12:54.567" endtime="20201211 13:12:54.572"></status>
</kw>
<kw name="Get Selenium Implicit Wait" library="SeleniumLibrary">
<doc>Gets the implicit wait value used by Selenium.</doc>
<assign>
<var>${implicittime}</var>
</assign>
<msg timestamp="20201211 13:12:54.572" level="INFO">${implicittime} = 10 seconds</msg>
<status status="PASS" starttime="20201211 13:12:54.572" endtime="20201211 13:12:54.572"></status>
</kw>
<kw name="Log To Console" library="BuiltIn">
<doc>Logs the given message to the console.</doc>
<arguments>
<arg>${implicittime}</arg>
</arguments>
<status status="PASS" starttime="20201211 13:12:54.573" endtime="20201211 13:12:54.573"></status>
</kw>
<kw name="Select Radio Button" library="SeleniumLibrary">
<doc>Sets the radio button group ``group_name`` to ``value``.</doc>
<arguments>
<arg>Gender</arg>
<arg>M</arg>
</arguments>
<msg timestamp="20201211 13:12:54.573" level="INFO">Selecting 'M' from radio button 'Gender'.</msg>
<status status="PASS" starttime="20201211 13:12:54.573" endtime="20201211 13:12:54.682"></status>
</kw>
<kw name="Input Text" library="SeleniumLibrary">
<doc>Types the given ``text`` into the text field identified by ``locator``.</doc>
<arguments>
<arg>name=FirstName1</arg>
<arg>John</arg>
</arguments>
<msg timestamp="20201211 13:12:54.683" level="INFO">Typing text 'John' into text field 'name=FirstName1'.</msg>
<kw name="Capture Page Screenshot" library="SeleniumLibrary">
<doc>Takes a screenshot of the current page and embeds it into a log file.</doc>
<msg timestamp="20201211 13:13:05.224" level="INFO" html="yes">&lt;/td&gt;&lt;/tr&gt;&lt;tr&gt;&lt;td colspan="3"&gt;&lt;a href="selenium-screenshot-5.png"&gt;&lt;img src="selenium-screenshot-5.png" width="800px"&gt;&lt;/a&gt;</msg>
<status status="PASS" starttime="20201211 13:13:04.695" endtime="20201211 13:13:05.224"></status>
</kw>
<msg timestamp="20201211 13:13:05.244" level="FAIL">Element with locator 'name=FirstName1' not found.</msg>
<status status="FAIL" starttime="20201211 13:12:54.682" endtime="20201211 13:13:05.244"></status>
</kw>
<status status="FAIL" starttime="20201211 13:12:50.053" endtime="20201211 13:13:05.245" critical="yes">Element with locator 'name=FirstName1' not found.</status>
</test>
<status status="FAIL" starttime="20201211 13:12:49.739" endtime="20201211 13:13:05.247"></status>
</suite>
<statistics>
<total>
<stat pass="0" fail="1">Critical Tests</stat>
<stat pass="0" fail="1">All Tests</stat>
</total>
<tag>
</tag>
<suite>
<stat pass="0" fail="1" id="s1" name="ImplicitWaitTest">ImplicitWaitTest</stat>
</suite>
</statistics>
<errors>
</errors>
</robot>
