<?xml version="1.0" encoding="UTF-8"?>
<robot generator="Robot 3.2.2 (Python 3.8.5 on darwin)" generated="20201201 07:48:38.449" rpa="false">
<suite id="s1" name="Inputbox" source="/Users/anrisawada/20projects/automation-robot/TestCases/Inputbox.robot">
<test id="s1-t1" name="TestingInputBox">
<kw name="Open Browser" library="SeleniumLibrary">
<doc>Opens a new browser instance to the optional ``url``.</doc>
<arguments>
<arg>${url}</arg>
<arg>${browser}</arg>
</arguments>
<msg timestamp="20201201 07:48:38.807" level="INFO">Opening browser 'firefox' to base url 'https://demo.nopcommerce.com'.</msg>
<msg timestamp="20201201 07:48:38.808" level="INFO">Firefox driver log is always forced to to: /Users/anrisawada/20projects/automation-robot/geckodriver-2.log</msg>
<status status="PASS" starttime="20201201 07:48:38.807" endtime="20201201 07:48:44.140"></status>
</kw>
<kw name="Maximize Browser Window" library="SeleniumLibrary">
<doc>Maximizes current browser window.</doc>
<status status="PASS" starttime="20201201 07:48:44.144" endtime="20201201 07:48:44.680"></status>
</kw>
<kw name="Title Should Be" library="SeleniumLibrary">
<doc>Verifies that the current page title equals ``title``.</doc>
<arguments>
<arg>nopCommerce demo store</arg>
</arguments>
<msg timestamp="20201201 07:48:44.684" level="INFO">Page title is 'nopCommerce demo store'.</msg>
<status status="PASS" starttime="20201201 07:48:44.680" endtime="20201201 07:48:44.684"></status>
</kw>
<kw name="Click Link" library="SeleniumLibrary">
<doc>Clicks a link identified by ``locator``.</doc>
<arguments>
<arg>xpath=//a[@href='/login?returnUrl=%2F']</arg>
</arguments>
<msg timestamp="20201201 07:48:44.685" level="INFO">Clicking link 'xpath=//a[@href='/login?returnUrl=%2F']'.</msg>
<status status="PASS" starttime="20201201 07:48:44.685" endtime="20201201 07:48:45.288"></status>
</kw>
<kw name="Set Variable" library="BuiltIn">
<doc>Returns the given values which can then be assigned to a variables.</doc>
<arguments>
<arg>id:Email</arg>
</arguments>
<assign>
<var>${"email_txt"}</var>
</assign>
<msg timestamp="20201201 07:48:45.288" level="INFO">${"email_txt"} = id:Email</msg>
<status status="PASS" starttime="20201201 07:48:45.288" endtime="20201201 07:48:45.288"></status>
</kw>
<kw name="Element Should Be Visible" library="SeleniumLibrary">
<doc>Verifies that the element identified by ``locator`` is visible.</doc>
<arguments>
<arg>${"email_txt"}</arg>
</arguments>
<msg timestamp="20201201 07:48:45.328" level="INFO">Element 'id:Email' is displayed.</msg>
<status status="PASS" starttime="20201201 07:48:45.288" endtime="20201201 07:48:45.329"></status>
</kw>
<kw name="Element Should Be Enabled" library="SeleniumLibrary">
<doc>Verifies that element identified by ``locator`` is enabled.</doc>
<arguments>
<arg>${"email_txt"}</arg>
</arguments>
<status status="PASS" starttime="20201201 07:48:45.329" endtime="20201201 07:48:45.356"></status>
</kw>
<kw name="Input Text" library="SeleniumLibrary">
<doc>Types the given ``text`` into the text field identified by ``locator``.</doc>
<arguments>
<arg>${"email_txt"}</arg>
<arg>john@email.com</arg>
</arguments>
<msg timestamp="20201201 07:48:45.357" level="INFO">Typing text 'john@email.com' into text field 'id:Email'.</msg>
<status status="PASS" starttime="20201201 07:48:45.356" endtime="20201201 07:48:45.406"></status>
</kw>
<kw name="Sleep" library="BuiltIn">
<doc>Pauses the test executed for the given time.</doc>
<arguments>
<arg>5s</arg>
</arguments>
<msg timestamp="20201201 07:48:50.408" level="INFO">Slept 5 seconds</msg>
<status status="PASS" starttime="20201201 07:48:45.407" endtime="20201201 07:48:50.409"></status>
</kw>
<kw name="Clear Element Text" library="SeleniumLibrary">
<doc>Clears the value of the text-input-element identified by ``locator``.</doc>
<arguments>
<arg>${"email_txt"}</arg>
</arguments>
<status status="PASS" starttime="20201201 07:48:50.410" endtime="20201201 07:48:50.432"></status>
</kw>
<kw name="Sleep" library="BuiltIn">
<doc>Pauses the test executed for the given time.</doc>
<arguments>
<arg>3s</arg>
</arguments>
<msg timestamp="20201201 07:48:53.433" level="INFO">Slept 3 seconds</msg>
<status status="PASS" starttime="20201201 07:48:50.432" endtime="20201201 07:48:53.433"></status>
</kw>
<kw name="Close Browser" library="SeleniumLibrary">
<doc>Closes the current browser.</doc>
<status status="PASS" starttime="20201201 07:48:53.434" endtime="20201201 07:48:54.016"></status>
</kw>
<status status="PASS" starttime="20201201 07:48:38.806" endtime="20201201 07:48:54.017" critical="yes"></status>
</test>
<status status="PASS" starttime="20201201 07:48:38.451" endtime="20201201 07:48:54.017"></status>
</suite>
<statistics>
<total>
<stat pass="1" fail="0">Critical Tests</stat>
<stat pass="1" fail="0">All Tests</stat>
</total>
<tag>
</tag>
<suite>
<stat pass="1" fail="0" id="s1" name="Inputbox">Inputbox</stat>
</suite>
</statistics>
<errors>
</errors>
</robot>
