<?xml version="1.0" encoding="UTF-8"?>
<robot generator="Robot 3.2.2 (Python 3.8.5 on darwin)" generated="20201227 13:33:51.933" rpa="false">
<suite id="s1" name="UserKeywords" source="/Users/anrisawada/20projects/automation-robot/TestCases/UserKeywords.robot">
<test id="s1-t1" name="Test Case 1">
<kw name="Launch Browser" library="resources">
<arguments>
<arg>${URL}</arg>
<arg>${BROWSER}</arg>
</arguments>
<assign>
<var>${PageTitle}</var>
</assign>
<kw name="Open Browser" library="SeleniumLibrary">
<doc>Opens a new browser instance to the optional ``url``.</doc>
<arguments>
<arg>${appurl}</arg>
<arg>${appbrowser}</arg>
</arguments>
<msg timestamp="20201227 13:33:52.304" level="INFO">Opening browser 'chrome' to base url 'http://demo.guru99.com/test/newtours/'.</msg>
<status status="PASS" starttime="20201227 13:33:52.304" endtime="20201227 13:33:56.245"></status>
</kw>
<kw name="Maximize Browser Window" library="SeleniumLibrary">
<doc>Maximizes current browser window.</doc>
<status status="PASS" starttime="20201227 13:33:56.245" endtime="20201227 13:33:56.463"></status>
</kw>
<kw name="Get Title" library="SeleniumLibrary">
<doc>Returns the title of the current page.</doc>
<assign>
<var>${title}</var>
</assign>
<msg timestamp="20201227 13:33:56.468" level="INFO">${title} = Welcome: Mercury Tours</msg>
<status status="PASS" starttime="20201227 13:33:56.463" endtime="20201227 13:33:56.468"></status>
</kw>
<msg timestamp="20201227 13:33:56.469" level="INFO">${PageTitle} = Welcome: Mercury Tours</msg>
<status status="PASS" starttime="20201227 13:33:52.303" endtime="20201227 13:33:56.469"></status>
</kw>
<kw name="Log To Console" library="BuiltIn">
<doc>Logs the given message to the console.</doc>
<arguments>
<arg>${PageTitle}</arg>
</arguments>
<status status="PASS" starttime="20201227 13:33:56.469" endtime="20201227 13:33:56.469"></status>
</kw>
<kw name="Log" library="BuiltIn">
<doc>Logs the given message with the given level.</doc>
<arguments>
<arg>${PageTitle}</arg>
</arguments>
<msg timestamp="20201227 13:33:56.470" level="INFO">Welcome: Mercury Tours</msg>
<status status="PASS" starttime="20201227 13:33:56.470" endtime="20201227 13:33:56.470"></status>
</kw>
<kw name="Input Text" library="SeleniumLibrary">
<doc>Types the given ``text`` into the text field identified by ``locator``.</doc>
<arguments>
<arg>name=userName</arg>
<arg>mercury</arg>
</arguments>
<msg timestamp="20201227 13:33:56.471" level="INFO">Typing text 'mercury' into text field 'name=userName'.</msg>
<status status="PASS" starttime="20201227 13:33:56.470" endtime="20201227 13:33:56.702"></status>
</kw>
<kw name="Input Text" library="SeleniumLibrary">
<doc>Types the given ``text`` into the text field identified by ``locator``.</doc>
<arguments>
<arg>name=password</arg>
<arg>mercury</arg>
</arguments>
<msg timestamp="20201227 13:33:56.703" level="INFO">Typing text 'mercury' into text field 'name=password'.</msg>
<status status="PASS" starttime="20201227 13:33:56.702" endtime="20201227 13:33:56.804"></status>
</kw>
<kw name="Close Browser" library="SeleniumLibrary">
<doc>Closes the current browser.</doc>
<status status="PASS" starttime="20201227 13:33:56.805" endtime="20201227 13:33:57.035"></status>
</kw>
<status status="PASS" starttime="20201227 13:33:52.302" endtime="20201227 13:33:57.035" critical="yes"></status>
</test>
<status status="PASS" starttime="20201227 13:33:51.935" endtime="20201227 13:33:57.036"></status>
</suite>
<statistics>
<total>
<stat pass="1" fail="0">Critical Tests</stat>
<stat pass="1" fail="0">All Tests</stat>
</total>
<tag>
</tag>
<suite>
<stat pass="1" fail="0" id="s1" name="UserKeywords">UserKeywords</stat>
</suite>
</statistics>
<errors>
</errors>
</robot>
