<?xml version="1.0" encoding="UTF-8"?>
<robot generator="Robot 3.2.2 (Python 3.8.5 on darwin)" generated="20210102 14:03:05.539" rpa="false">
<suite id="s1" name="Tagging" source="/Users/anrisawada/20projects/automation-robot/TestCases/Tagging.robot">
<test id="s1-t1" name="Test Case 1 User Registration Test">
<kw name="Log To Console" library="BuiltIn">
<doc>Logs the given message to the console.</doc>
<arguments>
<arg>This is user reg test</arg>
</arguments>
<status status="PASS" starttime="20210102 14:03:05.574" endtime="20210102 14:03:05.574"></status>
</kw>
<kw name="Log To Console" library="BuiltIn">
<doc>Logs the given message to the console.</doc>
<arguments>
<arg>User Registration is done</arg>
</arguments>
<status status="PASS" starttime="20210102 14:03:05.574" endtime="20210102 14:03:05.574"></status>
</kw>
<tags>
<tag>regression</tag>
</tags>
<status status="PASS" starttime="20210102 14:03:05.573" endtime="20210102 14:03:05.575" critical="yes"></status>
</test>
<test id="s1-t2" name="Test Case 3 Change User Settings">
<kw name="Log To Console" library="BuiltIn">
<doc>Logs the given message to the console.</doc>
<arguments>
<arg>This is changeing user setting test</arg>
</arguments>
<status status="PASS" starttime="20210102 14:03:05.576" endtime="20210102 14:03:05.576"></status>
</kw>
<kw name="Log To Console" library="BuiltIn">
<doc>Logs the given message to the console.</doc>
<arguments>
<arg>Change user settting test is done</arg>
</arguments>
<status status="PASS" starttime="20210102 14:03:05.576" endtime="20210102 14:03:05.577"></status>
</kw>
<tags>
<tag>regression</tag>
</tags>
<status status="PASS" starttime="20210102 14:03:05.575" endtime="20210102 14:03:05.577" critical="yes"></status>
</test>
<status status="PASS" starttime="20210102 14:03:05.546" endtime="20210102 14:03:05.577"></status>
</suite>
<statistics>
<total>
<stat pass="2" fail="0">Critical Tests</stat>
<stat pass="2" fail="0">All Tests</stat>
</total>
<tag>
<stat pass="2" fail="0">regression</stat>
</tag>
<suite>
<stat pass="2" fail="0" id="s1" name="Tagging">Tagging</stat>
</suite>
</statistics>
<errors>
</errors>
</robot>
