<?xml version="1.0" encoding="UTF-8"?>
<robot generator="Robot 3.2.2 (Python 3.8.5 on darwin)" generated="20210118 19:32:39.478" rpa="false">
<suite id="s1" name="Test1" source="/Users/anrisawada/20projects/automation-robot/Simple_Test/Test1.robot">
<test id="s1-t1" name="Test Case 1">
<kw name="Open Browser" library="SeleniumLibrary">
<doc>Opens a new browser instance to the optional ``url``.</doc>
<arguments>
<arg>${url}</arg>
<arg>chrome</arg>
</arguments>
<msg timestamp="20210118 19:32:39.820" level="INFO">Opening browser 'chrome' to base url 'https://opensource-demo.orangehrmlive.com/'.</msg>
<status status="PASS" starttime="20210118 19:32:39.820" endtime="20210118 19:32:44.188"></status>
</kw>
<kw name="Close Browser" library="SeleniumLibrary">
<doc>Closes the current browser.</doc>
<status status="PASS" starttime="20210118 19:32:44.189" endtime="20210118 19:32:44.307"></status>
</kw>
<status status="PASS" starttime="20210118 19:32:39.819" endtime="20210118 19:32:44.308" critical="yes"></status>
</test>
<test id="s1-t2" name="Test Case 2">
<kw name="Open Browser" library="SeleniumLibrary">
<doc>Opens a new browser instance to the optional ``url``.</doc>
<arguments>
<arg>${url}</arg>
<arg>firefox</arg>
</arguments>
<msg timestamp="20210118 19:32:44.310" level="INFO">Opening browser 'firefox' to base url 'https://opensource-demo.orangehrmlive.com/'.</msg>
<msg timestamp="20210118 19:32:44.313" level="INFO">Firefox driver log is always forced to to: /Users/anrisawada/20projects/automation-robot/geckodriver-1.log</msg>
<status status="PASS" starttime="20210118 19:32:44.310" endtime="20210118 19:32:50.374"></status>
</kw>
<kw name="Input Text" library="SeleniumLibrary">
<doc>Types the given ``text`` into the text field identified by ``locator``.</doc>
<arguments>
<arg>id=txtUsername</arg>
<arg>&amp;{Login}[Username]</arg>
</arguments>
<msg timestamp="20210118 19:32:50.376" level="WARN">Accessing variable items using '&amp;{Login}[Username]' syntax is deprecated. Use '${Login}[Username]' instead.</msg>
<msg timestamp="20210118 19:32:50.376" level="INFO">Typing text 'Admin' into text field 'id=txtUsername'.</msg>
<status status="PASS" starttime="20210118 19:32:50.375" endtime="20210118 19:32:50.575"></status>
</kw>
<kw name="Input Password" library="SeleniumLibrary">
<doc>Types the given password into the text field identified by ``locator``.</doc>
<arguments>
<arg>id=txtPassword</arg>
<arg>&amp;{Login}[Password]</arg>
</arguments>
<msg timestamp="20210118 19:32:50.575" level="WARN">Accessing variable items using '&amp;{Login}[Password]' syntax is deprecated. Use '${Login}[Password]' instead.</msg>
<msg timestamp="20210118 19:32:50.576" level="INFO">Typing password into text field 'id=txtPassword'.</msg>
<msg timestamp="20210118 19:32:50.591" level="INFO">Temporally setting log level to: NONE</msg>
<msg timestamp="20210118 19:32:50.694" level="INFO">Log level changed from NONE to INFO.</msg>
<status status="PASS" starttime="20210118 19:32:50.575" endtime="20210118 19:32:50.694"></status>
</kw>
<kw name="Click Button" library="SeleniumLibrary">
<doc>Clicks the button identified by ``locator``.</doc>
<arguments>
<arg>id=btnLogin</arg>
</arguments>
<msg timestamp="20210118 19:32:50.695" level="INFO">Clicking button 'id=btnLogin'.</msg>
<status status="PASS" starttime="20210118 19:32:50.694" endtime="20210118 19:32:51.988"></status>
</kw>
<kw name="Close Browser" library="SeleniumLibrary">
<doc>Closes the current browser.</doc>
<status status="PASS" starttime="20210118 19:32:51.989" endtime="20210118 19:32:52.678"></status>
</kw>
<kw name="Log To Console" library="BuiltIn">
<doc>Logs the given message to the console.</doc>
<arguments>
<arg>%{username} ran this test on %{os}%</arg>
</arguments>
<msg timestamp="20210118 19:32:52.680" level="FAIL">Environment variable '%{username}' not found.</msg>
<status status="FAIL" starttime="20210118 19:32:52.679" endtime="20210118 19:32:52.681"></status>
</kw>
<status status="FAIL" starttime="20210118 19:32:44.308" endtime="20210118 19:32:52.681" critical="yes">Environment variable '%{username}' not found.</status>
</test>
<status status="FAIL" starttime="20210118 19:32:39.480" endtime="20210118 19:32:52.683"></status>
</suite>
<statistics>
<total>
<stat pass="1" fail="1">Critical Tests</stat>
<stat pass="1" fail="1">All Tests</stat>
</total>
<tag>
</tag>
<suite>
<stat pass="1" fail="1" id="s1" name="Test1">Test1</stat>
</suite>
</statistics>
<errors>
<msg timestamp="20210118 19:32:50.376" level="WARN">Accessing variable items using '&amp;{Login}[Username]' syntax is deprecated. Use '${Login}[Username]' instead.</msg>
<msg timestamp="20210118 19:32:50.575" level="WARN">Accessing variable items using '&amp;{Login}[Password]' syntax is deprecated. Use '${Login}[Password]' instead.</msg>
</errors>
</robot>
