<?xml version="1.0" encoding="UTF-8"?>
<robot generator="Robot 3.2.2 (Python 3.8.5 on darwin)" generated="20210126 18:06:35.828" rpa="false">
<suite id="s1" name="Simple Test" source="/Users/anrisawada/20projects/automation-robot/Simple_Test">
<suite id="s1-s1" name="Test1" source="/Users/anrisawada/20projects/automation-robot/Simple_Test/Test1.robot">
<test id="s1-s1-t1" name="Test Case 1">
<kw name="Open Browser" library="SeleniumLibrary">
<doc>Opens a new browser instance to the optional ``url``.</doc>
<arguments>
<arg>${url}</arg>
<arg>chrome</arg>
</arguments>
<msg timestamp="20210126 18:06:36.195" level="INFO">Opening browser 'chrome' to base url 'https://opensource-demo.orangehrmlive.com/'.</msg>
<status status="PASS" starttime="20210126 18:06:36.195" endtime="20210126 18:06:41.140"></status>
</kw>
<kw name="Close Browser" library="SeleniumLibrary">
<doc>Closes the current browser.</doc>
<status status="PASS" starttime="20210126 18:06:41.142" endtime="20210126 18:06:41.339"></status>
</kw>
<status status="PASS" starttime="20210126 18:06:36.194" endtime="20210126 18:06:41.340" critical="yes"></status>
</test>
<test id="s1-s1-t2" name="Test Case 2">
<kw name="Open Browser" library="SeleniumLibrary">
<doc>Opens a new browser instance to the optional ``url``.</doc>
<arguments>
<arg>${url}</arg>
<arg>firefox</arg>
</arguments>
<msg timestamp="20210126 18:06:41.344" level="INFO">Opening browser 'firefox' to base url 'https://opensource-demo.orangehrmlive.com/'.</msg>
<msg timestamp="20210126 18:06:41.346" level="INFO">Firefox driver log is always forced to to: /Users/anrisawada/20projects/automation-robot/geckodriver-1.log</msg>
<status status="PASS" starttime="20210126 18:06:41.343" endtime="20210126 18:06:51.361"></status>
</kw>
<kw name="Input Text" library="SeleniumLibrary">
<doc>Types the given ``text`` into the text field identified by ``locator``.</doc>
<arguments>
<arg>id=txtUsername</arg>
<arg>&amp;{Login}[Username]</arg>
</arguments>
<msg timestamp="20210126 18:06:51.364" level="WARN">Accessing variable items using '&amp;{Login}[Username]' syntax is deprecated. Use '${Login}[Username]' instead.</msg>
<msg timestamp="20210126 18:06:51.365" level="INFO">Typing text 'Admin' into text field 'id=txtUsername'.</msg>
<status status="PASS" starttime="20210126 18:06:51.362" endtime="20210126 18:06:51.592"></status>
</kw>
<kw name="Input Password" library="SeleniumLibrary">
<doc>Types the given password into the text field identified by ``locator``.</doc>
<arguments>
<arg>id=txtPassword</arg>
<arg>&amp;{Login}[Password]</arg>
</arguments>
<msg timestamp="20210126 18:06:51.593" level="WARN">Accessing variable items using '&amp;{Login}[Password]' syntax is deprecated. Use '${Login}[Password]' instead.</msg>
<msg timestamp="20210126 18:06:51.594" level="INFO">Typing password into text field 'id=txtPassword'.</msg>
<msg timestamp="20210126 18:06:51.607" level="INFO">Temporally setting log level to: NONE</msg>
<msg timestamp="20210126 18:06:51.849" level="INFO">Log level changed from NONE to INFO.</msg>
<status status="PASS" starttime="20210126 18:06:51.593" endtime="20210126 18:06:51.849"></status>
</kw>
<kw name="Click Button" library="SeleniumLibrary">
<doc>Clicks the button identified by ``locator``.</doc>
<arguments>
<arg>id=btnLogin</arg>
</arguments>
<msg timestamp="20210126 18:06:51.849" level="INFO">Clicking button 'id=btnLogin'.</msg>
<status status="PASS" starttime="20210126 18:06:51.849" endtime="20210126 18:06:53.317"></status>
</kw>
<kw name="Close Browser" library="SeleniumLibrary">
<doc>Closes the current browser.</doc>
<status status="PASS" starttime="20210126 18:06:53.318" endtime="20210126 18:06:53.958"></status>
</kw>
<kw name="Log To Console" library="BuiltIn">
<doc>Logs the given message to the console.</doc>
<arguments>
<arg>%{username} ran this test on %{os}%</arg>
</arguments>
<msg timestamp="20210126 18:06:53.961" level="FAIL">Environment variable '%{username}' not found.</msg>
<status status="FAIL" starttime="20210126 18:06:53.959" endtime="20210126 18:06:53.961"></status>
</kw>
<status status="FAIL" starttime="20210126 18:06:41.342" endtime="20210126 18:06:53.962" critical="yes">Environment variable '%{username}' not found.</status>
</test>
<test id="s1-s1-t3" name="Test Case 3">
<kw name="Open Browser" library="SeleniumLibrary">
<doc>Opens a new browser instance to the optional ``url``.</doc>
<arguments>
<arg>${url}</arg>
<arg>chrome</arg>
</arguments>
<msg timestamp="20210126 18:06:53.963" level="INFO">Opening browser 'chrome' to base url 'https://opensource-demo.orangehrmlive.com/'.</msg>
<status status="PASS" starttime="20210126 18:06:53.963" endtime="20210126 18:06:57.602"></status>
</kw>
<kw name="Login">
<kw name="Input Text" library="SeleniumLibrary">
<doc>Types the given ``text`` into the text field identified by ``locator``.</doc>
<arguments>
<arg>id=txtUsername</arg>
<arg>Admin</arg>
</arguments>
<msg timestamp="20210126 18:06:57.603" level="INFO">Typing text 'Admin' into text field 'id=txtUsername'.</msg>
<status status="PASS" starttime="20210126 18:06:57.603" endtime="20210126 18:06:57.817"></status>
</kw>
<kw name="Input Password" library="SeleniumLibrary">
<doc>Types the given password into the text field identified by ``locator``.</doc>
<arguments>
<arg>id=txtPassword</arg>
<arg>admin123</arg>
</arguments>
<msg timestamp="20210126 18:06:57.818" level="INFO">Typing password into text field 'id=txtPassword'.</msg>
<msg timestamp="20210126 18:06:57.853" level="INFO">Temporally setting log level to: NONE</msg>
<msg timestamp="20210126 18:06:57.900" level="INFO">Log level changed from NONE to INFO.</msg>
<status status="PASS" starttime="20210126 18:06:57.817" endtime="20210126 18:06:57.900"></status>
</kw>
<kw name="Click Button" library="SeleniumLibrary">
<doc>Clicks the button identified by ``locator``.</doc>
<arguments>
<arg>id=btnLogin</arg>
</arguments>
<msg timestamp="20210126 18:06:57.900" level="INFO">Clicking button 'id=btnLogin'.</msg>
<status status="PASS" starttime="20210126 18:06:57.900" endtime="20210126 18:06:59.248"></status>
</kw>
<status status="PASS" starttime="20210126 18:06:57.603" endtime="20210126 18:06:59.248"></status>
</kw>
<kw name="Close Browser" library="SeleniumLibrary">
<doc>Closes the current browser.</doc>
<status status="PASS" starttime="20210126 18:06:59.249" endtime="20210126 18:06:59.402"></status>
</kw>
<status status="PASS" starttime="20210126 18:06:53.962" endtime="20210126 18:06:59.402" critical="yes"></status>
</test>
<status status="FAIL" starttime="20210126 18:06:35.863" endtime="20210126 18:06:59.407"></status>
</suite>
<suite id="s1-s2" name="TestSuite2" source="/Users/anrisawada/20projects/automation-robot/Simple_Test/TestSuite2.robot">
<kw name="Log To Console" library="BuiltIn" type="setup">
<doc>Logs the given message to the console.</doc>
<arguments>
<arg>Test Suite Started</arg>
</arguments>
<status status="PASS" starttime="20210126 18:06:59.424" endtime="20210126 18:06:59.425"></status>
</kw>
<test id="s1-s2-t1" name="Test Case 1">
<kw name="Go To Home Page">
<kw name="Open Browser" library="SeleniumLibrary">
<doc>Opens a new browser instance to the optional ``url``.</doc>
<arguments>
<arg>${url}</arg>
<arg>chrome</arg>
</arguments>
<msg timestamp="20210126 18:06:59.427" level="INFO">Opening browser 'chrome' to base url 'https://opensource-demo.orangehrmlive.com/'.</msg>
<status status="PASS" starttime="20210126 18:06:59.427" endtime="20210126 18:07:02.749"></status>
</kw>
<status status="PASS" starttime="20210126 18:06:59.426" endtime="20210126 18:07:02.749"></status>
</kw>
<status status="PASS" starttime="20210126 18:06:59.425" endtime="20210126 18:07:02.750" critical="yes"></status>
</test>
<kw name="Log To Console" library="BuiltIn" type="teardown">
<doc>Logs the given message to the console.</doc>
<arguments>
<arg>Test Suite End</arg>
</arguments>
<status status="PASS" starttime="20210126 18:07:02.751" endtime="20210126 18:07:02.751"></status>
</kw>
<status status="PASS" starttime="20210126 18:06:59.411" endtime="20210126 18:07:02.751"></status>
</suite>
<status status="FAIL" starttime="20210126 18:06:35.829" endtime="20210126 18:07:02.754"></status>
</suite>
<statistics>
<total>
<stat pass="3" fail="1">Critical Tests</stat>
<stat pass="3" fail="1">All Tests</stat>
</total>
<tag>
</tag>
<suite>
<stat pass="3" fail="1" id="s1" name="Simple Test">Simple Test</stat>
<stat pass="2" fail="1" id="s1-s1" name="Test1">Simple Test.Test1</stat>
<stat pass="1" fail="0" id="s1-s2" name="TestSuite2">Simple Test.TestSuite2</stat>
</suite>
</statistics>
<errors>
<msg timestamp="20210126 18:06:51.364" level="WARN">Accessing variable items using '&amp;{Login}[Username]' syntax is deprecated. Use '${Login}[Username]' instead.</msg>
<msg timestamp="20210126 18:06:51.593" level="WARN">Accessing variable items using '&amp;{Login}[Password]' syntax is deprecated. Use '${Login}[Password]' instead.</msg>
<msg timestamp="20210126 18:06:59.424" level="ERROR">Error in file '/Users/anrisawada/20projects/automation-robot/Simple_Test/TestSuite2.robot' on line 3: Error in file '/Users/anrisawada/20projects/automation-robot/Simple_Test/Test1.robot' on line 9: Resource file with 'Test Case' section is invalid.</msg>
</errors>
</robot>
