<?xml version="1.0" encoding="UTF-8"?>
<robot generator="Robot 3.2.2 (Python 3.8.5 on darwin)" generated="20201218 11:38:29.785" rpa="false">
<suite id="s1" name="CaptureScreen" source="/Users/anrisawada/20projects/automation-robot/TestCases/CaptureScreen.robot">
<test id="s1-t1" name="Login TC">
<kw name="Open Browser" library="SeleniumLibrary">
<doc>Opens a new browser instance to the optional ``url``.</doc>
<arguments>
<arg>https://opensource-demo.orangehrmlive.com</arg>
<arg>chrome</arg>
</arguments>
<msg timestamp="20201218 11:38:30.082" level="INFO">Opening browser 'chrome' to base url 'https://opensource-demo.orangehrmlive.com'.</msg>
<status status="PASS" starttime="20201218 11:38:30.082" endtime="20201218 11:38:33.912"></status>
</kw>
<kw name="Maximize Browser Window" library="SeleniumLibrary">
<doc>Maximizes current browser window.</doc>
<status status="PASS" starttime="20201218 11:38:33.912" endtime="20201218 11:38:34.171"></status>
</kw>
<kw name="Input Text" library="SeleniumLibrary">
<doc>Types the given ``text`` into the text field identified by ``locator``.</doc>
<arguments>
<arg>id=txtUsername</arg>
<arg>Admin</arg>
</arguments>
<msg timestamp="20201218 11:38:34.172" level="INFO">Typing text 'Admin' into text field 'id=txtUsername'.</msg>
<status status="PASS" starttime="20201218 11:38:34.172" endtime="20201218 11:38:34.305"></status>
</kw>
<kw name="Input Text" library="SeleniumLibrary">
<doc>Types the given ``text`` into the text field identified by ``locator``.</doc>
<arguments>
<arg>id=txtPassword</arg>
<arg>admin123</arg>
</arguments>
<msg timestamp="20201218 11:38:34.306" level="INFO">Typing text 'admin123' into text field 'id=txtPassword'.</msg>
<status status="PASS" starttime="20201218 11:38:34.306" endtime="20201218 11:38:34.387"></status>
</kw>
<kw name="Capture Element Screenshot" library="SeleniumLibrary">
<doc>Captures a screenshot from the element identified by ``locator`` and embeds it into log file.</doc>
<arguments>
<arg>xpath=//*[@id="divLogo"]/img</arg>
<arg>/Users/anrisawada/20projects/automation-robot/Logo.png</arg>
</arguments>
<msg timestamp="20201218 11:38:34.769" level="INFO" html="yes">&lt;/td&gt;&lt;/tr&gt;&lt;tr&gt;&lt;td colspan="3"&gt;&lt;a href="Logo.png"&gt;&lt;img src="Logo.png" width="400px"&gt;&lt;/a&gt;</msg>
<status status="PASS" starttime="20201218 11:38:34.388" endtime="20201218 11:38:34.769"></status>
</kw>
<kw name="Capture Page Screenshot" library="SeleniumLibrary">
<doc>Takes a screenshot of the current page and embeds it into a log file.</doc>
<arguments>
<arg>/Users/anrisawada/20projects/automation-robot/LoginTC.png</arg>
</arguments>
<msg timestamp="20201218 11:38:35.490" level="INFO" html="yes">&lt;/td&gt;&lt;/tr&gt;&lt;tr&gt;&lt;td colspan="3"&gt;&lt;a href="LoginTC.png"&gt;&lt;img src="LoginTC.png" width="800px"&gt;&lt;/a&gt;</msg>
<status status="PASS" starttime="20201218 11:38:34.769" endtime="20201218 11:38:35.490"></status>
</kw>
<kw name="Close Browser" library="SeleniumLibrary">
<doc>Closes the current browser.</doc>
<status status="PASS" starttime="20201218 11:38:35.490" endtime="20201218 11:38:35.673"></status>
</kw>
<status status="PASS" starttime="20201218 11:38:30.081" endtime="20201218 11:38:35.674" critical="yes"></status>
</test>
<status status="PASS" starttime="20201218 11:38:29.787" endtime="20201218 11:38:35.677"></status>
</suite>
<statistics>
<total>
<stat pass="1" fail="0">Critical Tests</stat>
<stat pass="1" fail="0">All Tests</stat>
</total>
<tag>
</tag>
<suite>
<stat pass="1" fail="0" id="s1" name="CaptureScreen">CaptureScreen</stat>
</suite>
</statistics>
<errors>
</errors>
</robot>
