<?xml version="1.0" encoding="UTF-8"?>
<robot generator="Robot 3.2.2 (Python 3.8.5 on darwin)" generated="20201229 13:39:34.614" rpa="false">
<suite id="s1" name="DDT1" source="/Users/anrisawada/20projects/automation-robot/TestCases/DDT1.robot">
<kw name="Open My Browser" library="login_resources" type="setup">
<kw name="Open Browser" library="SeleniumLibrary">
<doc>Opens a new browser instance to the optional ``url``.</doc>
<arguments>
<arg>${LOGIN URL}</arg>
<arg>${BROWSER}</arg>
</arguments>
<msg timestamp="20201229 13:39:35.054" level="INFO">Opening browser 'chrome' to base url 'https://admin-demo.nopcommerce.com'.</msg>
<status status="PASS" starttime="20201229 13:39:35.054" endtime="20201229 13:39:39.607"></status>
</kw>
<status status="PASS" starttime="20201229 13:39:35.053" endtime="20201229 13:39:39.607"></status>
</kw>
<test id="s1-t1" name="Correct Username and Empty Password">
<kw name="Invalid Login">
<arguments>
<arg>admin@yourstore.com</arg>
<arg>${EMPTY}</arg>
</arguments>
<kw name="Input Username" library="login_resources">
<arguments>
<arg>${username}</arg>
</arguments>
<kw name="Input Text" library="SeleniumLibrary">
<doc>Types the given ``text`` into the text field identified by ``locator``.</doc>
<arguments>
<arg>id=Email</arg>
<arg>${username}</arg>
</arguments>
<msg timestamp="20201229 13:39:39.610" level="INFO">Typing text 'admin@yourstore.com' into text field 'id=Email'.</msg>
<status status="PASS" starttime="20201229 13:39:39.610" endtime="20201229 13:39:39.825"></status>
</kw>
<status status="PASS" starttime="20201229 13:39:39.609" endtime="20201229 13:39:39.825"></status>
</kw>
<kw name="Input Password" library="login_resources">
<arguments>
<arg>${password}</arg>
</arguments>
<kw name="Input Text" library="SeleniumLibrary">
<doc>Types the given ``text`` into the text field identified by ``locator``.</doc>
<arguments>
<arg>id=Password</arg>
<arg>${password}</arg>
</arguments>
<msg timestamp="20201229 13:39:39.825" level="INFO">Typing text '' into text field 'id=Password'.</msg>
<status status="PASS" starttime="20201229 13:39:39.825" endtime="20201229 13:39:39.960"></status>
</kw>
<status status="PASS" starttime="20201229 13:39:39.825" endtime="20201229 13:39:39.960"></status>
</kw>
<kw name="Click Login Button" library="login_resources">
<kw name="Click Button" library="SeleniumLibrary">
<doc>Clicks the button identified by ``locator``.</doc>
<arguments>
<arg>xpath=//input[@value='Log in']</arg>
</arguments>
<msg timestamp="20201229 13:39:39.961" level="INFO">Clicking button 'xpath=//input[@value='Log in']'.</msg>
<status status="PASS" starttime="20201229 13:39:39.961" endtime="20201229 13:39:40.453"></status>
</kw>
<status status="PASS" starttime="20201229 13:39:39.960" endtime="20201229 13:39:40.453"></status>
</kw>
<kw name="Error Message Should be Visible" library="login_resources">
<kw name="Page Should Contain" library="SeleniumLibrary">
<doc>Verifies that current page contains ``text``.</doc>
<arguments>
<arg>Login was unsuccessful</arg>
</arguments>
<msg timestamp="20201229 13:39:40.469" level="INFO">Current page contains text 'Login was unsuccessful'.</msg>
<status status="PASS" starttime="20201229 13:39:40.454" endtime="20201229 13:39:40.469"></status>
</kw>
<status status="PASS" starttime="20201229 13:39:40.453" endtime="20201229 13:39:40.469"></status>
</kw>
<status status="PASS" starttime="20201229 13:39:39.609" endtime="20201229 13:39:40.469"></status>
</kw>
<status status="PASS" starttime="20201229 13:39:39.607" endtime="20201229 13:39:40.470" critical="yes"></status>
</test>
<test id="s1-t2" name="Correct Username and Wrong Password">
<kw name="Invalid Login">
<arguments>
<arg>admin@yourstore.com</arg>
<arg>xyz</arg>
</arguments>
<kw name="Input Username" library="login_resources">
<arguments>
<arg>${username}</arg>
</arguments>
<kw name="Input Text" library="SeleniumLibrary">
<doc>Types the given ``text`` into the text field identified by ``locator``.</doc>
<arguments>
<arg>id=Email</arg>
<arg>${username}</arg>
</arguments>
<msg timestamp="20201229 13:39:40.473" level="INFO">Typing text 'admin@yourstore.com' into text field 'id=Email'.</msg>
<status status="PASS" starttime="20201229 13:39:40.472" endtime="20201229 13:39:40.624"></status>
</kw>
<status status="PASS" starttime="20201229 13:39:40.472" endtime="20201229 13:39:40.624"></status>
</kw>
<kw name="Input Password" library="login_resources">
<arguments>
<arg>${password}</arg>
</arguments>
<kw name="Input Text" library="SeleniumLibrary">
<doc>Types the given ``text`` into the text field identified by ``locator``.</doc>
<arguments>
<arg>id=Password</arg>
<arg>${password}</arg>
</arguments>
<msg timestamp="20201229 13:39:40.625" level="INFO">Typing text 'xyz' into text field 'id=Password'.</msg>
<status status="PASS" starttime="20201229 13:39:40.625" endtime="20201229 13:39:40.759"></status>
</kw>
<status status="PASS" starttime="20201229 13:39:40.624" endtime="20201229 13:39:40.759"></status>
</kw>
<kw name="Click Login Button" library="login_resources">
<kw name="Click Button" library="SeleniumLibrary">
<doc>Clicks the button identified by ``locator``.</doc>
<arguments>
<arg>xpath=//input[@value='Log in']</arg>
</arguments>
<msg timestamp="20201229 13:39:40.760" level="INFO">Clicking button 'xpath=//input[@value='Log in']'.</msg>
<status status="PASS" starttime="20201229 13:39:40.760" endtime="20201229 13:39:41.483"></status>
</kw>
<status status="PASS" starttime="20201229 13:39:40.760" endtime="20201229 13:39:41.484"></status>
</kw>
<kw name="Error Message Should be Visible" library="login_resources">
<kw name="Page Should Contain" library="SeleniumLibrary">
<doc>Verifies that current page contains ``text``.</doc>
<arguments>
<arg>Login was unsuccessful</arg>
</arguments>
<msg timestamp="20201229 13:39:41.494" level="INFO">Current page contains text 'Login was unsuccessful'.</msg>
<status status="PASS" starttime="20201229 13:39:41.484" endtime="20201229 13:39:41.494"></status>
</kw>
<status status="PASS" starttime="20201229 13:39:41.484" endtime="20201229 13:39:41.494"></status>
</kw>
<status status="PASS" starttime="20201229 13:39:40.472" endtime="20201229 13:39:41.494"></status>
</kw>
<status status="PASS" starttime="20201229 13:39:40.471" endtime="20201229 13:39:41.495" critical="yes"></status>
</test>
<test id="s1-t3" name="Wrong Username and Correct Password">
<kw name="Invalid Login">
<arguments>
<arg>dmin@yourstore.com</arg>
<arg>admin</arg>
</arguments>
<kw name="Input Username" library="login_resources">
<arguments>
<arg>${username}</arg>
</arguments>
<kw name="Input Text" library="SeleniumLibrary">
<doc>Types the given ``text`` into the text field identified by ``locator``.</doc>
<arguments>
<arg>id=Email</arg>
<arg>${username}</arg>
</arguments>
<msg timestamp="20201229 13:39:41.498" level="INFO">Typing text 'dmin@yourstore.com' into text field 'id=Email'.</msg>
<status status="PASS" starttime="20201229 13:39:41.498" endtime="20201229 13:39:41.676"></status>
</kw>
<status status="PASS" starttime="20201229 13:39:41.497" endtime="20201229 13:39:41.676"></status>
</kw>
<kw name="Input Password" library="login_resources">
<arguments>
<arg>${password}</arg>
</arguments>
<kw name="Input Text" library="SeleniumLibrary">
<doc>Types the given ``text`` into the text field identified by ``locator``.</doc>
<arguments>
<arg>id=Password</arg>
<arg>${password}</arg>
</arguments>
<msg timestamp="20201229 13:39:41.677" level="INFO">Typing text 'admin' into text field 'id=Password'.</msg>
<status status="PASS" starttime="20201229 13:39:41.677" endtime="20201229 13:39:41.822"></status>
</kw>
<status status="PASS" starttime="20201229 13:39:41.676" endtime="20201229 13:39:41.822"></status>
</kw>
<kw name="Click Login Button" library="login_resources">
<kw name="Click Button" library="SeleniumLibrary">
<doc>Clicks the button identified by ``locator``.</doc>
<arguments>
<arg>xpath=//input[@value='Log in']</arg>
</arguments>
<msg timestamp="20201229 13:39:41.823" level="INFO">Clicking button 'xpath=//input[@value='Log in']'.</msg>
<status status="PASS" starttime="20201229 13:39:41.823" endtime="20201229 13:39:42.325"></status>
</kw>
<status status="PASS" starttime="20201229 13:39:41.822" endtime="20201229 13:39:42.325"></status>
</kw>
<kw name="Error Message Should be Visible" library="login_resources">
<kw name="Page Should Contain" library="SeleniumLibrary">
<doc>Verifies that current page contains ``text``.</doc>
<arguments>
<arg>Login was unsuccessful</arg>
</arguments>
<msg timestamp="20201229 13:39:42.337" level="INFO">Current page contains text 'Login was unsuccessful'.</msg>
<status status="PASS" starttime="20201229 13:39:42.326" endtime="20201229 13:39:42.337"></status>
</kw>
<status status="PASS" starttime="20201229 13:39:42.325" endtime="20201229 13:39:42.338"></status>
</kw>
<status status="PASS" starttime="20201229 13:39:41.497" endtime="20201229 13:39:42.338"></status>
</kw>
<status status="PASS" starttime="20201229 13:39:41.495" endtime="20201229 13:39:42.338" critical="yes"></status>
</test>
<test id="s1-t4" name="Wrong Username and Empty Password">
<kw name="Invalid Login">
<arguments>
<arg>dmin@yourstore.com</arg>
<arg>${EMPTY}</arg>
</arguments>
<kw name="Input Username" library="login_resources">
<arguments>
<arg>${username}</arg>
</arguments>
<kw name="Input Text" library="SeleniumLibrary">
<doc>Types the given ``text`` into the text field identified by ``locator``.</doc>
<arguments>
<arg>id=Email</arg>
<arg>${username}</arg>
</arguments>
<msg timestamp="20201229 13:39:42.342" level="INFO">Typing text 'dmin@yourstore.com' into text field 'id=Email'.</msg>
<status status="PASS" starttime="20201229 13:39:42.341" endtime="20201229 13:39:42.497"></status>
</kw>
<status status="PASS" starttime="20201229 13:39:42.341" endtime="20201229 13:39:42.497"></status>
</kw>
<kw name="Input Password" library="login_resources">
<arguments>
<arg>${password}</arg>
</arguments>
<kw name="Input Text" library="SeleniumLibrary">
<doc>Types the given ``text`` into the text field identified by ``locator``.</doc>
<arguments>
<arg>id=Password</arg>
<arg>${password}</arg>
</arguments>
<msg timestamp="20201229 13:39:42.498" level="INFO">Typing text '' into text field 'id=Password'.</msg>
<status status="PASS" starttime="20201229 13:39:42.498" endtime="20201229 13:39:42.629"></status>
</kw>
<status status="PASS" starttime="20201229 13:39:42.497" endtime="20201229 13:39:42.629"></status>
</kw>
<kw name="Click Login Button" library="login_resources">
<kw name="Click Button" library="SeleniumLibrary">
<doc>Clicks the button identified by ``locator``.</doc>
<arguments>
<arg>xpath=//input[@value='Log in']</arg>
</arguments>
<msg timestamp="20201229 13:39:42.630" level="INFO">Clicking button 'xpath=//input[@value='Log in']'.</msg>
<status status="PASS" starttime="20201229 13:39:42.629" endtime="20201229 13:39:42.947"></status>
</kw>
<status status="PASS" starttime="20201229 13:39:42.629" endtime="20201229 13:39:42.948"></status>
</kw>
<kw name="Error Message Should be Visible" library="login_resources">
<kw name="Page Should Contain" library="SeleniumLibrary">
<doc>Verifies that current page contains ``text``.</doc>
<arguments>
<arg>Login was unsuccessful</arg>
</arguments>
<msg timestamp="20201229 13:39:42.959" level="INFO">Current page contains text 'Login was unsuccessful'.</msg>
<status status="PASS" starttime="20201229 13:39:42.948" endtime="20201229 13:39:42.959"></status>
</kw>
<status status="PASS" starttime="20201229 13:39:42.948" endtime="20201229 13:39:42.960"></status>
</kw>
<status status="PASS" starttime="20201229 13:39:42.340" endtime="20201229 13:39:42.960"></status>
</kw>
<status status="PASS" starttime="20201229 13:39:42.339" endtime="20201229 13:39:42.960" critical="yes"></status>
</test>
<test id="s1-t5" name="Wrong Username and Wrong Password">
<kw name="Invalid Login">
<arguments>
<arg>dmin@yourstore.com</arg>
<arg>xyz</arg>
</arguments>
<kw name="Input Username" library="login_resources">
<arguments>
<arg>${username}</arg>
</arguments>
<kw name="Input Text" library="SeleniumLibrary">
<doc>Types the given ``text`` into the text field identified by ``locator``.</doc>
<arguments>
<arg>id=Email</arg>
<arg>${username}</arg>
</arguments>
<msg timestamp="20201229 13:39:42.962" level="INFO">Typing text 'dmin@yourstore.com' into text field 'id=Email'.</msg>
<status status="PASS" starttime="20201229 13:39:42.962" endtime="20201229 13:39:43.123"></status>
</kw>
<status status="PASS" starttime="20201229 13:39:42.961" endtime="20201229 13:39:43.123"></status>
</kw>
<kw name="Input Password" library="login_resources">
<arguments>
<arg>${password}</arg>
</arguments>
<kw name="Input Text" library="SeleniumLibrary">
<doc>Types the given ``text`` into the text field identified by ``locator``.</doc>
<arguments>
<arg>id=Password</arg>
<arg>${password}</arg>
</arguments>
<msg timestamp="20201229 13:39:43.124" level="INFO">Typing text 'xyz' into text field 'id=Password'.</msg>
<status status="PASS" starttime="20201229 13:39:43.123" endtime="20201229 13:39:43.284"></status>
</kw>
<status status="PASS" starttime="20201229 13:39:43.123" endtime="20201229 13:39:43.284"></status>
</kw>
<kw name="Click Login Button" library="login_resources">
<kw name="Click Button" library="SeleniumLibrary">
<doc>Clicks the button identified by ``locator``.</doc>
<arguments>
<arg>xpath=//input[@value='Log in']</arg>
</arguments>
<msg timestamp="20201229 13:39:43.284" level="INFO">Clicking button 'xpath=//input[@value='Log in']'.</msg>
<status status="PASS" starttime="20201229 13:39:43.284" endtime="20201229 13:39:43.770"></status>
</kw>
<status status="PASS" starttime="20201229 13:39:43.284" endtime="20201229 13:39:43.771"></status>
</kw>
<kw name="Error Message Should be Visible" library="login_resources">
<kw name="Page Should Contain" library="SeleniumLibrary">
<doc>Verifies that current page contains ``text``.</doc>
<arguments>
<arg>Login was unsuccessful</arg>
</arguments>
<msg timestamp="20201229 13:39:43.781" level="INFO">Current page contains text 'Login was unsuccessful'.</msg>
<status status="PASS" starttime="20201229 13:39:43.771" endtime="20201229 13:39:43.781"></status>
</kw>
<status status="PASS" starttime="20201229 13:39:43.771" endtime="20201229 13:39:43.782"></status>
</kw>
<status status="PASS" starttime="20201229 13:39:42.961" endtime="20201229 13:39:43.782"></status>
</kw>
<status status="PASS" starttime="20201229 13:39:42.960" endtime="20201229 13:39:43.782" critical="yes"></status>
</test>
<kw name="Close Browsers" library="login_resources" type="teardown">
<kw name="Close All Browsers" library="SeleniumLibrary">
<doc>Closes all open browsers and resets the browser cache.</doc>
<status status="PASS" starttime="20201229 13:39:43.785" endtime="20201229 13:39:43.918"></status>
</kw>
<status status="PASS" starttime="20201229 13:39:43.785" endtime="20201229 13:39:43.918"></status>
</kw>
<status status="PASS" starttime="20201229 13:39:34.623" endtime="20201229 13:39:43.918"></status>
</suite>
<statistics>
<total>
<stat pass="5" fail="0">Critical Tests</stat>
<stat pass="5" fail="0">All Tests</stat>
</total>
<tag>
</tag>
<suite>
<stat pass="5" fail="0" id="s1" name="DDT1">DDT1</stat>
</suite>
</statistics>
<errors>
</errors>
</robot>
