<?xml version="1.0" encoding="UTF-8"?>
<robot generator="Robot 3.2.2 (Python 3.8.5 on darwin)" generated="20201222 10:45:57.350" rpa="false">
<suite id="s1" name="TableDemo" source="/Users/anrisawada/20projects/automation-robot/TestCases/TableDemo.robot">
<test id="s1-t1" name="Table Validations">
<kw name="Open Browser" library="SeleniumLibrary">
<doc>Opens a new browser instance to the optional ``url``.</doc>
<arguments>
<arg>http://testautomationpractice.blogspot.com/</arg>
<arg>chrome</arg>
</arguments>
<msg timestamp="20201222 10:45:57.697" level="INFO">Opening browser 'chrome' to base url 'http://testautomationpractice.blogspot.com/'.</msg>
<status status="PASS" starttime="20201222 10:45:57.696" endtime="20201222 10:46:01.531"></status>
</kw>
<kw name="Maximize Browser Window" library="SeleniumLibrary">
<doc>Maximizes current browser window.</doc>
<status status="PASS" starttime="20201222 10:46:01.531" endtime="20201222 10:46:01.804"></status>
</kw>
<kw name="Get Element Count" library="SeleniumLibrary">
<doc>Returns the number of elements matching ``locator``.</doc>
<arguments>
<arg>xpath=//table[@name='BookTable']/tbody/tr</arg>
</arguments>
<assign>
<var>${rows}</var>
</assign>
<msg timestamp="20201222 10:46:01.829" level="INFO">${rows} = 7</msg>
<status status="PASS" starttime="20201222 10:46:01.804" endtime="20201222 10:46:01.829"></status>
</kw>
<kw name="Get Element Count" library="SeleniumLibrary">
<doc>Returns the number of elements matching ``locator``.</doc>
<arguments>
<arg>xpath=//table[@name='BookTable']/tbody/tr[1]/th</arg>
</arguments>
<assign>
<var>${columns}</var>
</assign>
<msg timestamp="20201222 10:46:01.851" level="INFO">${columns} = 4</msg>
<status status="PASS" starttime="20201222 10:46:01.829" endtime="20201222 10:46:01.851"></status>
</kw>
<kw name="Log To Console" library="BuiltIn">
<doc>Logs the given message to the console.</doc>
<arguments>
<arg>${rows}</arg>
</arguments>
<status status="PASS" starttime="20201222 10:46:01.851" endtime="20201222 10:46:01.852"></status>
</kw>
<kw name="Log To Console" library="BuiltIn">
<doc>Logs the given message to the console.</doc>
<arguments>
<arg>${columns}</arg>
</arguments>
<status status="PASS" starttime="20201222 10:46:01.852" endtime="20201222 10:46:01.852"></status>
</kw>
<kw name="Get Text" library="SeleniumLibrary">
<doc>Returns the text value of the element identified by ``locator``.</doc>
<arguments>
<arg>xpath=//table[@name='BookTable']/tbody/tr[5]/td[1]</arg>
</arguments>
<assign>
<var>${data}</var>
</assign>
<msg timestamp="20201222 10:46:01.883" level="INFO">${data} = Master In Selenium</msg>
<status status="PASS" starttime="20201222 10:46:01.852" endtime="20201222 10:46:01.883"></status>
</kw>
<kw name="Log To Console" library="BuiltIn">
<doc>Logs the given message to the console.</doc>
<arguments>
<arg>${data}</arg>
</arguments>
<status status="PASS" starttime="20201222 10:46:01.883" endtime="20201222 10:46:01.884"></status>
</kw>
<kw name="Close Browser" library="SeleniumLibrary">
<doc>Closes the current browser.</doc>
<status status="PASS" starttime="20201222 10:46:01.884" endtime="20201222 10:46:02.060"></status>
</kw>
<status status="PASS" starttime="20201222 10:45:57.695" endtime="20201222 10:46:02.060" critical="yes"></status>
</test>
<status status="PASS" starttime="20201222 10:45:57.351" endtime="20201222 10:46:02.062"></status>
</suite>
<statistics>
<total>
<stat pass="1" fail="0">Critical Tests</stat>
<stat pass="1" fail="0">All Tests</stat>
</total>
<tag>
</tag>
<suite>
<stat pass="1" fail="0" id="s1" name="TableDemo">TableDemo</stat>
</suite>
</statistics>
<errors>
</errors>
</robot>
