<?xml version="1.0" encoding="UTF-8"?>
<robot generator="Robot 3.2.2 (Python 3.8.5 on darwin)" generated="20201219 17:47:34.436" rpa="false">
<suite id="s1" name="MouseOperations" source="/Users/anrisawada/20projects/automation-robot/TestCases/MouseOperations.robot">
<test id="s1-t1" name="Mouse Actions">
<kw name="Open Browser" library="SeleniumLibrary">
<doc>Opens a new browser instance to the optional ``url``.</doc>
<arguments>
<arg>https://swisnl.github.io/jQuery-contextMenu/demo.html</arg>
<arg>chrome</arg>
</arguments>
<msg timestamp="20201219 17:47:34.755" level="INFO">Opening browser 'chrome' to base url 'https://swisnl.github.io/jQuery-contextMenu/demo.html'.</msg>
<status status="PASS" starttime="20201219 17:47:34.754" endtime="20201219 17:47:37.691"></status>
</kw>
<kw name="Maximize Browser Window" library="SeleniumLibrary">
<doc>Maximizes current browser window.</doc>
<status status="PASS" starttime="20201219 17:47:37.692" endtime="20201219 17:47:37.917"></status>
</kw>
<kw name="Open Context Menu" library="SeleniumLibrary">
<doc>Opens the context menu on the element identified by ``locator``.</doc>
<arguments>
<arg>xpath=/html/body/div/section/div/div/div/p/span</arg>
</arguments>
<status status="PASS" starttime="20201219 17:47:37.918" endtime="20201219 17:47:38.244"></status>
</kw>
<kw name="Sleep" library="BuiltIn">
<doc>Pauses the test executed for the given time.</doc>
<arguments>
<arg>2s</arg>
</arguments>
<msg timestamp="20201219 17:47:40.247" level="INFO">Slept 2 seconds</msg>
<status status="PASS" starttime="20201219 17:47:38.245" endtime="20201219 17:47:40.247"></status>
</kw>
<kw name="Close Browser" library="SeleniumLibrary">
<doc>Closes the current browser.</doc>
<status status="PASS" starttime="20201219 17:47:40.247" endtime="20201219 17:47:40.462"></status>
</kw>
<status status="PASS" starttime="20201219 17:47:34.754" endtime="20201219 17:47:40.462" critical="yes"></status>
</test>
<status status="PASS" starttime="20201219 17:47:34.438" endtime="20201219 17:47:40.463"></status>
</suite>
<statistics>
<total>
<stat pass="1" fail="0">Critical Tests</stat>
<stat pass="1" fail="0">All Tests</stat>
</total>
<tag>
</tag>
<suite>
<stat pass="1" fail="0" id="s1" name="MouseOperations">MouseOperations</stat>
</suite>
</statistics>
<errors>
</errors>
</robot>
