<?xml version="1.0" encoding="UTF-8"?>
<robot generator="Robot 3.2.2 (Python 3.8.5 on darwin)" generated="20201205 12:17:29.252" rpa="false">
<suite id="s1" name="Dropdown" source="/Users/anrisawada/20projects/automation-robot/TestCases/Dropdown.robot">
<test id="s1-t1" name="Handling Dropdowns and Lists">
<kw name="Open Browser" library="SeleniumLibrary">
<doc>Opens a new browser instance to the optional ``url``.</doc>
<arguments>
<arg>${url}</arg>
<arg>${browser}</arg>
</arguments>
<msg timestamp="20201205 12:17:29.535" level="INFO">Opening browser 'chrome' to base url 'http://www.practiceselenium.com/practice-form.html'.</msg>
<status status="PASS" starttime="20201205 12:17:29.535" endtime="20201205 12:17:44.343"></status>
</kw>
<kw name="Maximize Browser Window" library="SeleniumLibrary">
<doc>Maximizes current browser window.</doc>
<status status="PASS" starttime="20201205 12:17:44.343" endtime="20201205 12:17:44.520"></status>
</kw>
<kw name="Select From List By Label" library="SeleniumLibrary">
<doc>Selects options from selection list ``locator`` by ``labels``.</doc>
<arguments>
<arg>continents</arg>
<arg>Australia</arg>
</arguments>
<msg timestamp="20201205 12:17:44.520" level="INFO">Selecting options from selection list 'continents' by label Australia.</msg>
<status status="PASS" starttime="20201205 12:17:44.520" endtime="20201205 12:17:44.684"></status>
</kw>
<kw name="Sleep" library="BuiltIn">
<doc>Pauses the test executed for the given time.</doc>
<arguments>
<arg>2s</arg>
</arguments>
<msg timestamp="20201205 12:17:46.687" level="INFO">Slept 2 seconds</msg>
<status status="PASS" starttime="20201205 12:17:44.685" endtime="20201205 12:17:46.688"></status>
</kw>
<kw name="Select From List By Index" library="SeleniumLibrary">
<doc>Selects options from selection list ``locator`` by ``indexes``.</doc>
<arguments>
<arg>continents</arg>
<arg>6</arg>
</arguments>
<msg timestamp="20201205 12:17:46.688" level="INFO">Selecting options from selection list 'continents' by index 6.</msg>
<status status="PASS" starttime="20201205 12:17:46.688" endtime="20201205 12:17:46.773"></status>
</kw>
<kw name="Select From List By Label" library="SeleniumLibrary">
<doc>Selects options from selection list ``locator`` by ``labels``.</doc>
<arguments>
<arg>selenium_commands</arg>
<arg>Switch Commands</arg>
</arguments>
<msg timestamp="20201205 12:17:46.774" level="INFO">Selecting options from selection list 'selenium_commands' by label Switch Commands.</msg>
<status status="PASS" starttime="20201205 12:17:46.774" endtime="20201205 12:17:46.839"></status>
</kw>
<kw name="Select From List By Label" library="SeleniumLibrary">
<doc>Selects options from selection list ``locator`` by ``labels``.</doc>
<arguments>
<arg>selenium_commands</arg>
<arg>Browser Commands</arg>
</arguments>
<msg timestamp="20201205 12:17:46.840" level="INFO">Selecting options from selection list 'selenium_commands' by label Browser Commands.</msg>
<status status="PASS" starttime="20201205 12:17:46.840" endtime="20201205 12:17:46.888"></status>
</kw>
<kw name="Sleep" library="BuiltIn">
<doc>Pauses the test executed for the given time.</doc>
<arguments>
<arg>2s</arg>
</arguments>
<msg timestamp="20201205 12:17:48.889" level="INFO">Slept 2 seconds</msg>
<status status="PASS" starttime="20201205 12:17:46.888" endtime="20201205 12:17:48.889"></status>
</kw>
<kw name="Unselect From List By Label" library="SeleniumLibrary">
<doc>Unselects options from selection list ``locator`` by ``labels``.</doc>
<arguments>
<arg>selenium_commands</arg>
<arg>Switch Commands</arg>
</arguments>
<msg timestamp="20201205 12:17:48.890" level="INFO">Un-selecting options from selection list 'selenium_commands' by label Switch Commands.</msg>
<status status="PASS" starttime="20201205 12:17:48.889" endtime="20201205 12:17:48.939"></status>
</kw>
<kw name="Sleep" library="BuiltIn">
<doc>Pauses the test executed for the given time.</doc>
<arguments>
<arg>2s</arg>
</arguments>
<msg timestamp="20201205 12:17:50.941" level="INFO">Slept 2 seconds</msg>
<status status="PASS" starttime="20201205 12:17:48.940" endtime="20201205 12:17:50.941"></status>
</kw>
<status status="PASS" starttime="20201205 12:17:29.534" endtime="20201205 12:17:50.941" critical="yes"></status>
</test>
<status status="PASS" starttime="20201205 12:17:29.254" endtime="20201205 12:17:50.942"></status>
</suite>
<statistics>
<total>
<stat pass="1" fail="0">Critical Tests</stat>
<stat pass="1" fail="0">All Tests</stat>
</total>
<tag>
</tag>
<suite>
<stat pass="1" fail="0" id="s1" name="Dropdown">Dropdown</stat>
</suite>
</statistics>
<errors>
</errors>
</robot>
