<?xml version="1.0" encoding="UTF-8"?>
<robot generator="Robot 3.2.2 (Python 3.8.5 on darwin)" generated="20201223 09:40:22.358" rpa="false">
<suite id="s1" name="TableDemo" source="/Users/anrisawada/20projects/automation-robot/TestCases/TableDemo.robot">
<test id="s1-t1" name="Table Validations">
<kw name="Open Browser" library="SeleniumLibrary">
<doc>Opens a new browser instance to the optional ``url``.</doc>
<arguments>
<arg>http://testautomationpractice.blogspot.com/</arg>
<arg>chrome</arg>
</arguments>
<msg timestamp="20201223 09:40:22.536" level="INFO">Opening browser 'chrome' to base url 'http://testautomationpractice.blogspot.com/'.</msg>
<status status="PASS" starttime="20201223 09:40:22.536" endtime="20201223 09:40:27.794"></status>
</kw>
<kw name="Maximize Browser Window" library="SeleniumLibrary">
<doc>Maximizes current browser window.</doc>
<status status="PASS" starttime="20201223 09:40:27.795" endtime="20201223 09:40:28.046"></status>
</kw>
<kw name="Get Element Count" library="SeleniumLibrary">
<doc>Returns the number of elements matching ``locator``.</doc>
<arguments>
<arg>xpath=//table[@name='BookTable']/tbody/tr</arg>
</arguments>
<assign>
<var>${rows}</var>
</assign>
<msg timestamp="20201223 09:40:28.093" level="INFO">${rows} = 7</msg>
<status status="PASS" starttime="20201223 09:40:28.046" endtime="20201223 09:40:28.093"></status>
</kw>
<kw name="Get Element Count" library="SeleniumLibrary">
<doc>Returns the number of elements matching ``locator``.</doc>
<arguments>
<arg>xpath=//table[@name='BookTable']/tbody/tr[1]/th</arg>
</arguments>
<assign>
<var>${columns}</var>
</assign>
<msg timestamp="20201223 09:40:28.105" level="INFO">${columns} = 4</msg>
<status status="PASS" starttime="20201223 09:40:28.094" endtime="20201223 09:40:28.105"></status>
</kw>
<kw name="Log To Console" library="BuiltIn">
<doc>Logs the given message to the console.</doc>
<arguments>
<arg>${rows}</arg>
</arguments>
<status status="PASS" starttime="20201223 09:40:28.106" endtime="20201223 09:40:28.106"></status>
</kw>
<kw name="Log To Console" library="BuiltIn">
<doc>Logs the given message to the console.</doc>
<arguments>
<arg>${columns}</arg>
</arguments>
<status status="PASS" starttime="20201223 09:40:28.106" endtime="20201223 09:40:28.107"></status>
</kw>
<kw name="Get Text" library="SeleniumLibrary">
<doc>Returns the text value of the element identified by ``locator``.</doc>
<arguments>
<arg>xpath=//table[@name='BookTable']/tbody/tr[5]/td[1]</arg>
</arguments>
<assign>
<var>${data}</var>
</assign>
<msg timestamp="20201223 09:40:28.132" level="INFO">${data} = Master In Selenium</msg>
<status status="PASS" starttime="20201223 09:40:28.107" endtime="20201223 09:40:28.133"></status>
</kw>
<kw name="Log To Console" library="BuiltIn">
<doc>Logs the given message to the console.</doc>
<arguments>
<arg>${data}</arg>
</arguments>
<status status="PASS" starttime="20201223 09:40:28.133" endtime="20201223 09:40:28.133"></status>
</kw>
<kw name="Table Column Should Contain" library="SeleniumLibrary">
<doc>Verifies table column contains text ``expected``.</doc>
<arguments>
<arg>xpath=//table[@name='BookTable']</arg>
<arg>2</arg>
<arg>Author</arg>
</arguments>
<status status="PASS" starttime="20201223 09:40:28.133" endtime="20201223 09:40:28.171"></status>
</kw>
<kw name="Table Row Should Contain" library="SeleniumLibrary">
<doc>Verifies that table row contains text ``expected``.</doc>
<arguments>
<arg>xpath=//table[@name='BookTable']</arg>
<arg>4</arg>
<arg>Learn JS</arg>
</arguments>
<status status="PASS" starttime="20201223 09:40:28.171" endtime="20201223 09:40:28.211"></status>
</kw>
<kw name="Table Cell Should Contain" library="SeleniumLibrary">
<doc>Verifies table cell contains text ``expected``.</doc>
<arguments>
<arg>xpath=//table[@name='BookTable']</arg>
<arg>5</arg>
<arg>2</arg>
<arg>Mukesh</arg>
</arguments>
<msg timestamp="20201223 09:40:28.257" level="INFO">Table cell contains 'Mukesh'.</msg>
<status status="PASS" starttime="20201223 09:40:28.211" endtime="20201223 09:40:28.257"></status>
</kw>
<kw name="Table Header Should Contain" library="SeleniumLibrary">
<doc>Verifies table header contains text ``expected``.</doc>
<arguments>
<arg>xpath=//table[@name='BookTable']</arg>
<arg>BookName</arg>
</arguments>
<status status="PASS" starttime="20201223 09:40:28.258" endtime="20201223 09:40:28.289"></status>
</kw>
<kw name="Close Browser" library="SeleniumLibrary">
<doc>Closes the current browser.</doc>
<status status="PASS" starttime="20201223 09:40:28.290" endtime="20201223 09:40:28.507"></status>
</kw>
<status status="PASS" starttime="20201223 09:40:22.535" endtime="20201223 09:40:28.508" critical="yes"></status>
</test>
<status status="PASS" starttime="20201223 09:40:22.360" endtime="20201223 09:40:28.509"></status>
</suite>
<statistics>
<total>
<stat pass="1" fail="0">Critical Tests</stat>
<stat pass="1" fail="0">All Tests</stat>
</total>
<tag>
</tag>
<suite>
<stat pass="1" fail="0" id="s1" name="TableDemo">TableDemo</stat>
</suite>
</statistics>
<errors>
</errors>
</robot>
