<?xml version="1.0" encoding="UTF-8"?>
<robot generator="Robot 3.2.2 (Python 3.8.5 on darwin)" generated="20201220 13:29:16.677" rpa="false">
<suite id="s1" name="MouseOperations" source="/Users/anrisawada/20projects/automation-robot/TestCases/MouseOperations.robot">
<test id="s1-t1" name="Mouse Actions">
<kw name="Open Browser" library="SeleniumLibrary">
<doc>Opens a new browser instance to the optional ``url``.</doc>
<arguments>
<arg>https://swisnl.github.io/jQuery-contextMenu/demo.html</arg>
<arg>chrome</arg>
</arguments>
<msg timestamp="20201220 13:29:17.022" level="INFO">Opening browser 'chrome' to base url 'https://swisnl.github.io/jQuery-contextMenu/demo.html'.</msg>
<status status="PASS" starttime="20201220 13:29:17.022" endtime="20201220 13:29:21.318"></status>
</kw>
<kw name="Maximize Browser Window" library="SeleniumLibrary">
<doc>Maximizes current browser window.</doc>
<status status="PASS" starttime="20201220 13:29:21.318" endtime="20201220 13:29:21.508"></status>
</kw>
<kw name="Open Context Menu" library="SeleniumLibrary">
<doc>Opens the context menu on the element identified by ``locator``.</doc>
<arguments>
<arg>xpath=/html/body/div/section/div/div/div/p/span</arg>
</arguments>
<status status="PASS" starttime="20201220 13:29:21.508" endtime="20201220 13:29:21.852"></status>
</kw>
<kw name="Sleep" library="BuiltIn">
<doc>Pauses the test executed for the given time.</doc>
<arguments>
<arg>2s</arg>
</arguments>
<msg timestamp="20201220 13:29:23.854" level="INFO">Slept 2 seconds</msg>
<status status="PASS" starttime="20201220 13:29:21.853" endtime="20201220 13:29:23.855"></status>
</kw>
<kw name="Go To" library="SeleniumLibrary">
<doc>Navigates the current browser window to the provided ``url``.</doc>
<arguments>
<arg>http://testautomationpractice.blogspot.com/</arg>
</arguments>
<msg timestamp="20201220 13:29:23.855" level="INFO">Opening url 'http://testautomationpractice.blogspot.com/'</msg>
<status status="PASS" starttime="20201220 13:29:23.855" endtime="20201220 13:29:27.337"></status>
</kw>
<kw name="Maximize Browser Window" library="SeleniumLibrary">
<doc>Maximizes current browser window.</doc>
<status status="PASS" starttime="20201220 13:29:27.337" endtime="20201220 13:29:27.518"></status>
</kw>
<kw name="Double Click Element" library="SeleniumLibrary">
<doc>Double clicks the element identified by ``locator``.</doc>
<arguments>
<arg>xpath=//*[@id="HTML10"]/div[1]/button</arg>
</arguments>
<msg timestamp="20201220 13:29:27.519" level="INFO">Double clicking element 'xpath=//*[@id="HTML10"]/div[1]/button'.</msg>
<status status="PASS" starttime="20201220 13:29:27.519" endtime="20201220 13:29:27.810"></status>
</kw>
<kw name="Sleep" library="BuiltIn">
<doc>Pauses the test executed for the given time.</doc>
<arguments>
<arg>3s</arg>
</arguments>
<msg timestamp="20201220 13:29:30.810" level="INFO">Slept 3 seconds</msg>
<status status="PASS" starttime="20201220 13:29:27.810" endtime="20201220 13:29:30.811"></status>
</kw>
<kw name="Go To" library="SeleniumLibrary">
<doc>Navigates the current browser window to the provided ``url``.</doc>
<arguments>
<arg>http://www.dhtmlgoodies.com/scripts/drag-drop-custom/demo-drag-drop-3.html</arg>
</arguments>
<msg timestamp="20201220 13:29:30.811" level="INFO">Opening url 'http://www.dhtmlgoodies.com/scripts/drag-drop-custom/demo-drag-drop-3.html'</msg>
<status status="PASS" starttime="20201220 13:29:30.811" endtime="20201220 13:29:32.880"></status>
</kw>
<kw name="Maximize Browser Window" library="SeleniumLibrary">
<doc>Maximizes current browser window.</doc>
<status status="PASS" starttime="20201220 13:29:32.880" endtime="20201220 13:29:32.985"></status>
</kw>
<kw name="Drag And Drop" library="SeleniumLibrary">
<doc>Drags the element identified by ``locator`` into the ``target`` element.</doc>
<arguments>
<arg>id=box6</arg>
<arg>id=box106</arg>
</arguments>
<status status="PASS" starttime="20201220 13:29:32.985" endtime="20201220 13:29:33.582"></status>
</kw>
<kw name="Sleep" library="BuiltIn">
<doc>Pauses the test executed for the given time.</doc>
<arguments>
<arg>2s</arg>
</arguments>
<msg timestamp="20201220 13:29:35.583" level="INFO">Slept 2 seconds</msg>
<status status="PASS" starttime="20201220 13:29:33.582" endtime="20201220 13:29:35.583"></status>
</kw>
<kw name="Close Browser" library="SeleniumLibrary">
<doc>Closes the current browser.</doc>
<status status="PASS" starttime="20201220 13:29:35.584" endtime="20201220 13:29:35.817"></status>
</kw>
<status status="PASS" starttime="20201220 13:29:17.021" endtime="20201220 13:29:35.817" critical="yes"></status>
</test>
<status status="PASS" starttime="20201220 13:29:16.685" endtime="20201220 13:29:35.818"></status>
</suite>
<statistics>
<total>
<stat pass="1" fail="0">Critical Tests</stat>
<stat pass="1" fail="0">All Tests</stat>
</total>
<tag>
</tag>
<suite>
<stat pass="1" fail="0" id="s1" name="MouseOperations">MouseOperations</stat>
</suite>
</statistics>
<errors>
</errors>
</robot>
