<?xml version="1.0" encoding="UTF-8"?>
<robot generator="Robot 3.2.2 (Python 3.8.5 on darwin)" generated="20201203 07:45:46.765" rpa="false">
<suite id="s1" name="Radiobuttons" source="/Users/anrisawada/20projects/automation-robot/TestCases/Radiobuttons.robot">
<test id="s1-t1" name="Testing Radio Buttons and Check Boxes">
<kw name="Open Browser" library="SeleniumLibrary">
<doc>Opens a new browser instance to the optional ``url``.</doc>
<arguments>
<arg>${url}</arg>
<arg>${browser}</arg>
</arguments>
<msg timestamp="20201203 07:45:47.070" level="INFO">Opening browser 'chrome' to base url 'http://www.practiceselenium.com/practice-form.html'.</msg>
<status status="PASS" starttime="20201203 07:45:47.070" endtime="20201203 07:45:59.864"></status>
</kw>
<kw name="Maximize Browser Window" library="SeleniumLibrary">
<doc>Maximizes current browser window.</doc>
<status status="PASS" starttime="20201203 07:45:59.865" endtime="20201203 07:46:00.029"></status>
</kw>
<kw name="Set Selenium Speed" library="SeleniumLibrary">
<doc>Sets the delay that is waited after each Selenium command.</doc>
<arguments>
<arg>2seconds</arg>
</arguments>
<status status="PASS" starttime="20201203 07:46:00.030" endtime="20201203 07:46:00.030"></status>
</kw>
<kw name="Select Radio Button" library="SeleniumLibrary">
<doc>Sets the radio button group ``group_name`` to ``value``.</doc>
<arguments>
<arg>sex</arg>
<arg>Female</arg>
</arguments>
<msg timestamp="20201203 07:46:00.031" level="INFO">Selecting 'Female' from radio button 'sex'.</msg>
<status status="PASS" starttime="20201203 07:46:00.030" endtime="20201203 07:46:06.122"></status>
</kw>
<kw name="Select Radio Button" library="SeleniumLibrary">
<doc>Sets the radio button group ``group_name`` to ``value``.</doc>
<arguments>
<arg>exp</arg>
<arg>5</arg>
</arguments>
<msg timestamp="20201203 07:46:06.123" level="INFO">Selecting '5' from radio button 'exp'.</msg>
<status status="PASS" starttime="20201203 07:46:06.123" endtime="20201203 07:46:12.180"></status>
</kw>
<kw name="Select Checkbox" library="SeleniumLibrary">
<doc>Selects the checkbox identified by ``locator``.</doc>
<arguments>
<arg>BlackTea</arg>
</arguments>
<msg timestamp="20201203 07:46:12.181" level="INFO">Selecting checkbox 'BlackTea'.</msg>
<status status="PASS" starttime="20201203 07:46:12.181" endtime="20201203 07:46:20.251"></status>
</kw>
<kw name="Select Checkbox" library="SeleniumLibrary">
<doc>Selects the checkbox identified by ``locator``.</doc>
<arguments>
<arg>RedTea</arg>
</arguments>
<msg timestamp="20201203 07:46:20.252" level="INFO">Selecting checkbox 'RedTea'.</msg>
<status status="PASS" starttime="20201203 07:46:20.252" endtime="20201203 07:46:28.325"></status>
</kw>
<kw name="Unselect Checkbox" library="SeleniumLibrary">
<doc>Removes the selection of checkbox identified by ``locator``.</doc>
<arguments>
<arg>BlackTea</arg>
</arguments>
<msg timestamp="20201203 07:46:28.325" level="INFO">Unselecting checkbox 'BlackTea'.</msg>
<status status="PASS" starttime="20201203 07:46:28.325" endtime="20201203 07:46:36.374"></status>
</kw>
<status status="PASS" starttime="20201203 07:45:47.069" endtime="20201203 07:46:36.375" critical="yes"></status>
</test>
<status status="PASS" starttime="20201203 07:45:46.766" endtime="20201203 07:46:36.376"></status>
</suite>
<statistics>
<total>
<stat pass="1" fail="0">Critical Tests</stat>
<stat pass="1" fail="0">All Tests</stat>
</total>
<tag>
</tag>
<suite>
<stat pass="1" fail="0" id="s1" name="Radiobuttons">Radiobuttons</stat>
</suite>
</statistics>
<errors>
</errors>
</robot>
