<?xml version="1.0" encoding="UTF-8"?>
<robot generator="Robot 3.2.2 (Python 3.8.5 on darwin)" generated="20201217 10:58:33.563" rpa="false">
<suite id="s1" name="NavigationKeywords" source="/Users/anrisawada/20projects/automation-robot/TestCases/NavigationKeywords.robot">
<test id="s1-t1" name="Navigation Test">
<kw name="Open Browser" library="SeleniumLibrary">
<doc>Opens a new browser instance to the optional ``url``.</doc>
<arguments>
<arg>https://www.google.com</arg>
<arg>chrome</arg>
</arguments>
<msg timestamp="20201217 10:58:33.903" level="INFO">Opening browser 'chrome' to base url 'https://www.google.com'.</msg>
<status status="PASS" starttime="20201217 10:58:33.903" endtime="20201217 10:58:38.251"></status>
</kw>
<kw name="Get Location" library="SeleniumLibrary">
<doc>Returns the current browser window URL.</doc>
<assign>
<var>${location}</var>
</assign>
<msg timestamp="20201217 10:58:38.265" level="INFO">${location} = https://www.google.com/</msg>
<status status="PASS" starttime="20201217 10:58:38.251" endtime="20201217 10:58:38.265"></status>
</kw>
<kw name="Log To Console" library="BuiltIn">
<doc>Logs the given message to the console.</doc>
<arguments>
<arg>${location}</arg>
</arguments>
<status status="PASS" starttime="20201217 10:58:38.265" endtime="20201217 10:58:38.266"></status>
</kw>
<kw name="Sleep" library="BuiltIn">
<doc>Pauses the test executed for the given time.</doc>
<arguments>
<arg>2s</arg>
</arguments>
<msg timestamp="20201217 10:58:40.267" level="INFO">Slept 2 seconds</msg>
<status status="PASS" starttime="20201217 10:58:38.266" endtime="20201217 10:58:40.268"></status>
</kw>
<kw name="Go To" library="SeleniumLibrary">
<doc>Navigates the current browser window to the provided ``url``.</doc>
<arguments>
<arg>https://www.bing.com</arg>
</arguments>
<msg timestamp="20201217 10:58:40.268" level="INFO">Opening url 'https://www.bing.com'</msg>
<status status="PASS" starttime="20201217 10:58:40.268" endtime="20201217 10:58:40.828"></status>
</kw>
<kw name="Get Location" library="SeleniumLibrary">
<doc>Returns the current browser window URL.</doc>
<assign>
<var>${location}</var>
</assign>
<msg timestamp="20201217 10:58:40.834" level="INFO">${location} = https://www.bing.com/</msg>
<status status="PASS" starttime="20201217 10:58:40.828" endtime="20201217 10:58:40.834"></status>
</kw>
<kw name="Log To Console" library="BuiltIn">
<doc>Logs the given message to the console.</doc>
<arguments>
<arg>${location}</arg>
</arguments>
<status status="PASS" starttime="20201217 10:58:40.834" endtime="20201217 10:58:40.835"></status>
</kw>
<kw name="Sleep" library="BuiltIn">
<doc>Pauses the test executed for the given time.</doc>
<arguments>
<arg>2s</arg>
</arguments>
<msg timestamp="20201217 10:58:42.837" level="INFO">Slept 2 seconds</msg>
<status status="PASS" starttime="20201217 10:58:40.835" endtime="20201217 10:58:42.838"></status>
</kw>
<kw name="Go Back" library="SeleniumLibrary">
<doc>Simulates the user clicking the back button on their browser.</doc>
<status status="PASS" starttime="20201217 10:58:42.838" endtime="20201217 10:58:43.286"></status>
</kw>
<kw name="Sleep" library="BuiltIn">
<doc>Pauses the test executed for the given time.</doc>
<arguments>
<arg>2s</arg>
</arguments>
<msg timestamp="20201217 10:58:45.288" level="INFO">Slept 2 seconds</msg>
<status status="PASS" starttime="20201217 10:58:43.286" endtime="20201217 10:58:45.288"></status>
</kw>
<kw name="Close Browser" library="SeleniumLibrary">
<doc>Closes the current browser.</doc>
<status status="PASS" starttime="20201217 10:58:45.289" endtime="20201217 10:58:45.492"></status>
</kw>
<status status="PASS" starttime="20201217 10:58:33.902" endtime="20201217 10:58:45.493" critical="yes"></status>
</test>
<status status="PASS" starttime="20201217 10:58:33.564" endtime="20201217 10:58:45.494"></status>
</suite>
<statistics>
<total>
<stat pass="1" fail="0">Critical Tests</stat>
<stat pass="1" fail="0">All Tests</stat>
</total>
<tag>
</tag>
<suite>
<stat pass="1" fail="0" id="s1" name="NavigationKeywords">NavigationKeywords</stat>
</suite>
</statistics>
<errors>
</errors>
</robot>
