<?xml version="1.0" encoding="UTF-8"?>
<robot generator="Robot 3.2.2 (Python 3.8.5 on darwin)" generated="20201210 07:44:31.693" rpa="false">
<suite id="s1" name="Inputbox" source="/Users/anrisawada/20projects/automation-robot/TestCases/Inputbox.robot">
<test id="s1-t1" name="TestingInputBox">
<kw name="Open Browser" library="SeleniumLibrary">
<doc>Opens a new browser instance to the optional ``url``.</doc>
<arguments>
<arg>${url}</arg>
<arg>${browser}</arg>
</arguments>
<msg timestamp="20201210 07:44:32.028" level="INFO">Opening browser 'chrome' to base url 'https://demo.nopcommerce.com'.</msg>
<status status="PASS" starttime="20201210 07:44:32.028" endtime="20201210 07:44:35.508"></status>
</kw>
<kw name="Maximize Browser Window" library="SeleniumLibrary">
<doc>Maximizes current browser window.</doc>
<status status="PASS" starttime="20201210 07:44:35.508" endtime="20201210 07:44:35.682"></status>
</kw>
<kw name="Title Should Be" library="SeleniumLibrary">
<doc>Verifies that the current page title equals ``title``.</doc>
<arguments>
<arg>nopCommerce demo store</arg>
</arguments>
<msg timestamp="20201210 07:44:35.713" level="INFO">Page title is 'nopCommerce demo store'.</msg>
<status status="PASS" starttime="20201210 07:44:35.683" endtime="20201210 07:44:35.713"></status>
</kw>
<kw name="Click Link" library="SeleniumLibrary">
<doc>Clicks a link identified by ``locator``.</doc>
<arguments>
<arg>xpath=//a[@href='/login?returnUrl=%2F']</arg>
</arguments>
<msg timestamp="20201210 07:44:35.714" level="INFO">Clicking link 'xpath=//a[@href='/login?returnUrl=%2F']'.</msg>
<status status="PASS" starttime="20201210 07:44:35.714" endtime="20201210 07:44:36.495"></status>
</kw>
<kw name="Set Variable" library="BuiltIn">
<doc>Returns the given values which can then be assigned to a variables.</doc>
<arguments>
<arg>id:Email</arg>
</arguments>
<assign>
<var>${"email_txt"}</var>
</assign>
<msg timestamp="20201210 07:44:36.495" level="INFO">${"email_txt"} = id:Email</msg>
<status status="PASS" starttime="20201210 07:44:36.495" endtime="20201210 07:44:36.495"></status>
</kw>
<kw name="Element Should Be Visible" library="SeleniumLibrary">
<doc>Verifies that the element identified by ``locator`` is visible.</doc>
<arguments>
<arg>${"email_txt"}</arg>
</arguments>
<msg timestamp="20201210 07:44:36.517" level="INFO">Element 'id:Email' is displayed.</msg>
<status status="PASS" starttime="20201210 07:44:36.496" endtime="20201210 07:44:36.517"></status>
</kw>
<kw name="Element Should Be Enabled" library="SeleniumLibrary">
<doc>Verifies that element identified by ``locator`` is enabled.</doc>
<arguments>
<arg>${"email_txt"}</arg>
</arguments>
<status status="PASS" starttime="20201210 07:44:36.517" endtime="20201210 07:44:36.538"></status>
</kw>
<kw name="Input Text" library="SeleniumLibrary">
<doc>Types the given ``text`` into the text field identified by ``locator``.</doc>
<arguments>
<arg>${"email_txt"}</arg>
<arg>john@email.com</arg>
</arguments>
<msg timestamp="20201210 07:44:36.538" level="INFO">Typing text 'john@email.com' into text field 'id:Email'.</msg>
<status status="PASS" starttime="20201210 07:44:36.538" endtime="20201210 07:44:36.647"></status>
</kw>
<kw name="Sleep" library="BuiltIn">
<doc>Pauses the test executed for the given time.</doc>
<arguments>
<arg>5s</arg>
</arguments>
<msg timestamp="20201210 07:44:41.650" level="INFO">Slept 5 seconds</msg>
<status status="PASS" starttime="20201210 07:44:36.647" endtime="20201210 07:44:41.650"></status>
</kw>
<kw name="Clear Element Text" library="SeleniumLibrary">
<doc>Clears the value of the text-input-element identified by ``locator``.</doc>
<arguments>
<arg>${"email_txt"}</arg>
</arguments>
<status status="PASS" starttime="20201210 07:44:41.651" endtime="20201210 07:44:41.671"></status>
</kw>
<kw name="Sleep" library="BuiltIn">
<doc>Pauses the test executed for the given time.</doc>
<arguments>
<arg>3s</arg>
</arguments>
<msg timestamp="20201210 07:44:44.674" level="INFO">Slept 3 seconds</msg>
<status status="PASS" starttime="20201210 07:44:41.672" endtime="20201210 07:44:44.674"></status>
</kw>
<kw name="Close Browser" library="SeleniumLibrary">
<doc>Closes the current browser.</doc>
<status status="PASS" starttime="20201210 07:44:44.674" endtime="20201210 07:44:44.863"></status>
</kw>
<status status="PASS" starttime="20201210 07:44:32.027" endtime="20201210 07:44:44.864" critical="yes"></status>
</test>
<status status="PASS" starttime="20201210 07:44:31.695" endtime="20201210 07:44:44.867"></status>
</suite>
<statistics>
<total>
<stat pass="1" fail="0">Critical Tests</stat>
<stat pass="1" fail="0">All Tests</stat>
</total>
<tag>
</tag>
<suite>
<stat pass="1" fail="0" id="s1" name="Inputbox">Inputbox</stat>
</suite>
</statistics>
<errors>
</errors>
</robot>
