<?xml version="1.0" encoding="UTF-8"?>
<robot generator="Robot 3.2.2 (Python 3.8.5 on darwin)" generated="20210112 18:18:01.738" rpa="false">
<suite id="s1" name="Test1" source="/Users/anrisawada/20projects/automation-robot/Simple_Test/Test1.robot">
<test id="s1-t1" name="Test Case 1">
<kw name="Open Browser" library="SeleniumLibrary">
<doc>Opens a new browser instance to the optional ``url``.</doc>
<arguments>
<arg>https://robotframework.org/</arg>
<arg>chrome</arg>
</arguments>
<msg timestamp="20210112 18:18:02.086" level="INFO">Opening browser 'chrome' to base url 'https://robotframework.org/'.</msg>
<status status="PASS" starttime="20210112 18:18:02.085" endtime="20210112 18:18:07.849"></status>
</kw>
<kw name="Close Browser" library="SeleniumLibrary">
<doc>Closes the current browser.</doc>
<status status="PASS" starttime="20210112 18:18:07.852" endtime="20210112 18:18:08.113"></status>
</kw>
<status status="PASS" starttime="20210112 18:18:02.085" endtime="20210112 18:18:08.114" critical="yes"></status>
</test>
<test id="s1-t2" name="Test Case 2">
<kw name="Open Browser" library="SeleniumLibrary">
<doc>Opens a new browser instance to the optional ``url``.</doc>
<arguments>
<arg>https://opensource-demo.orangehrmlive.com/</arg>
<arg>firefox</arg>
</arguments>
<msg timestamp="20210112 18:18:08.116" level="INFO">Opening browser 'firefox' to base url 'https://opensource-demo.orangehrmlive.com/'.</msg>
<msg timestamp="20210112 18:18:08.118" level="INFO">Firefox driver log is always forced to to: /Users/anrisawada/20projects/automation-robot/geckodriver-1.log</msg>
<status status="PASS" starttime="20210112 18:18:08.116" endtime="20210112 18:18:14.454"></status>
</kw>
<kw name="Input Text" library="SeleniumLibrary">
<doc>Types the given ``text`` into the text field identified by ``locator``.</doc>
<arguments>
<arg>id=txtUsername</arg>
<arg>Admin</arg>
</arguments>
<msg timestamp="20210112 18:18:14.454" level="INFO">Typing text 'Admin' into text field 'id=txtUsername'.</msg>
<status status="PASS" starttime="20210112 18:18:14.454" endtime="20210112 18:18:14.581"></status>
</kw>
<kw name="Close Browser" library="SeleniumLibrary">
<doc>Closes the current browser.</doc>
<status status="PASS" starttime="20210112 18:18:14.581" endtime="20210112 18:18:15.318"></status>
</kw>
<status status="PASS" starttime="20210112 18:18:08.115" endtime="20210112 18:18:15.320" critical="yes"></status>
</test>
<status status="PASS" starttime="20210112 18:18:01.739" endtime="20210112 18:18:15.322"></status>
</suite>
<statistics>
<total>
<stat pass="2" fail="0">Critical Tests</stat>
<stat pass="2" fail="0">All Tests</stat>
</total>
<tag>
</tag>
<suite>
<stat pass="2" fail="0" id="s1" name="Test1">Test1</stat>
</suite>
</statistics>
<errors>
</errors>
</robot>
