<?xml version="1.0" encoding="UTF-8"?>
<robot generator="Robot 3.2.2 (Python 3.8.5 on darwin)" generated="20201230 13:18:59.163" rpa="false">
<suite id="s1" name="DDT2 Excel" source="/Users/anrisawada/20projects/automation-robot/TestCases/DDT2_Excel.robot">
<kw name="Open My Browser" library="login_resources" type="setup">
<kw name="Open Browser" library="SeleniumLibrary">
<doc>Opens a new browser instance to the optional ``url``.</doc>
<arguments>
<arg>${LOGIN URL}</arg>
<arg>${BROWSER}</arg>
</arguments>
<msg timestamp="20201230 13:18:59.551" level="INFO">Opening browser 'chrome' to base url 'https://admin-demo.nopcommerce.com'.</msg>
<status status="PASS" starttime="20201230 13:18:59.551" endtime="20201230 13:19:03.928"></status>
</kw>
<status status="PASS" starttime="20201230 13:18:59.551" endtime="20201230 13:19:03.929"></status>
</kw>
<test id="s1-t1" name="Login Test with Excel">
<kw name="Invalid Login">
<arguments>
<arg>Invalid Login</arg>
<arg>${username}</arg>
<arg>${password}</arg>
</arguments>
<msg timestamp="20201230 13:19:03.933" level="FAIL">Variable '${username}' not found.</msg>
<status status="FAIL" starttime="20201230 13:19:03.930" endtime="20201230 13:19:03.933"></status>
</kw>
<status status="FAIL" starttime="20201230 13:19:03.929" endtime="20201230 13:19:03.933" critical="yes">Variable '${username}' not found.</status>
</test>
<kw name="Close Browsers" library="login_resources" type="teardown">
<kw name="Close All Browsers" library="SeleniumLibrary">
<doc>Closes all open browsers and resets the browser cache.</doc>
<status status="PASS" starttime="20201230 13:19:03.935" endtime="20201230 13:19:04.118"></status>
</kw>
<status status="PASS" starttime="20201230 13:19:03.934" endtime="20201230 13:19:04.118"></status>
</kw>
<status status="FAIL" starttime="20201230 13:18:59.171" endtime="20201230 13:19:04.118"></status>
</suite>
<statistics>
<total>
<stat pass="0" fail="1">Critical Tests</stat>
<stat pass="0" fail="1">All Tests</stat>

</total>
<tag>
</tag>
<suite>
<stat pass="0" fail="1" id="s1" name="DDT2 Excel">DDT2 Excel</stat>
</suite>
</statistics>
<errors>
<msg timestamp="20201230 13:18:59.550" level="ERROR">Calling method '_start_suite' of listener 'DataDriver' failed: ImportError: Requirements (pandas, numpy) for XLS support are not installed.
    Use 'pip install -U robotframework-datadriver[XLS]' to install XLS support.</msg>
</errors>
</robot>
