<?xml version="1.0" encoding="UTF-8"?>
<robot generator="Robot 3.2.2 (Python 3.8.5 on darwin)" generated="20201231 10:34:22.354" rpa="false">
<suite id="s1" name="SetupAndTearDown" source="/Users/anrisawada/20projects/automation-robot/TestCases/SetupAndTearDown.robot">
<kw name="Log To Console" library="BuiltIn" type="setup">
<doc>Logs the given message to the console.</doc>
<arguments>
<arg>Opening Browser</arg>
</arguments>
<status status="PASS" starttime="20201231 10:34:22.391" endtime="20201231 10:34:22.391"></status>
</kw>
<test id="s1-t1" name="Test Case 1 Prepaid Recharge">
<kw name="Log To Console" library="BuiltIn" type="setup">
<doc>Logs the given message to the console.</doc>
<arguments>
<arg>Login To Application</arg>
</arguments>
<status status="PASS" starttime="20201231 10:34:22.392" endtime="20201231 10:34:22.392"></status>
</kw>
<kw name="Log To Console" library="BuiltIn">
<doc>Logs the given message to the console.</doc>
<arguments>
<arg>This is prepaid recharge test case 1</arg>
</arguments>
<status status="PASS" starttime="20201231 10:34:22.392" endtime="20201231 10:34:22.393"></status>
</kw>
<kw name="Log To Console" library="BuiltIn" type="teardown">
<doc>Logs the given message to the console.</doc>
<arguments>
<arg>Logout From Application</arg>
</arguments>
<status status="PASS" starttime="20201231 10:34:22.393" endtime="20201231 10:34:22.394"></status>
</kw>
<status status="PASS" starttime="20201231 10:34:22.391" endtime="20201231 10:34:22.394" critical="yes"></status>
</test>
<test id="s1-t2" name="Test Case 2 Postpaid Recharge">
<kw name="Log To Console" library="BuiltIn" type="setup">
<doc>Logs the given message to the console.</doc>
<arguments>
<arg>Login To Application</arg>
</arguments>
<status status="PASS" starttime="20201231 10:34:22.394" endtime="20201231 10:34:22.395"></status>
</kw>
<kw name="Log To Console" library="BuiltIn">
<doc>Logs the given message to the console.</doc>
<arguments>
<arg>This is prepaid recharge test case 2</arg>
</arguments>
<status status="PASS" starttime="20201231 10:34:22.395" endtime="20201231 10:34:22.395"></status>
</kw>
<kw name="Log To Console" library="BuiltIn" type="teardown">
<doc>Logs the given message to the console.</doc>
<arguments>
<arg>Logout From Application</arg>
</arguments>
<status status="PASS" starttime="20201231 10:34:22.395" endtime="20201231 10:34:22.396"></status>
</kw>
<status status="PASS" starttime="20201231 10:34:22.394" endtime="20201231 10:34:22.396" critical="yes"></status>
</test>
<test id="s1-t3" name="Test Case 3 Search">
<kw name="Log To Console" library="BuiltIn" type="setup">
<doc>Logs the given message to the console.</doc>
<arguments>
<arg>Login To Application</arg>
</arguments>
<status status="PASS" starttime="20201231 10:34:22.396" endtime="20201231 10:34:22.397"></status>
</kw>
<kw name="Log To Console" library="BuiltIn">
<doc>Logs the given message to the console.</doc>
<arguments>
<arg>This is Search Test Case</arg>
</arguments>
<status status="PASS" starttime="20201231 10:34:22.397" endtime="20201231 10:34:22.397"></status>
</kw>
<kw name="Log To Console" library="BuiltIn" type="teardown">
<doc>Logs the given message to the console.</doc>
<arguments>
<arg>Logout From Application</arg>
</arguments>
<status status="PASS" starttime="20201231 10:34:22.397" endtime="20201231 10:34:22.398"></status>
</kw>
<status status="PASS" starttime="20201231 10:34:22.396" endtime="20201231 10:34:22.398" critical="yes"></status>
</test>
<test id="s1-t4" name="Test Case 4 Advanced Search">
<kw name="Log To Console" library="BuiltIn" type="setup">
<doc>Logs the given message to the console.</doc>
<arguments>
<arg>Login To Application</arg>
</arguments>
<status status="PASS" starttime="20201231 10:34:22.406" endtime="20201231 10:34:22.406"></status>
</kw>
<kw name="Log To Console" library="BuiltIn">
<doc>Logs the given message to the console.</doc>
<arguments>
<arg>This is an Advanced Search</arg>
</arguments>
<status status="PASS" starttime="20201231 10:34:22.406" endtime="20201231 10:34:22.407"></status>
</kw>
<kw name="Log To Console" library="BuiltIn" type="teardown">
<doc>Logs the given message to the console.</doc>
<arguments>
<arg>Logout From Application</arg>
</arguments>
<status status="PASS" starttime="20201231 10:34:22.408" endtime="20201231 10:34:22.408"></status>
</kw>
<status status="PASS" starttime="20201231 10:34:22.404" endtime="20201231 10:34:22.408" critical="yes"></status>
</test>
<kw name="Log To Console" library="BuiltIn" type="teardown">
<doc>Logs the given message to the console.</doc>
<arguments>
<arg>Closing Browser</arg>
</arguments>
<status status="PASS" starttime="20201231 10:34:22.409" endtime="20201231 10:34:22.410"></status>
</kw>
<status status="PASS" starttime="20201231 10:34:22.355" endtime="20201231 10:34:22.410"></status>
</suite>
<statistics>
<total>
<stat pass="4" fail="0">Critical Tests</stat>
<stat pass="4" fail="0">All Tests</stat>
</total>
<tag>
</tag>
<suite>
<stat pass="4" fail="0" id="s1" name="SetupAndTearDown">SetupAndTearDown</stat>
</suite>
</statistics>
<errors>
</errors>
</robot>
