<?xml version="1.0" encoding="UTF-8"?>
<robot generator="Robot 3.2.2 (Python 3.8.5 on darwin)" generated="20201207 07:48:02.282" rpa="false">
<suite id="s1" name="SpeedTests" source="/Users/anrisawada/20projects/automation-robot/TestCases/SpeedTests.robot">
<test id="s1-t1" name="Register Test">
<kw name="Open Browser" library="SeleniumLibrary">
<doc>Opens a new browser instance to the optional ``url``.</doc>
<arguments>
<arg>http://demowebshop.tricentis.com/register</arg>
<arg>chrome</arg>
</arguments>
<msg timestamp="20201207 07:48:02.675" level="INFO">Opening browser 'chrome' to base url 'http://demowebshop.tricentis.com/register'.</msg>
<status status="PASS" starttime="20201207 07:48:02.675" endtime="20201207 07:48:07.856"></status>
</kw>
<kw name="Maximize Browser Window" library="SeleniumLibrary">
<doc>Maximizes current browser window.</doc>
<status status="PASS" starttime="20201207 07:48:07.857" endtime="20201207 07:48:08.025"></status>
</kw>
<kw name="Sleep" library="BuiltIn">
<doc>Pauses the test executed for the given time.</doc>
<arguments>
<arg>3s</arg>
</arguments>
<msg timestamp="20201207 07:48:11.027" level="INFO">Slept 3 seconds</msg>
<status status="PASS" starttime="20201207 07:48:08.026" endtime="20201207 07:48:11.027"></status>
</kw>
<kw name="Select Radio Button" library="SeleniumLibrary">
<doc>Sets the radio button group ``group_name`` to ``value``.</doc>
<arguments>
<arg>Gender</arg>
<arg>M</arg>
</arguments>
<msg timestamp="20201207 07:48:11.028" level="INFO">Selecting 'M' from radio button 'Gender'.</msg>
<status status="PASS" starttime="20201207 07:48:11.028" endtime="20201207 07:48:11.084"></status>
</kw>
<kw name="Input Text" library="SeleniumLibrary">
<doc>Types the given ``text`` into the text field identified by ``locator``.</doc>
<arguments>
<arg>name=FirstName</arg>
<arg>John</arg>
</arguments>
<msg timestamp="20201207 07:48:11.084" level="INFO">Typing text 'John' into text field 'name=FirstName'.</msg>
<status status="PASS" starttime="20201207 07:48:11.084" endtime="20201207 07:48:11.250"></status>
</kw>
<kw name="Input Text" library="SeleniumLibrary">
<doc>Types the given ``text`` into the text field identified by ``locator``.</doc>
<arguments>
<arg>name=LastName</arg>
<arg>Doe</arg>
</arguments>
<msg timestamp="20201207 07:48:11.250" level="INFO">Typing text 'Doe' into text field 'name=LastName'.</msg>
<status status="PASS" starttime="20201207 07:48:11.250" endtime="20201207 07:48:11.333"></status>
</kw>
<kw name="Input Text" library="SeleniumLibrary">
<doc>Types the given ``text`` into the text field identified by ``locator``.</doc>
<arguments>
<arg>name=Email</arg>
<arg>john.doe@mail.com</arg>
</arguments>
<msg timestamp="20201207 07:48:11.333" level="INFO">Typing text 'john.doe@mail.com' into text field 'name=Email'.</msg>
<status status="PASS" starttime="20201207 07:48:11.333" endtime="20201207 07:48:11.422"></status>
</kw>
<kw name="Input Text" library="SeleniumLibrary">
<doc>Types the given ``text`` into the text field identified by ``locator``.</doc>
<arguments>
<arg>name=Password</arg>
<arg>password</arg>
</arguments>
<msg timestamp="20201207 07:48:11.422" level="INFO">Typing text 'password' into text field 'name=Password'.</msg>
<status status="PASS" starttime="20201207 07:48:11.422" endtime="20201207 07:48:11.504"></status>
</kw>
<kw name="Input Text" library="SeleniumLibrary">
<doc>Types the given ``text`` into the text field identified by ``locator``.</doc>
<arguments>
<arg>name=ConfirmPassword</arg>
<arg>password</arg>
</arguments>
<msg timestamp="20201207 07:48:11.505" level="INFO">Typing text 'password' into text field 'name=ConfirmPassword'.</msg>
<status status="PASS" starttime="20201207 07:48:11.505" endtime="20201207 07:48:11.582"></status>
</kw>
<status status="PASS" starttime="20201207 07:48:02.674" endtime="20201207 07:48:11.583" critical="yes"></status>
</test>
<status status="PASS" starttime="20201207 07:48:02.284" endtime="20201207 07:48:11.585"></status>
</suite>
<statistics>
<total>
<stat pass="1" fail="0">Critical Tests</stat>
<stat pass="1" fail="0">All Tests</stat>
</total>
<tag>
</tag>
<suite>
<stat pass="1" fail="0" id="s1" name="SpeedTests">SpeedTests</stat>
</suite>
</statistics>
<errors>
</errors>
</robot>
