<?xml version="1.0" encoding="UTF-8"?>
<robot generator="Robot 3.2.2 (Python 3.8.5 on darwin)" generated="20201214 07:36:21.807" rpa="false">
<suite id="s1" name="Alerts" source="/Users/anrisawada/20projects/automation-robot/TestCases/Alerts.robot">
<test id="s1-t1" name="Handle Alerts">
<kw name="Open Browser" library="SeleniumLibrary">
<doc>Opens a new browser instance to the optional ``url``.</doc>
<arguments>
<arg>http://testautomationpractice.blogspot.com</arg>
<arg>chrome</arg>
</arguments>
<msg timestamp="20201214 07:36:22.179" level="INFO">Opening browser 'chrome' to base url 'http://testautomationpractice.blogspot.com'.</msg>
<status status="PASS" starttime="20201214 07:36:22.179" endtime="20201214 07:36:27.120"></status>
</kw>
<kw name="Click Element" library="SeleniumLibrary">
<doc>Click the element identified by ``locator``.</doc>
<arguments>
<arg>xpath=//button[.='Click Me']</arg>
</arguments>
<msg timestamp="20201214 07:36:27.121" level="INFO">Clicking element 'xpath=//button[.='Click Me']'.</msg>
<status status="PASS" starttime="20201214 07:36:27.120" endtime="20201214 07:36:27.191"></status>
</kw>
<kw name="Handle Alert" library="SeleniumLibrary">
<doc>Handles the current alert and returns its message.</doc>
<arguments>
<arg>accept</arg>
</arguments>
<status status="PASS" starttime="20201214 07:36:27.191" endtime="20201214 07:36:27.203"></status>
</kw>
<kw name="Sleep" library="BuiltIn">
<doc>Pauses the test executed for the given time.</doc>
<arguments>
<arg>2s</arg>
</arguments>
<msg timestamp="20201214 07:36:29.205" level="INFO">Slept 2 seconds</msg>
<status status="PASS" starttime="20201214 07:36:27.203" endtime="20201214 07:36:29.205"></status>
</kw>
<kw name="Click Element" library="SeleniumLibrary">
<doc>Click the element identified by ``locator``.</doc>
<arguments>
<arg>xpath=//button[.='Click Me']</arg>
</arguments>
<msg timestamp="20201214 07:36:29.206" level="INFO">Clicking element 'xpath=//button[.='Click Me']'.</msg>
<status status="PASS" starttime="20201214 07:36:29.205" endtime="20201214 07:36:29.238"></status>
</kw>
<kw name="Handle Alert" library="SeleniumLibrary">
<doc>Handles the current alert and returns its message.</doc>
<arguments>
<arg>dismiss</arg>
</arguments>
<status status="PASS" starttime="20201214 07:36:29.238" endtime="20201214 07:36:29.273"></status>
</kw>
<kw name="Sleep" library="BuiltIn">
<doc>Pauses the test executed for the given time.</doc>
<arguments>
<arg>2s</arg>
</arguments>
<msg timestamp="20201214 07:36:31.275" level="INFO">Slept 2 seconds</msg>
<status status="PASS" starttime="20201214 07:36:29.274" endtime="20201214 07:36:31.275"></status>
</kw>
<kw name="Click Element" library="SeleniumLibrary">
<doc>Click the element identified by ``locator``.</doc>
<arguments>
<arg>xpath=//button[.='Click Me']</arg>
</arguments>
<msg timestamp="20201214 07:36:31.276" level="INFO">Clicking element 'xpath=//button[.='Click Me']'.</msg>
<status status="PASS" starttime="20201214 07:36:31.276" endtime="20201214 07:36:31.311"></status>
</kw>
<kw name="Handle Alert" library="SeleniumLibrary">
<doc>Handles the current alert and returns its message.</doc>
<arguments>
<arg>leave</arg>
</arguments>
<status status="PASS" starttime="20201214 07:36:31.312" endtime="20201214 07:36:31.316"></status>
</kw>
<kw name="Sleep" library="BuiltIn">
<doc>Pauses the test executed for the given time.</doc>
<arguments>
<arg>2s</arg>
</arguments>
<msg timestamp="20201214 07:36:33.318" level="INFO">Slept 2 seconds</msg>
<status status="PASS" starttime="20201214 07:36:31.317" endtime="20201214 07:36:33.318"></status>
</kw>
<kw name="Alert Should Be Present" library="SeleniumLibrary">
<doc>Verifies that an alert is present and by default, accepts it.</doc>
<arguments>
<arg>Press a button!</arg>
</arguments>
<status status="PASS" starttime="20201214 07:36:33.318" endtime="20201214 07:36:33.328"></status>
</kw>
<kw name="Close Browser" library="SeleniumLibrary">
<doc>Closes the current browser.</doc>
<status status="PASS" starttime="20201214 07:36:33.328" endtime="20201214 07:36:33.517"></status>
</kw>
<status status="PASS" starttime="20201214 07:36:22.178" endtime="20201214 07:36:33.517" critical="yes"></status>
</test>
<status status="PASS" starttime="20201214 07:36:21.809" endtime="20201214 07:36:33.519"></status>
</suite>
<statistics>
<total>
<stat pass="1" fail="0">Critical Tests</stat>
<stat pass="1" fail="0">All Tests</stat>
</total>
<tag>
</tag>
<suite>
<stat pass="1" fail="0" id="s1" name="Alerts">Alerts</stat>
</suite>
</statistics>
<errors>
</errors>
</robot>
