<?xml version="1.0" encoding="UTF-8"?>
<robot generator="Robot 3.2.2 (Python 3.8.5 on darwin)" generated="20210124 15:08:48.011" rpa="false">
<suite id="s1" name="Test1" source="/Users/anrisawada/20projects/automation-robot/Simple_Test/Test1.robot">
<test id="s1-t1" name="Test Case 1">
<kw name="Open Browser" library="SeleniumLibrary">
<doc>Opens a new browser instance to the optional ``url``.</doc>
<arguments>
<arg>${url}</arg>
<arg>chrome</arg>
</arguments>
<msg timestamp="20210124 15:08:48.326" level="INFO">Opening browser 'chrome' to base url 'https://opensource-demo.orangehrmlive.com/'.</msg>
<status status="PASS" starttime="20210124 15:08:48.326" endtime="20210124 15:08:53.780"></status>
</kw>
<kw name="Close Browser" library="SeleniumLibrary">
<doc>Closes the current browser.</doc>
<status status="PASS" starttime="20210124 15:08:53.781" endtime="20210124 15:08:53.969"></status>
</kw>
<status status="PASS" starttime="20210124 15:08:48.325" endtime="20210124 15:08:53.969" critical="yes"></status>
</test>
<test id="s1-t2" name="Test Case 2">
<kw name="Open Browser" library="SeleniumLibrary">
<doc>Opens a new browser instance to the optional ``url``.</doc>
<arguments>
<arg>${url}</arg>
<arg>firefox</arg>
</arguments>
<msg timestamp="20210124 15:08:53.971" level="INFO">Opening browser 'firefox' to base url 'https://opensource-demo.orangehrmlive.com/'.</msg>
<msg timestamp="20210124 15:08:53.972" level="INFO">Firefox driver log is always forced to to: /Users/anrisawada/20projects/automation-robot/geckodriver-3.log</msg>
<status status="PASS" starttime="20210124 15:08:53.971" endtime="20210124 15:09:00.465"></status>
</kw>
<kw name="Input Text" library="SeleniumLibrary">
<doc>Types the given ``text`` into the text field identified by ``locator``.</doc>
<arguments>
<arg>id=txtUsername</arg>
<arg>&amp;{Login}[Username]</arg>
</arguments>
<msg timestamp="20210124 15:09:00.470" level="WARN">Accessing variable items using '&amp;{Login}[Username]' syntax is deprecated. Use '${Login}[Username]' instead.</msg>
<msg timestamp="20210124 15:09:00.470" level="INFO">Typing text 'Admin' into text field 'id=txtUsername'.</msg>
<status status="PASS" starttime="20210124 15:09:00.468" endtime="20210124 15:09:00.613"></status>
</kw>
<kw name="Input Password" library="SeleniumLibrary">
<doc>Types the given password into the text field identified by ``locator``.</doc>
<arguments>
<arg>id=txtPassword</arg>
<arg>&amp;{Login}[Password]</arg>
</arguments>
<msg timestamp="20210124 15:09:00.614" level="WARN">Accessing variable items using '&amp;{Login}[Password]' syntax is deprecated. Use '${Login}[Password]' instead.</msg>
<msg timestamp="20210124 15:09:00.615" level="INFO">Typing password into text field 'id=txtPassword'.</msg>
<msg timestamp="20210124 15:09:00.626" level="INFO">Temporally setting log level to: NONE</msg>
<msg timestamp="20210124 15:09:00.717" level="INFO">Log level changed from NONE to INFO.</msg>
<status status="PASS" starttime="20210124 15:09:00.614" endtime="20210124 15:09:00.717"></status>
</kw>
<kw name="Click Button" library="SeleniumLibrary">
<doc>Clicks the button identified by ``locator``.</doc>
<arguments>
<arg>id=btnLogin</arg>
</arguments>
<msg timestamp="20210124 15:09:00.718" level="INFO">Clicking button 'id=btnLogin'.</msg>
<status status="PASS" starttime="20210124 15:09:00.717" endtime="20210124 15:09:02.355"></status>
</kw>
<kw name="Close Browser" library="SeleniumLibrary">
<doc>Closes the current browser.</doc>
<status status="PASS" starttime="20210124 15:09:02.355" endtime="20210124 15:09:03.072"></status>
</kw>
<kw name="Log To Console" library="BuiltIn">
<doc>Logs the given message to the console.</doc>
<arguments>
<arg>%{username} ran this test on %{os}%</arg>
</arguments>
<msg timestamp="20210124 15:09:03.076" level="FAIL">Environment variable '%{username}' not found.</msg>
<status status="FAIL" starttime="20210124 15:09:03.073" endtime="20210124 15:09:03.076"></status>
</kw>
<status status="FAIL" starttime="20210124 15:08:53.970" endtime="20210124 15:09:03.076" critical="yes">Environment variable '%{username}' not found.</status>
</test>
<test id="s1-t3" name="Test Case 3">
<kw name="Open Browser" library="SeleniumLibrary">
<doc>Opens a new browser instance to the optional ``url``.</doc>
<arguments>
<arg>${url}</arg>
<arg>chrome</arg>
</arguments>
<msg timestamp="20210124 15:09:03.079" level="INFO">Opening browser 'chrome' to base url 'https://opensource-demo.orangehrmlive.com/'.</msg>
<status status="PASS" starttime="20210124 15:09:03.078" endtime="20210124 15:09:06.721"></status>
</kw>
<kw name="Login">
<kw name="Input Text" library="SeleniumLibrary">
<doc>Types the given ``text`` into the text field identified by ``locator``.</doc>
<arguments>
<arg>id=txtUsername</arg>
<arg>Admin</arg>
</arguments>
<msg timestamp="20210124 15:09:06.722" level="INFO">Typing text 'Admin' into text field 'id=txtUsername'.</msg>
<status status="PASS" starttime="20210124 15:09:06.722" endtime="20210124 15:09:06.911"></status>
</kw>
<kw name="Input Password" library="SeleniumLibrary">
<doc>Types the given password into the text field identified by ``locator``.</doc>
<arguments>
<arg>id=txtPassword</arg>
<arg>admin123</arg>
</arguments>
<msg timestamp="20210124 15:09:06.912" level="INFO">Typing password into text field 'id=txtPassword'.</msg>
<msg timestamp="20210124 15:09:06.950" level="INFO">Temporally setting log level to: NONE</msg>
<msg timestamp="20210124 15:09:06.988" level="INFO">Log level changed from NONE to INFO.</msg>
<status status="PASS" starttime="20210124 15:09:06.911" endtime="20210124 15:09:06.988"></status>
</kw>
<kw name="Click Button" library="SeleniumLibrary">
<doc>Clicks the button identified by ``locator``.</doc>
<arguments>
<arg>id=btnLogin</arg>
</arguments>
<msg timestamp="20210124 15:09:06.988" level="INFO">Clicking button 'id=btnLogin'.</msg>
<status status="PASS" starttime="20210124 15:09:06.988" endtime="20210124 15:09:08.247"></status>
</kw>
<status status="PASS" starttime="20210124 15:09:06.721" endtime="20210124 15:09:08.248"></status>
</kw>
<kw name="Close Browser" library="SeleniumLibrary">
<doc>Closes the current browser.</doc>
<status status="PASS" starttime="20210124 15:09:08.248" endtime="20210124 15:09:08.424"></status>
</kw>
<status status="PASS" starttime="20210124 15:09:03.077" endtime="20210124 15:09:08.426" critical="yes"></status>
</test>
<status status="FAIL" starttime="20210124 15:08:48.012" endtime="20210124 15:09:08.428"></status>
</suite>
<statistics>
<total>
<stat pass="2" fail="1">Critical Tests</stat>
<stat pass="2" fail="1">All Tests</stat>
</total>
<tag>
</tag>
<suite>
<stat pass="2" fail="1" id="s1" name="Test1">Test1</stat>
</suite>
</statistics>
<errors>
<msg timestamp="20210124 15:09:00.470" level="WARN">Accessing variable items using '&amp;{Login}[Username]' syntax is deprecated. Use '${Login}[Username]' instead.</msg>
<msg timestamp="20210124 15:09:00.614" level="WARN">Accessing variable items using '&amp;{Login}[Password]' syntax is deprecated. Use '${Login}[Password]' instead.</msg>
</errors>
</robot>
