<?xml version="1.0" encoding="UTF-8"?>
<robot generator="Robot 3.2.2 (Python 3.8.5 on darwin)" generated="20201212 13:04:48.235" rpa="false">
<suite id="s1" name="CloseAll" source="/Users/anrisawada/20projects/automation-robot/TestCases/CloseAll.robot">
<test id="s1-t1" name="My Test Case">
<kw name="Open Browser" library="SeleniumLibrary">
<doc>Opens a new browser instance to the optional ``url``.</doc>
<arguments>
<arg>http://demowebshop.tricentis.com/register</arg>
<arg>chrome</arg>
</arguments>
<msg timestamp="20201212 13:04:48.602" level="INFO">Opening browser 'chrome' to base url 'http://demowebshop.tricentis.com/register'.</msg>
<status status="PASS" starttime="20201212 13:04:48.602" endtime="20201212 13:04:52.264"></status>
</kw>
<kw name="Maximize Browser Window" library="SeleniumLibrary">
<doc>Maximizes current browser window.</doc>
<status status="PASS" starttime="20201212 13:04:52.265" endtime="20201212 13:04:52.450"></status>
</kw>
<kw name="Open Browser" library="SeleniumLibrary">
<doc>Opens a new browser instance to the optional ``url``.</doc>
<arguments>
<arg>http://automationpractice.com/index.php</arg>
<arg>chrome</arg>
</arguments>
<msg timestamp="20201212 13:04:52.450" level="INFO">Opening browser 'chrome' to base url 'http://automationpractice.com/index.php'.</msg>
<status status="PASS" starttime="20201212 13:04:52.450" endtime="20201212 13:04:56.849"></status>
</kw>
<kw name="Maximize Browser Window" library="SeleniumLibrary">
<doc>Maximizes current browser window.</doc>
<status status="PASS" starttime="20201212 13:04:56.850" endtime="20201212 13:04:56.995"></status>
</kw>
<kw name="Close All Browsers" library="SeleniumLibrary">
<doc>Closes all open browsers and resets the browser cache.</doc>
<status status="PASS" starttime="20201212 13:04:56.996" endtime="20201212 13:04:57.248"></status>
</kw>
<status status="PASS" starttime="20201212 13:04:48.601" endtime="20201212 13:04:57.248" critical="yes"></status>
</test>
<status status="PASS" starttime="20201212 13:04:48.237" endtime="20201212 13:04:57.250"></status>
</suite>
<statistics>
<total>
<stat pass="1" fail="0">Critical Tests</stat>
<stat pass="1" fail="0">All Tests</stat>
</total>
<tag>
</tag>
<suite>
<stat pass="1" fail="0" id="s1" name="CloseAll">CloseAll</stat>
</suite>
</statistics>
<errors>
</errors>
</robot>
