<?xml version="1.0" encoding="UTF-8"?>
<robot generator="Robot 3.2.2 (Python 3.8.5 on darwin)" generated="20210101 15:48:34.014" rpa="false">
<suite id="s1" name="Tagging" source="/Users/anrisawada/20projects/automation-robot/TestCases/Tagging.robot">
<test id="s1-t1" name="Test Case 1 User Registration Test">
<kw name="Log To Console" library="BuiltIn">
<doc>Logs the given message to the console.</doc>
<arguments>
<arg>This is user reg test</arg>
</arguments>
<status status="PASS" starttime="20210101 15:48:34.052" endtime="20210101 15:48:34.052"></status>
</kw>
<kw name="Log To Console" library="BuiltIn">
<doc>Logs the given message to the console.</doc>
<arguments>
<arg>User Registration is done</arg>
</arguments>
<status status="PASS" starttime="20210101 15:48:34.052" endtime="20210101 15:48:34.053"></status>
</kw>
<status status="PASS" starttime="20210101 15:48:34.051" endtime="20210101 15:48:34.053" critical="yes"></status>
</test>
<test id="s1-t2" name="Test Case 2 Login Test">
<kw name="Log To Console" library="BuiltIn">
<doc>Logs the given message to the console.</doc>
<arguments>
<arg>This is Login Test</arg>
</arguments>
<status status="PASS" starttime="20210101 15:48:34.054" endtime="20210101 15:48:34.054"></status>
</kw>
<kw name="Log To Console" library="BuiltIn">
<doc>Logs the given message to the console.</doc>
<arguments>
<arg>Login Test is done</arg>
</arguments>
<status status="PASS" starttime="20210101 15:48:34.054" endtime="20210101 15:48:34.054"></status>
</kw>
<status status="PASS" starttime="20210101 15:48:34.053" endtime="20210101 15:48:34.054" critical="yes"></status>
</test>
<test id="s1-t3" name="Test Case 3 Change User Settings">
<kw name="Log To Console" library="BuiltIn">
<doc>Logs the given message to the console.</doc>
<arguments>
<arg>This is changeing user setting test</arg>
</arguments>
<status status="PASS" starttime="20210101 15:48:34.055" endtime="20210101 15:48:34.055"></status>
</kw>
<kw name="Log To Console" library="BuiltIn">
<doc>Logs the given message to the console.</doc>
<arguments>
<arg>Change user settting test is done</arg>
</arguments>
<status status="PASS" starttime="20210101 15:48:34.055" endtime="20210101 15:48:34.056"></status>
</kw>
<status status="PASS" starttime="20210101 15:48:34.055" endtime="20210101 15:48:34.056" critical="yes"></status>
</test>
<test id="s1-t4" name="Test Case 4 Logout Test">
<kw name="Log To Console" library="BuiltIn">
<doc>Logs the given message to the console.</doc>
<arguments>
<arg>This is Logout Test</arg>
</arguments>
<status status="PASS" starttime="20210101 15:48:34.065" endtime="20210101 15:48:34.065"></status>
</kw>
<kw name="Log To Console" library="BuiltIn">
<doc>Logs the given message to the console.</doc>
<arguments>
<arg>Logout test is done</arg>
</arguments>
<status status="PASS" starttime="20210101 15:48:34.066" endtime="20210101 15:48:34.066"></status>
</kw>
<status status="PASS" starttime="20210101 15:48:34.064" endtime="20210101 15:48:34.066" critical="yes"></status>
</test>
<status status="PASS" starttime="20210101 15:48:34.017" endtime="20210101 15:48:34.067"></status>
</suite>
<statistics>
<total>
<stat pass="4" fail="0">Critical Tests</stat>
<stat pass="4" fail="0">All Tests</stat>
</total>
<tag>
</tag>
<suite>
<stat pass="4" fail="0" id="s1" name="Tagging">Tagging</stat>
</suite>
</statistics>
<errors>
</errors>
</robot>
