<?xml version="1.0" encoding="UTF-8"?>
<robot generator="Robot 3.2.2 (Python 3.8.5 on darwin)" generated="20201225 17:55:17.076" rpa="false">
<suite id="s1" name="ScrollingPage" source="/Users/anrisawada/20projects/automation-robot/TestCases/ScrollingPage.robot">
<test id="s1-t1" name="Scrolling Test">
<kw name="Open Browser" library="SeleniumLibrary">
<doc>Opens a new browser instance to the optional ``url``.</doc>
<arguments>
<arg>https://www.countries-ofthe-world.com/flags-of-the-world.html</arg>
<arg>chrome</arg>
</arguments>
<msg timestamp="20201225 17:55:17.248" level="INFO">Opening browser 'chrome' to base url 'https://www.countries-ofthe-world.com/flags-of-the-world.html'.</msg>
<status status="PASS" starttime="20201225 17:55:17.248" endtime="20201225 17:55:20.715"></status>
</kw>
<kw name="Maximize Browser Window" library="SeleniumLibrary">
<doc>Maximizes current browser window.</doc>
<status status="PASS" starttime="20201225 17:55:20.716" endtime="20201225 17:55:21.195"></status>
</kw>
<kw name="Execute Javascript" library="SeleniumLibrary">
<doc>Executes the given JavaScript code with possible arguments.</doc>
<arguments>
<arg>window.scrollTo(0, document.body.scrollHeight)</arg>
</arguments>
<msg timestamp="20201225 17:55:21.196" level="INFO">Executing JavaScript:
window.scrollTo(0, document.body.scrollHeight)
Without any arguments.</msg>
<status status="PASS" starttime="20201225 17:55:21.195" endtime="20201225 17:55:21.208"></status>
</kw>
<kw name="Sleep" library="BuiltIn">
<doc>Pauses the test executed for the given time.</doc>
<arguments>
<arg>2s</arg>
</arguments>
<msg timestamp="20201225 17:55:23.209" level="INFO">Slept 2 seconds</msg>
<status status="PASS" starttime="20201225 17:55:21.208" endtime="20201225 17:55:23.209"></status>
</kw>
<kw name="Execute Javascript" library="SeleniumLibrary">
<doc>Executes the given JavaScript code with possible arguments.</doc>
<arguments>
<arg>window.scrollTo(0, -document.body.scrollHeight)</arg>
</arguments>
<msg timestamp="20201225 17:55:23.210" level="INFO">Executing JavaScript:
window.scrollTo(0, -document.body.scrollHeight)
Without any arguments.</msg>
<status status="PASS" starttime="20201225 17:55:23.209" endtime="20201225 17:55:23.224"></status>
</kw>
<kw name="Close Browser" library="SeleniumLibrary">
<doc>Closes the current browser.</doc>
<status status="PASS" starttime="20201225 17:55:23.224" endtime="20201225 17:55:23.536"></status>
</kw>
<status status="PASS" starttime="20201225 17:55:17.247" endtime="20201225 17:55:23.537" critical="yes"></status>
</test>
<status status="PASS" starttime="20201225 17:55:17.078" endtime="20201225 17:55:23.538"></status>
<arg>window.scrollTo(0, 2500)</arg>
</arguments>
<msg timestamp="20201224 16:27:09.715" level="INFO">Executing JavaScript:
window.scrollTo(0, 2500)
Without any arguments.</msg>
<status status="PASS" starttime="20201224 16:27:09.714" endtime="20201224 16:27:09.734"></status>
</kw>
<kw name="Close Browser" library="SeleniumLibrary">
<doc>Closes the current browser.</doc>
<status status="PASS" starttime="20201224 16:27:09.735" endtime="20201224 16:27:09.980"></status>
</kw>
<status status="PASS" starttime="20201224 16:27:04.925" endtime="20201224 16:27:09.981" critical="yes"></status>
</test>
<status status="PASS" starttime="20201224 16:27:04.740" endtime="20201224 16:27:09.983"></status>
</suite>
<statistics>
<total>
<stat pass="1" fail="0">Critical Tests</stat>
<stat pass="1" fail="0">All Tests</stat>
</total>
<tag>
</tag>
<suite>
<stat pass="1" fail="0" id="s1" name="ScrollingPage">ScrollingPage</stat>
</suite>
</statistics>
<errors>
</errors>
</robot>
