<?xml version="1.0" encoding="UTF-8"?>
<robot generator="Robot 3.2.2 (Python 3.8.5 on darwin)" generated="20201221 10:46:47.855" rpa="false">
<suite id="s1" name="GetAllLinks" source="/Users/anrisawada/20projects/automation-robot/TestCases/GetAllLinks.robot">
<test id="s1-t1" name="Get All Links Test">
<kw name="Open Browser" library="SeleniumLibrary">
<doc>Opens a new browser instance to the optional ``url``.</doc>
<arguments>
<arg>http://ww7.demoaut.com/</arg>
<arg>chrome</arg>
</arguments>
<msg timestamp="20201221 10:46:48.025" level="INFO">Opening browser 'chrome' to base url 'http://ww7.demoaut.com/'.</msg>
<status status="PASS" starttime="20201221 10:46:48.025" endtime="20201221 10:46:50.500"></status>
</kw>
<kw name="Maximize Browser Window" library="SeleniumLibrary">
<doc>Maximizes current browser window.</doc>
<status status="PASS" starttime="20201221 10:46:50.501" endtime="20201221 10:46:50.769"></status>
</kw>
<kw name="Get Element Count" library="SeleniumLibrary">
<doc>Returns the number of elements matching ``locator``.</doc>
<arguments>
<arg>xpath=//a</arg>
</arguments>
<assign>
<var>${AllLinksCount}</var>
</assign>
<msg timestamp="20201221 10:46:50.876" level="INFO">${AllLinksCount} = 1</msg>
<status status="PASS" starttime="20201221 10:46:50.770" endtime="20201221 10:46:50.876"></status>
</kw>
<kw name="Log To Console" library="BuiltIn">
<doc>Logs the given message to the console.</doc>
<arguments>
<arg>${AllLinksCount}</arg>
</arguments>
<status status="PASS" starttime="20201221 10:46:50.876" endtime="20201221 10:46:50.877"></status>
</kw>
<kw name="Create List" library="BuiltIn">
<doc>Returns a list containing given items.</doc>
<assign>
<var>@{LinkItems}</var>
</assign>
<msg timestamp="20201221 10:46:50.877" level="INFO">@{LinkItems} = [ ]</msg>
<status status="PASS" starttime="20201221 10:46:50.877" endtime="20201221 10:46:50.877"></status>
</kw>
<kw name="${i} IN RANGE [ 1 | ${AllLinksCount}+1 ]" type="for">
<kw name="${i} = 1" type="foritem">
<kw name="Get Text" library="SeleniumLibrary">
<doc>Returns the text value of the element identified by ``locator``.</doc>
<arguments>
<arg>xpath=(//a)[${i}]</arg>
</arguments>
<assign>
<var>${LinkText}</var>
</assign>
<msg timestamp="20201221 10:46:50.926" level="INFO">${LinkText} = Privacy Policy</msg>
<status status="PASS" starttime="20201221 10:46:50.880" endtime="20201221 10:46:50.926"></status>
</kw>
<kw name="Log To Console" library="BuiltIn">
<doc>Logs the given message to the console.</doc>
<arguments>
<arg>${LinkText}</arg>
</arguments>
<status status="PASS" starttime="20201221 10:46:50.926" endtime="20201221 10:46:50.926"></status>
</kw>
<status status="PASS" starttime="20201221 10:46:50.880" endtime="20201221 10:46:50.926"></status>
</kw>
<status status="PASS" starttime="20201221 10:46:50.878" endtime="20201221 10:46:50.926"></status>
</kw>
<kw name="Close Browser" library="SeleniumLibrary">
<doc>Closes the current browser.</doc>
<status status="PASS" starttime="20201221 10:46:50.927" endtime="20201221 10:46:51.177"></status>
</kw>
<status status="PASS" starttime="20201221 10:46:48.024" endtime="20201221 10:46:51.178" critical="yes"></status>
</test>
<status status="PASS" starttime="20201221 10:46:47.858" endtime="20201221 10:46:51.179"></status>
</suite>
<statistics>
<total>
<stat pass="1" fail="0">Critical Tests</stat>
<stat pass="1" fail="0">All Tests</stat>
</total>
<tag>
</tag>
<suite>
<stat pass="1" fail="0" id="s1" name="GetAllLinks">GetAllLinks</stat>
</suite>
</statistics>
<errors>
</errors>
</robot>
