<?xml version="1.0" encoding="UTF-8"?>
<robot generator="Robot 3.2.2 (Python 3.8.5 on darwin)" generated="20210117 17:42:32.877" rpa="false">
<suite id="s1" name="Test1" source="/Users/anrisawada/20projects/automation-robot/Simple_Test/Test1.robot">
<test id="s1-t1" name="Test Case 1">
<kw name="Open Browser" library="SeleniumLibrary">
<doc>Opens a new browser instance to the optional ``url``.</doc>
<arguments>
<arg>${url}</arg>
<arg>chrome</arg>
</arguments>
<msg timestamp="20210117 17:42:33.243" level="INFO">Opening browser 'chrome' to base url 'https://opensource-demo.orangehrmlive.com/'.</msg>
<status status="PASS" starttime="20210117 17:42:33.242" endtime="20210117 17:42:38.122"></status>
</kw>
<kw name="Close Browser" library="SeleniumLibrary">
<doc>Closes the current browser.</doc>
<status status="PASS" starttime="20210117 17:42:38.123" endtime="20210117 17:42:38.278"></status>
</kw>
<status status="PASS" starttime="20210117 17:42:33.241" endtime="20210117 17:42:38.279" critical="yes"></status>
</test>
<test id="s1-t2" name="Test Case 2">
<kw name="Open Browser" library="SeleniumLibrary">
<doc>Opens a new browser instance to the optional ``url``.</doc>
<arguments>
<arg>${url}</arg>
<arg>firefox</arg>
</arguments>
<msg timestamp="20210117 17:42:38.280" level="INFO">Opening browser 'firefox' to base url 'https://opensource-demo.orangehrmlive.com/'.</msg>
<msg timestamp="20210117 17:42:38.282" level="INFO">Firefox driver log is always forced to to: /Users/anrisawada/20projects/automation-robot/geckodriver-5.log</msg>
<status status="PASS" starttime="20210117 17:42:38.280" endtime="20210117 17:42:44.553"></status>
</kw>
<kw name="Input Text" library="SeleniumLibrary">
<doc>Types the given ``text`` into the text field identified by ``locator``.</doc>
<arguments>
<arg>id=txtUsername</arg>
<arg>&amp;{Login}[Username]</arg>
</arguments>
<msg timestamp="20210117 17:42:44.555" level="WARN">Accessing variable items using '&amp;{Login}[Username]' syntax is deprecated. Use '${Login}[Username]' instead.</msg>
<msg timestamp="20210117 17:42:44.555" level="INFO">Typing text 'Admin' into text field 'id=txtUsername'.</msg>
<status status="PASS" starttime="20210117 17:42:44.554" endtime="20210117 17:42:44.687"></status>
</kw>
<kw name="Input Password" library="SeleniumLibrary">
<doc>Types the given password into the text field identified by ``locator``.</doc>
<arguments>
<arg>id=txtPassword</arg>
<arg>&amp;{Login}[Password]</arg>
</arguments>
<msg timestamp="20210117 17:42:44.688" level="WARN">Accessing variable items using '&amp;{Login}[Password]' syntax is deprecated. Use '${Login}[Password]' instead.</msg>
<msg timestamp="20210117 17:42:44.688" level="INFO">Typing password into text field 'id=txtPassword'.</msg>
<msg timestamp="20210117 17:42:44.703" level="INFO">Temporally setting log level to: NONE</msg>
<msg timestamp="20210117 17:42:44.800" level="INFO">Log level changed from NONE to INFO.</msg>
<status status="PASS" starttime="20210117 17:42:44.687" endtime="20210117 17:42:44.800"></status>
</kw>
<kw name="Click Button" library="SeleniumLibrary">
<doc>Clicks the button identified by ``locator``.</doc>
<arguments>
<arg>id=btnLogin</arg>
</arguments>
<msg timestamp="20210117 17:42:44.801" level="INFO">Clicking button 'id=btnLogin'.</msg>
<status status="PASS" starttime="20210117 17:42:44.801" endtime="20210117 17:42:46.850"></status>
</kw>
<kw name="Close Browser" library="SeleniumLibrary">
<doc>Closes the current browser.</doc>
<status status="PASS" starttime="20210117 17:42:46.850" endtime="20210117 17:42:47.654"></status>
</kw>
<status status="PASS" starttime="20210117 17:42:38.279" endtime="20210117 17:42:47.654" critical="yes"></status>
</test>
<status status="PASS" starttime="20210117 17:42:32.878" endtime="20210117 17:42:47.656"></status>
</suite>
<statistics>
<total>
<stat pass="2" fail="0">Critical Tests</stat>
<stat pass="2" fail="0">All Tests</stat>
</total>
<tag>
</tag>
<suite>
<stat pass="2" fail="0" id="s1" name="Test1">Test1</stat>
</suite>
</statistics>
<errors>
<msg timestamp="20210117 17:42:44.555" level="WARN">Accessing variable items using '&amp;{Login}[Username]' syntax is deprecated. Use '${Login}[Username]' instead.</msg>
<msg timestamp="20210117 17:42:44.688" level="WARN">Accessing variable items using '&amp;{Login}[Password]' syntax is deprecated. Use '${Login}[Password]' instead.</msg>
</errors>
</robot>
