<?xml version="1.0" encoding="UTF-8"?>
<robot generator="Robot 3.2.2 (Python 3.8.5 on darwin)" generated="20210108 17:17:39.899" rpa="false">
<suite id="s1" name="Suites">
<suite id="s1-s1" name="LoginTest" source="/Users/anrisawada/20projects/automation-robot/POM_Model/TestCases/LoginTest.robot">
<test id="s1-s1-t1" name="Login Test">
<kw name="Open My Browser" library="LoginKeywords">
<arguments>
<arg>${SiteUrl}</arg>
<arg>${Browser}</arg>
</arguments>
<kw name="Open Browser" library="SeleniumLibrary">
<doc>Opens a new browser instance to the optional ``url``.</doc>
<arguments>
<arg>${SiteUrl}</arg>
<arg>${Browser}</arg>
</arguments>
<msg timestamp="20210108 17:17:40.650" level="INFO">Opening browser 'chrome' to base url 'http://demo.guru99.com/test/newtours/'.</msg>
<status status="PASS" starttime="20210108 17:17:40.649" endtime="20210108 17:17:53.949"></status>
</kw>
<kw name="Maximize Browser Window" library="SeleniumLibrary">
<doc>Maximizes current browser window.</doc>
<status status="PASS" starttime="20210108 17:17:53.950" endtime="20210108 17:17:54.456"></status>
</kw>
<status status="PASS" starttime="20210108 17:17:40.648" endtime="20210108 17:17:54.456"></status>
</kw>
<kw name="Enter UserName" library="LoginKeywords">
<arguments>
<arg>${user}</arg>
</arguments>
<kw name="Input Text" library="SeleniumLibrary">
<doc>Types the given ``text`` into the text field identified by ``locator``.</doc>
<arguments>
<arg>${txt_loginUserName}</arg>
<arg>${username}</arg>
</arguments>
<msg timestamp="20210108 17:17:54.458" level="INFO">Typing text 'tutorial' into text field 'name:userName'.</msg>
<status status="PASS" starttime="20210108 17:17:54.458" endtime="20210108 17:17:55.286"></status>
</kw>
<status status="PASS" starttime="20210108 17:17:54.457" endtime="20210108 17:17:55.286"></status>
</kw>
<kw name="Enter Password" library="LoginKeywords">
<arguments>
<arg>${pwd}</arg>
</arguments>
<kw name="Input Text" library="SeleniumLibrary">
<doc>Types the given ``text`` into the text field identified by ``locator``.</doc>
<arguments>
<arg>${txt_loginpassword}</arg>
<arg>${password}</arg>
</arguments>
<msg timestamp="20210108 17:17:55.287" level="INFO">Typing text 'tutorial' into text field 'name:password'.</msg>
<status status="PASS" starttime="20210108 17:17:55.287" endtime="20210108 17:17:55.583"></status>
</kw>
<status status="PASS" starttime="20210108 17:17:55.286" endtime="20210108 17:17:55.583"></status>
</kw>
<kw name="Click SignIn" library="LoginKeywords">
<kw name="Click Button" library="SeleniumLibrary">
<doc>Clicks the button identified by ``locator``.</doc>
<arguments>
<arg>${btn_signIn}</arg>
</arguments>
<msg timestamp="20210108 17:17:55.584" level="INFO">Clicking button 'xpath://input[@name='submit']'.</msg>
<status status="PASS" starttime="20210108 17:17:55.584" endtime="20210108 17:17:57.444"></status>
</kw>
<status status="PASS" starttime="20210108 17:17:55.584" endtime="20210108 17:17:57.444"></status>
</kw>
<kw name="Sleep" library="BuiltIn">
<doc>Pauses the test executed for the given time.</doc>
<arguments>
<arg>2s</arg>
</arguments>
<msg timestamp="20210108 17:17:59.446" level="INFO">Slept 2 seconds</msg>
<status status="PASS" starttime="20210108 17:17:57.444" endtime="20210108 17:17:59.446"></status>
</kw>
<kw name="Verify Successful Login" library="LoginKeywords">
<kw name="Title Should Be" library="SeleniumLibrary">
<doc>Verifies that the current page title equals ``title``.</doc>
<arguments>
<arg>Login: Mercury Tours</arg>
</arguments>
<msg timestamp="20210108 17:17:59.518" level="INFO">Page title is 'Login: Mercury Tours'.</msg>
<status status="PASS" starttime="20210108 17:17:59.446" endtime="20210108 17:17:59.518"></status>
</kw>
<status status="PASS" starttime="20210108 17:17:59.446" endtime="20210108 17:17:59.518"></status>
</kw>
<kw name="Close My Browsers" library="LoginKeywords">
<kw name="Close All Browsers" library="SeleniumLibrary">
<doc>Closes all open browsers and resets the browser cache.</doc>
<status status="PASS" starttime="20210108 17:17:59.519" endtime="20210108 17:17:59.672"></status>
</kw>
<status status="PASS" starttime="20210108 17:17:59.518" endtime="20210108 17:17:59.676"></status>
</kw>
<status status="PASS" starttime="20210108 17:17:40.647" endtime="20210108 17:17:59.677" critical="yes"></status>
</test>
<status status="PASS" starttime="20210108 17:17:39.996" endtime="20210108 17:17:59.689"></status>
</suite>
<status status="PASS" starttime="20210108 17:17:39.900" endtime="20210108 17:17:59.696"></status>
</suite>
<statistics>
<total>
<stat pass="1" fail="0">Critical Tests</stat>
<stat pass="1" fail="0">All Tests</stat>
</total>
<tag>
</tag>
<suite>
<stat pass="1" fail="0" id="s1" name="Suites">Suites</stat>
<stat pass="1" fail="0" id="s1-s1" name="LoginTest">Suites.LoginTest</stat>
</suite>
</statistics>
<errors>
</errors>
</robot>
