<?xml version="1.0" encoding="UTF-8"?>
<robot generator="Rebot 3.2.2 (Python 3.8.5 on darwin)" generated="20210109 12:59:03.807" rpa="false">
<suite id="s1" name="Suites">
<suite id="s1-s1" name="LoginTest" source="/Users/anrisawada/20projects/automation-robot/POM_Model/TestCases/LoginTest.robot">
<test id="s1-s1-t1" name="Login Test">
<kw name="Open My Browser" library="LoginKeywords">
<arguments>
<arg>${SiteUrl}</arg>
<arg>${Browser}</arg>
</arguments>
<kw name="Open Browser" library="SeleniumLibrary">
<doc>Opens a new browser instance to the optional ``url``.</doc>
<arguments>
<arg>${SiteUrl}</arg>
<arg>${Browser}</arg>
</arguments>
<msg timestamp="20210109 12:58:45.469" level="INFO">Opening browser 'chrome' to base url 'http://demo.guru99.com/test/newtours/'.</msg>
<status status="PASS" starttime="20210109 12:58:45.468" endtime="20210109 12:58:57.965"></status>
</kw>
<kw name="Maximize Browser Window" library="SeleniumLibrary">
<doc>Maximizes current browser window.</doc>
<status status="PASS" starttime="20210109 12:58:57.965" endtime="20210109 12:58:58.233"></status>
</kw>
<status status="PASS" starttime="20210109 12:58:45.467" endtime="20210109 12:58:58.234"></status>
</kw>
<kw name="Enter UserName" library="LoginKeywords">
<arguments>
<arg>${user}</arg>
</arguments>
<kw name="Input Text" library="SeleniumLibrary">
<doc>Types the given ``text`` into the text field identified by ``locator``.</doc>
<arguments>
<arg>${txt_loginUserName}</arg>
<arg>${username}</arg>
</arguments>
<msg timestamp="20210109 12:58:58.236" level="INFO">Typing text 'tutorial' into text field 'name:userName'.</msg>
<status status="PASS" starttime="20210109 12:58:58.235" endtime="20210109 12:58:58.713"></status>
</kw>
<status status="PASS" starttime="20210109 12:58:58.234" endtime="20210109 12:58:58.713"></status>
</kw>
<kw name="Enter Password" library="LoginKeywords">
<arguments>
<arg>${pwd}</arg>
</arguments>
<kw name="Input Text" library="SeleniumLibrary">
<doc>Types the given ``text`` into the text field identified by ``locator``.</doc>
<arguments>
<arg>${txt_loginpassword}</arg>
<arg>${password}</arg>
</arguments>
<msg timestamp="20210109 12:58:58.715" level="INFO">Typing text 'tutorial' into text field 'name:password'.</msg>
<status status="PASS" starttime="20210109 12:58:58.715" endtime="20210109 12:58:59.098"></status>
</kw>
<status status="PASS" starttime="20210109 12:58:58.714" endtime="20210109 12:58:59.098"></status>
</kw>
<kw name="Click SignIn" library="LoginKeywords">
<kw name="Click Button" library="SeleniumLibrary">
<doc>Clicks the button identified by ``locator``.</doc>
<arguments>
<arg>${btn_signIn}</arg>
</arguments>
<msg timestamp="20210109 12:58:59.099" level="INFO">Clicking button 'xpath://input[@name='submit']'.</msg>
<status status="PASS" starttime="20210109 12:58:59.099" endtime="20210109 12:59:01.040"></status>
</kw>
<status status="PASS" starttime="20210109 12:58:59.098" endtime="20210109 12:59:01.041"></status>
</kw>
<kw name="Sleep" library="BuiltIn">
<doc>Pauses the test executed for the given time.</doc>
<arguments>
<arg>2s</arg>
</arguments>
<msg timestamp="20210109 12:59:03.042" level="INFO">Slept 2 seconds</msg>
<status status="PASS" starttime="20210109 12:59:01.041" endtime="20210109 12:59:03.042"></status>
</kw>
<kw name="Verify Successful Login" library="LoginKeywords">
<kw name="Title Should Be" library="SeleniumLibrary">
<doc>Verifies that the current page title equals ``title``.</doc>
<arguments>
<arg>Login: Mercury Tours</arg>
</arguments>
<msg timestamp="20210109 12:59:03.051" level="INFO">Page title is 'Login: Mercury Tours'.</msg>
<status status="PASS" starttime="20210109 12:59:03.043" endtime="20210109 12:59:03.051"></status>
</kw>
<status status="PASS" starttime="20210109 12:59:03.042" endtime="20210109 12:59:03.052"></status>
</kw>
<kw name="Close My Browsers" library="LoginKeywords">
<kw name="Close All Browsers" library="SeleniumLibrary">
<doc>Closes all open browsers and resets the browser cache.</doc>
<status status="PASS" starttime="20210109 12:59:03.052" endtime="20210109 12:59:03.379"></status>
</kw>
<status status="PASS" starttime="20210109 12:59:03.052" endtime="20210109 12:59:03.379"></status>
</kw>
<status status="PASS" starttime="20210109 12:58:45.466" endtime="20210109 12:59:03.379" critical="yes"></status>
</test>
<status status="PASS" starttime="20210109 12:58:45.127" endtime="20210109 12:59:03.382"></status>
</suite>
<suite id="s1-s2" name="RegisterationTest" source="/Users/anrisawada/20projects/automation-robot/POM_Model/TestCases/RegisterationTest.robot">
<test id="s1-s2-t1" name="Registeration Test">
<kw name="Open My Browser" library="RegistrationKeywords">
<arguments>
<arg>${SiteUrl}</arg>
<arg>${Browser}</arg>
</arguments>
<kw name="Open Browser" library="SeleniumLibrary">
<doc>Opens a new browser instance to the optional ``url``.</doc>
<arguments>
<arg>${SiteUrl}</arg>
<arg>${Browser}</arg>
</arguments>
<msg timestamp="20210109 12:58:45.476" level="INFO">Opening browser 'chrome' to base url 'http://demo.guru99.com/test/newtours/'.</msg>
<status status="PASS" starttime="20210109 12:58:45.476" endtime="20210109 12:58:55.915"></status>
</kw>
<kw name="Maximize Browser Window" library="SeleniumLibrary">
<doc>Maximizes current browser window.</doc>
<status status="PASS" starttime="20210109 12:58:55.915" endtime="20210109 12:58:56.162"></status>
</kw>
<status status="PASS" starttime="20210109 12:58:45.475" endtime="20210109 12:58:56.167"></status>
</kw>
<kw name="Click Register Link" library="RegistrationKeywords">
<kw name="Click Link" library="SeleniumLibrary">
<doc>Clicks a link identified by ``locator``.</doc>
<arguments>
<arg>${link_Reg}</arg>
</arguments>
<msg timestamp="20210109 12:58:56.169" level="INFO">Clicking link 'link:REGISTER'.</msg>
<status status="PASS" starttime="20210109 12:58:56.168" endtime="20210109 12:58:58.467"></status>
</kw>
<status status="PASS" starttime="20210109 12:58:56.167" endtime="20210109 12:58:58.467"></status>
</kw>
<kw name="Enter FirstName" library="RegistrationKeywords">
<arguments>
<arg>John</arg>
</arguments>
<kw name="Input Text" library="SeleniumLibrary">
<doc>Types the given ``text`` into the text field identified by ``locator``.</doc>
<arguments>
<arg>${txt_firstName}</arg>
<arg>${FirstName}</arg>
</arguments>
<msg timestamp="20210109 12:58:58.469" level="INFO">Typing text 'John' into text field 'name:firstName'.</msg>
<status status="PASS" starttime="20210109 12:58:58.468" endtime="20210109 12:58:58.919"></status>
</kw>
<status status="PASS" starttime="20210109 12:58:58.468" endtime="20210109 12:58:58.919"></status>
</kw>
<kw name="Enter LastName" library="RegistrationKeywords">
<arguments>
<arg>Doe</arg>
</arguments>
<kw name="Input Text" library="SeleniumLibrary">
<doc>Types the given ``text`` into the text field identified by ``locator``.</doc>
<arguments>
<arg>${txt_lastName}</arg>
<arg>${LastName}</arg>
</arguments>
<msg timestamp="20210109 12:58:58.920" level="INFO">Typing text 'Doe' into text field 'name:lastName'.</msg>
<status status="PASS" starttime="20210109 12:58:58.919" endtime="20210109 12:58:59.145"></status>
</kw>
<status status="PASS" starttime="20210109 12:58:58.919" endtime="20210109 12:58:59.145"></status>
</kw>
<kw name="Enter Phone" library="RegistrationKeywords">
<arguments>
<arg>222-2333-4444</arg>
</arguments>
<kw name="Input Text" library="SeleniumLibrary">
<doc>Types the given ``text`` into the text field identified by ``locator``.</doc>
<arguments>
<arg>${txt_phone}</arg>
<arg>${phone}</arg>
</arguments>
<msg timestamp="20210109 12:58:59.146" level="INFO">Typing text '222-2333-4444' into text field 'name:phone'.</msg>
<status status="PASS" starttime="20210109 12:58:59.146" endtime="20210109 12:58:59.432"></status>
</kw>
<status status="PASS" starttime="20210109 12:58:59.145" endtime="20210109 12:58:59.432"></status>
</kw>
<kw name="Enter Email" library="RegistrationKeywords">
<arguments>
<arg>john.doe@email.com</arg>
</arguments>
<kw name="Input Text" library="SeleniumLibrary">
<doc>Types the given ``text`` into the text field identified by ``locator``.</doc>
<arguments>
<arg>${txt_email}</arg>
<arg>${email}</arg>
</arguments>
<msg timestamp="20210109 12:58:59.433" level="INFO">Typing text 'john.doe@email.com' into text field 'name:userName'.</msg>
<status status="PASS" starttime="20210109 12:58:59.433" endtime="20210109 12:58:59.622"></status>
</kw>
<status status="PASS" starttime="20210109 12:58:59.432" endtime="20210109 12:58:59.622"></status>
</kw>
<kw name="Enter Address" library="RegistrationKeywords">
<arguments>
<arg>1122</arg>
</arguments>
<kw name="Input Text" library="SeleniumLibrary">
<doc>Types the given ``text`` into the text field identified by ``locator``.</doc>
<arguments>
<arg>${txt_add1}</arg>
<arg>${address}</arg>
</arguments>
<msg timestamp="20210109 12:58:59.623" level="INFO">Typing text '1122' into text field 'name:address1'.</msg>
<status status="PASS" starttime="20210109 12:58:59.623" endtime="20210109 12:58:59.718"></status>
</kw>
<status status="PASS" starttime="20210109 12:58:59.622" endtime="20210109 12:58:59.718"></status>
</kw>
<kw name="Enter City" library="RegistrationKeywords">
<arguments>
<arg>BC</arg>
</arguments>
<kw name="Input Text" library="SeleniumLibrary">
<doc>Types the given ``text`` into the text field identified by ``locator``.</doc>
<arguments>
<arg>${txt_city}</arg>
<arg>${city}</arg>
</arguments>
<msg timestamp="20210109 12:58:59.722" level="INFO">Typing text 'BC' into text field 'name:city'.</msg>
<status status="PASS" starttime="20210109 12:58:59.719" endtime="20210109 12:59:00.025"></status>
</kw>
<status status="PASS" starttime="20210109 12:58:59.719" endtime="20210109 12:59:00.025"></status>
</kw>
<kw name="Enter State" library="RegistrationKeywords">
<arguments>
<arg>CUBA</arg>
</arguments>
<kw name="Input Text" library="SeleniumLibrary">
<doc>Types the given ``text`` into the text field identified by ``locator``.</doc>
<arguments>
<arg>${txt_state}</arg>
<arg>${state}</arg>
</arguments>
<msg timestamp="20210109 12:59:00.026" level="INFO">Typing text 'CUBA' into text field 'name:state'.</msg>
<status status="PASS" starttime="20210109 12:59:00.026" endtime="20210109 12:59:00.139"></status>
</kw>
<status status="PASS" starttime="20210109 12:59:00.025" endtime="20210109 12:59:00.139"></status>
</kw>
<kw name="Enter Postal Code" library="RegistrationKeywords">
<arguments>
<arg>77777</arg>
</arguments>
<kw name="Input Text" library="SeleniumLibrary">
<doc>Types the given ``text`` into the text field identified by ``locator``.</doc>
<arguments>
<arg>${txt_postCode}</arg>
<arg>${postalCode}</arg>
</arguments>
<msg timestamp="20210109 12:59:00.140" level="INFO">Typing text '77777' into text field 'name:postalCode'.</msg>
<status status="PASS" starttime="20210109 12:59:00.140" endtime="20210109 12:59:00.226"></status>
</kw>
<status status="PASS" starttime="20210109 12:59:00.139" endtime="20210109 12:59:00.226"></status>
</kw>
<kw name="Select Country" library="RegistrationKeywords">
<arguments>
<arg>CUBA</arg>
</arguments>
<kw name="Select From List By Label" library="SeleniumLibrary">
<doc>Selects options from selection list ``locator`` by ``labels``.</doc>
<arguments>
<arg>${drp_country}</arg>
<arg>${country}</arg>
</arguments>
<msg timestamp="20210109 12:59:00.228" level="INFO">Selecting options from selection list 'name:country' by label CUBA.</msg>
<status status="PASS" starttime="20210109 12:59:00.227" endtime="20210109 12:59:00.293"></status>
</kw>
<status status="PASS" starttime="20210109 12:59:00.227" endtime="20210109 12:59:00.294"></status>
</kw>
<kw name="Enter UserName" library="RegistrationKeywords">
<arguments>
<arg>xyz</arg>
</arguments>
<kw name="Input Text" library="SeleniumLibrary">
<doc>Types the given ``text`` into the text field identified by ``locator``.</doc>
<arguments>
<arg>${txt_userName}</arg>
<arg>${username}</arg>
</arguments>
<msg timestamp="20210109 12:59:00.295" level="INFO">Typing text 'xyz' into text field 'name:email'.</msg>
<status status="PASS" starttime="20210109 12:59:00.295" endtime="20210109 12:59:00.466"></status>
</kw>
<status status="PASS" starttime="20210109 12:59:00.294" endtime="20210109 12:59:00.466"></status>
</kw>
<kw name="Enter Password" library="RegistrationKeywords">
<arguments>
<arg>password1</arg>
</arguments>
<kw name="Input Text" library="SeleniumLibrary">
<doc>Types the given ``text`` into the text field identified by ``locator``.</doc>
<arguments>
<arg>${txt_password}</arg>
<arg>${password}</arg>
</arguments>
<msg timestamp="20210109 12:59:00.467" level="INFO">Typing text 'password1' into text field 'name:password'.</msg>
<status status="PASS" starttime="20210109 12:59:00.467" endtime="20210109 12:59:00.593"></status>
</kw>
<status status="PASS" starttime="20210109 12:59:00.466" endtime="20210109 12:59:00.593"></status>
</kw>
<kw name="Enter Confirmed Password" library="RegistrationKeywords">
<arguments>
<arg>password1</arg>
</arguments>
<kw name="Input Text" library="SeleniumLibrary">
<doc>Types the given ``text`` into the text field identified by ``locator``.</doc>
<arguments>
<arg>${txt_confirmedPassword}</arg>
<arg>${confirmedPassword}</arg>
</arguments>
<msg timestamp="20210109 12:59:00.595" level="INFO">Typing text 'password1' into text field 'name:confirmPassword'.</msg>
<status status="PASS" starttime="20210109 12:59:00.594" endtime="20210109 12:59:00.992"></status>
</kw>
<status status="PASS" starttime="20210109 12:59:00.594" endtime="20210109 12:59:00.993"></status>
</kw>
<kw name="Click Submit Button" library="RegistrationKeywords">
<kw name="Click Button" library="SeleniumLibrary">
<doc>Clicks the button identified by ``locator``.</doc>
<arguments>
<arg>${btn_submit}</arg>
</arguments>
<msg timestamp="20210109 12:59:00.994" level="INFO">Clicking button 'xpath://input[@name='submit']'.</msg>
<status status="PASS" starttime="20210109 12:59:00.993" endtime="20210109 12:59:02.789"></status>
</kw>
<status status="PASS" starttime="20210109 12:59:00.993" endtime="20210109 12:59:02.789"></status>
</kw>
<kw name="Verify Successful Registration" library="RegistrationKeywords">
<kw name="Page Should Contain" library="SeleniumLibrary">
<doc>Verifies that current page contains ``text``.</doc>
<arguments>
<arg>Thank you for registering.</arg>
</arguments>
<msg timestamp="20210109 12:59:02.871" level="INFO">Current page contains text 'Thank you for registering.'.</msg>
<status status="PASS" starttime="20210109 12:59:02.790" endtime="20210109 12:59:02.871"></status>
</kw>
<status status="PASS" starttime="20210109 12:59:02.789" endtime="20210109 12:59:02.871"></status>
</kw>
<kw name="Close My Browsers" library="RegistrationKeywords">
<kw name="Close All Browsers" library="SeleniumLibrary">
<doc>Closes all open browsers and resets the browser cache.</doc>
<status status="PASS" starttime="20210109 12:59:02.872" endtime="20210109 12:59:02.998"></status>
</kw>
<status status="PASS" starttime="20210109 12:59:02.871" endtime="20210109 12:59:02.998"></status>
</kw>
<status status="PASS" starttime="20210109 12:58:45.474" endtime="20210109 12:59:02.999" critical="yes"></status>
</test>
<status status="PASS" starttime="20210109 12:58:45.127" endtime="20210109 12:59:03.000"></status>
</suite>
<doc>[https://pabot.org/?ref=log|Pabot] result from 2 executions.</doc>
<status status="PASS" starttime="20210109 12:58:45.098" endtime="20210109 12:59:03.385"></status>
</suite>
<statistics>
<total>
<stat pass="2" fail="0">Critical Tests</stat>
<stat pass="2" fail="0">All Tests</stat>
</total>
<tag>
</tag>
<suite>
<stat pass="2" fail="0" id="s1" name="Suites">Suites</stat>
<stat pass="1" fail="0" id="s1-s1" name="LoginTest">Suites.LoginTest</stat>
<stat pass="1" fail="0" id="s1-s2" name="RegisterationTest">Suites.RegisterationTest</stat>
</suite>
</statistics>
<errors>
</errors>
</robot>
