<?xml version="1.0" encoding="UTF-8"?>
<robot generator="Robot 3.2.2 (Python 3.8.5 on darwin)" generated="20210126 18:03:21.146" rpa="false">
<suite id="s1" name="TestSuite2" source="/Users/anrisawada/20projects/automation-robot/Simple_Test/TestSuite2.robot">
<kw name="Log To Console" library="BuiltIn" type="setup">
<doc>Logs the given message to the console.</doc>
<arguments>
<arg>Test Suite Started</arg>
</arguments>
<status status="PASS" starttime="20210126 18:03:21.522" endtime="20210126 18:03:21.523"></status>
</kw>
<test id="s1-t1" name="Test Case 1">
<kw name="Open Browser" library="SeleniumLibrary">
<doc>Opens a new browser instance to the optional ``url``.</doc>
<arguments>
<arg>https://www.google.com/</arg>
<arg>chrome</arg>
</arguments>
<msg timestamp="20210126 18:03:21.524" level="INFO">Opening browser 'chrome' to base url 'https://www.google.com/'.</msg>
<status status="PASS" starttime="20210126 18:03:21.524" endtime="20210126 18:03:30.847"></status>
</kw>
<status status="PASS" starttime="20210126 18:03:21.523" endtime="20210126 18:03:30.848" critical="yes"></status>
</test>
<kw name="Log To Console" library="BuiltIn" type="teardown">
<doc>Logs the given message to the console.</doc>
<arguments>
<arg>Test Suite End</arg>
</arguments>
<status status="PASS" starttime="20210126 18:03:30.850" endtime="20210126 18:03:30.850"></status>
</kw>
<status status="PASS" starttime="20210126 18:03:21.147" endtime="20210126 18:03:30.850"></status>
</suite>
<statistics>
<total>
<stat pass="1" fail="0">Critical Tests</stat>
<stat pass="1" fail="0">All Tests</stat>
</total>
<tag>
</tag>
<suite>
<stat pass="1" fail="0" id="s1" name="TestSuite2">TestSuite2</stat>
</suite>
</statistics>
<errors>
<msg timestamp="20210126 18:03:21.521" level="ERROR">Error in file '/Users/anrisawada/20projects/automation-robot/Simple_Test/TestSuite2.robot' on line 3: Error in file '/Users/anrisawada/20projects/automation-robot/Simple_Test/Test1.robot' on line 9: Resource file with 'Test Case' section is invalid.</msg>
</errors>
</robot>
