<?xml version="1.0" encoding="UTF-8"?>
<robot generator="Robot 3.2.2 (Python 3.8.5 on darwin)" generated="20210202 18:03:58.625" rpa="false">
<suite id="s1" name="TestCase3" source="/Users/anrisawada/20projects/automation-robot/Simple_Test/TestCase3.robot">
<test id="s1-t1" name="Test4">
<kw name="Log To Console" library="BuiltIn">
<doc>Logs the given message to the console.</doc>
<arguments>
<arg>Test Started</arg>
</arguments>
<status status="PASS" starttime="20210202 18:03:58.793" endtime="20210202 18:03:58.794"></status>
</kw>
<kw name="Open Browser" library="SeleniumLibrary">
<doc>Opens a new browser instance to the optional ``url``.</doc>
<arguments>
<arg>https://www.google.com</arg>
<arg>chrome</arg>
</arguments>
<msg timestamp="20210202 18:03:58.794" level="INFO">Opening browser 'chrome' to base url 'https://www.google.com'.</msg>
<status status="PASS" starttime="20210202 18:03:58.794" endtime="20210202 18:04:03.519"></status>
</kw>
<kw name="Close All Browsers" library="SeleniumLibrary">
<doc>Closes all open browsers and resets the browser cache.</doc>
<status status="PASS" starttime="20210202 18:04:03.520" endtime="20210202 18:04:03.602"></status>
</kw>
<kw name="Log To Console" library="BuiltIn">
<doc>Logs the given message to the console.</doc>
<arguments>
<arg>Test4 completed</arg>
</arguments>
<status status="PASS" starttime="20210202 18:04:03.603" endtime="20210202 18:04:03.603"></status>
</kw>
<kw name="Set Tags" library="BuiltIn">
<doc>Adds given ``tags`` for the current test or all tests in a suite.</doc>
<arguments>
<arg>SmokeTest</arg>
</arguments>
<msg timestamp="20210202 18:04:03.604" level="INFO">Set tag 'SmokeTest'.</msg>
<status status="PASS" starttime="20210202 18:04:03.603" endtime="20210202 18:04:03.604"></status>
</kw>
<kw name="Remove Tags" library="BuiltIn">
<doc>Removes given ``tags`` from the current test or all tests in a suite.</doc>
<arguments>
<arg>SmokeTest</arg>
</arguments>
<msg timestamp="20210202 18:04:03.605" level="INFO">Removed tag 'SmokeTest'.</msg>
<status status="PASS" starttime="20210202 18:04:03.604" endtime="20210202 18:04:03.605"></status>
</kw>
<tags>
<tag>sanity</tag>
<tag>Test4</tag>
</tags>
<status status="PASS" starttime="20210202 18:03:58.792" endtime="20210202 18:04:03.605" critical="yes"></status>
</test>
<status status="PASS" starttime="20210202 18:03:58.628" endtime="20210202 18:04:03.606"></status>
</suite>
<statistics>
<total>
<stat pass="1" fail="0">Critical Tests</stat>
<stat pass="1" fail="0">All Tests</stat>
</total>
<tag>
<stat pass="1" fail="0">sanity</stat>
<stat pass="1" fail="0">Test4</stat>
</tag>
<suite>
<stat pass="1" fail="0" id="s1" name="TestCase3">TestCase3</stat>
</suite>
</statistics>
<errors>
</errors>
</robot>
